<?xml version="1.0" encoding="UTF-8"?>
<!-- Generated by org.testng.reporters.JUnitXMLReporter -->
<testsuite ignored="8" hostname="LAPTOP-78A3MHKK" failures="0" tests="8" name="ValidTest" time="30.077" errors="0" timestamp="2025-01-22T15:35:01 GMT">
  <testcase classname="testclassnew.logInTest" name="validatelogIn" time="0.499"/>
  <testcase classname="testclassnew.logInTest" name="validatelogIn" time="0.299"/>
  <testcase classname="testclassnew.logInTest" name="validatelogIn" time="0.929"/>
  <testcase classname="testclassnew.logInTest" name="validatelogIn" time="12.958"/>
  <testcase classname="testclassnew.searchHotelOneValidInputTest" name="validateOneValidInput" time="2.243"/>
  <testcase classname="testclassnew.selectHotelTest" name="validateSelectHotelPageFields" time="1.602"/>
  <testcase classname="testclassnew.BookAHotelValidDataTest" name="enterValidData" time="0.966"/>
  <testcase classname="testclassnew.BookHotelConfirmationLastNameDisplayCheckTest" name="validateLastName" time="0.125"/>
  <testcase classname="base.ProjectSpecificMethod" name="@BeforeTest launchBrowser" time="0.0">
    <ignored/>
  </testcase> <!-- @BeforeTest launchBrowser -->
  <testcase classname="base.ProjectSpecificMethod" name="@BeforeTest launchBrowser" time="0.0">
    <ignored/>
  </testcase> <!-- @BeforeTest launchBrowser -->
  <testcase classname="base.ProjectSpecificMethod" name="@BeforeTest launchBrowser" time="0.0">
    <ignored/>
  </testcase> <!-- @BeforeTest launchBrowser -->
  <testcase classname="base.ProjectSpecificMethod" name="@BeforeTest launchBrowser" time="0.0">
    <ignored/>
  </testcase> <!-- @BeforeTest launchBrowser -->
  <testcase classname="base.ProjectSpecificMethod" name="@AfterTest closeBrowser" time="0.0">
    <ignored/>
  </testcase> <!-- @AfterTest closeBrowser -->
  <testcase classname="base.ProjectSpecificMethod" name="@AfterTest closeBrowser" time="0.0">
    <ignored/>
  </testcase> <!-- @AfterTest closeBrowser -->
  <testcase classname="base.ProjectSpecificMethod" name="@AfterTest closeBrowser" time="0.0">
    <ignored/>
  </testcase> <!-- @AfterTest closeBrowser -->
  <testcase classname="base.ProjectSpecificMethod" name="@AfterTest closeBrowser" time="0.0">
    <ignored/>
  </testcase> <!-- @AfterTest closeBrowser -->
</testsuite> <!-- ValidTest -->
