<?xml version="1.0" encoding="UTF-8"?>
<!-- Generated by org.testng.reporters.JUnitXMLReporter -->
<testsuite ignored="4" hostname="LAPTOP-78A3MHKK" failures="0" tests="6" name="NoOfDaysisMore" time="26.945" errors="0" timestamp="2025-01-21T22:45:37 GMT">
  <testcase classname="testclassnew.logInTest" name="validatelogIn" time="0.492"/>
  <testcase classname="testclassnew.logInTest" name="validatelogIn" time="0.349"/>
  <testcase classname="testclassnew.logInTest" name="validatelogIn" time="0.814"/>
  <testcase classname="testclassnew.logInTest" name="validatelogIn" time="11.467"/>
  <testcase classname="testclassnew.searchHotelMoreDaysTest" name="validateOneValidInput" time="2.363"/>
  <testcase classname="testclassnew.selectHotelMoreRoomsTest" name="MoreDaysTotalPriceofRoom" time="0.157"/>
  <testcase classname="base.ProjectSpecificMethod" name="@BeforeTest launchBrowser" time="0.0">
    <ignored/>
  </testcase> <!-- @BeforeTest launchBrowser -->
  <testcase classname="base.ProjectSpecificMethod" name="@BeforeTest launchBrowser" time="0.0">
    <ignored/>
  </testcase> <!-- @BeforeTest launchBrowser -->
  <testcase classname="base.ProjectSpecificMethod" name="@AfterTest closeBrowser" time="0.0">
    <ignored/>
  </testcase> <!-- @AfterTest closeBrowser -->
  <testcase classname="base.ProjectSpecificMethod" name="@AfterTest closeBrowser" time="0.0">
    <ignored/>
  </testcase> <!-- @AfterTest closeBrowser -->
</testsuite> <!-- NoOfDaysisMore -->
