<?xml version="1.0" encoding="UTF-8"?>
<!-- Generated by org.testng.reporters.JUnitXMLReporter -->
<testsuite ignored="6" hostname="LAPTOP-78A3MHKK" failures="0" tests="15" name="BookAHotelErrorMessages" time="40.409" errors="0" timestamp="2025-01-23T22:53:54 GMT">
  <testcase classname="testclassnew.logInTest" name="validatelogIn" time="0.481"/>
  <testcase classname="testclassnew.logInTest" name="validatelogIn" time="0.426"/>
  <testcase classname="testclassnew.logInTest" name="validatelogIn" time="0.855"/>
  <testcase classname="testclassnew.logInTest" name="validatelogIn" time="11.486"/>
  <testcase classname="testclassnew.searchHotelOneValidInputTest" name="validateOneValidInput" time="2.139"/>
  <testcase classname="testclassnew.selectHotelTest" name="validateSelectHotelPageFields" time="1.833"/>
  <testcase classname="testclassnew.BookAHotelErrorMessages" name="enterFNDetailsErrorMessages" time="1.935"/>
  <testcase classname="testclassnew.BookAHotelErrorMessages" name="enterFNDetailsErrorMessages" time="1.328"/>
  <testcase classname="testclassnew.BookAHotelErrorMessages" name="enterFNDetailsErrorMessages" time="1.387"/>
  <testcase classname="testclassnew.BookAHotelErrorMessages" name="enterFNDetailsErrorMessages" time="1.776"/>
  <testcase classname="testclassnew.BookAHotelErrorMessages" name="enterFNDetailsErrorMessages" time="1.633"/>
  <testcase classname="testclassnew.BookAHotelErrorMessages" name="enterFNDetailsErrorMessages" time="1.656"/>
  <testcase classname="testclassnew.BookAHotelErrorMessages" name="enterFNDetailsErrorMessages" time="1.75"/>
  <testcase classname="testclassnew.BookAHotelErrorMessages" name="enterFNDetailsErrorMessages" time="1.59"/>
  <testcase classname="testclassnew.BookAHotelErrorMessages" name="enterFNDetailsErrorMessages" time="1.777"/>
  <testcase classname="base.ProjectSpecificMethod" name="@BeforeTest launchBrowser" time="0.0">
    <ignored/>
  </testcase> <!-- @BeforeTest launchBrowser -->
  <testcase classname="base.ProjectSpecificMethod" name="@BeforeTest launchBrowser" time="0.0">
    <ignored/>
  </testcase> <!-- @BeforeTest launchBrowser -->
  <testcase classname="base.ProjectSpecificMethod" name="@BeforeTest launchBrowser" time="0.0">
    <ignored/>
  </testcase> <!-- @BeforeTest launchBrowser -->
  <testcase classname="base.ProjectSpecificMethod" name="@AfterTest closeBrowser" time="0.0">
    <ignored/>
  </testcase> <!-- @AfterTest closeBrowser -->
  <testcase classname="base.ProjectSpecificMethod" name="@AfterTest closeBrowser" time="0.0">
    <ignored/>
  </testcase> <!-- @AfterTest closeBrowser -->
  <testcase classname="base.ProjectSpecificMethod" name="@AfterTest closeBrowser" time="0.0">
    <ignored/>
  </testcase> <!-- @AfterTest closeBrowser -->
</testsuite> <!-- BookAHotelErrorMessages -->
