<?xml version="1.0" encoding="UTF-8"?>
<!-- Generated by org.testng.reporters.JUnitXMLReporter -->
<testsuite ignored="8" hostname="LAPTOP-78A3MHKK" failures="1" tests="9" name="BookConfirmationLastNameandRoomType" time="38.374" errors="0" timestamp="2025-01-23T22:53:13 GMT">
  <testcase classname="testclassnew.logInTest" name="validatelogIn" time="0.504"/>
  <testcase classname="testclassnew.logInTest" name="validatelogIn" time="0.419"/>
  <testcase classname="testclassnew.logInTest" name="validatelogIn" time="0.904"/>
  <testcase classname="testclassnew.logInTest" name="validatelogIn" time="11.518"/>
  <testcase classname="testclassnew.searchHotelOneValidInputTest" name="validateOneValidInput" time="3.184"/>
  <testcase classname="testclassnew.selectHotelTest" name="validateSelectHotelPageFields" time="2.464"/>
  <testcase classname="testclassnew.BookAHotelValidDataTest" name="enterValidData" time="1.997"/>
  <testcase classname="testclassnew.BookHotelConfirmationLastNameDisplayCheckTest" name="validateLastName" time="0.097"/>
  <testcase classname="testclassnew.BookHotelConfirmationLastNameDisplayCheckTest" name="validateRoomType" time="5.615">
    <failure type="junit.framework.ComparisonFailure" message="expected:&amp;lt;null&amp;gt; but was:&amp;lt;Deluxe&amp;gt;">
      <![CDATA[junit.framework.ComparisonFailure: expected:<null> but was:<Deluxe>
at junit.framework.Assert.assertEquals(Assert.java:81)
at junit.framework.Assert.assertEquals(Assert.java:87)
at testclassnew.BookHotelConfirmationLastNameDisplayCheckTest.validateRoomType(BookHotelConfirmationLastNameDisplayCheckTest.java:34)
at java.base/java.util.ArrayList.forEach(ArrayList.java:1597)
... Removed 25 stack frames]]>
    </failure>
  </testcase> <!-- validateRoomType -->
  <testcase classname="base.ProjectSpecificMethod" name="@BeforeTest launchBrowser" time="0.0">
    <ignored/>
  </testcase> <!-- @BeforeTest launchBrowser -->
  <testcase classname="base.ProjectSpecificMethod" name="@BeforeTest launchBrowser" time="0.0">
    <ignored/>
  </testcase> <!-- @BeforeTest launchBrowser -->
  <testcase classname="base.ProjectSpecificMethod" name="@BeforeTest launchBrowser" time="0.0">
    <ignored/>
  </testcase> <!-- @BeforeTest launchBrowser -->
  <testcase classname="base.ProjectSpecificMethod" name="@BeforeTest launchBrowser" time="0.0">
    <ignored/>
  </testcase> <!-- @BeforeTest launchBrowser -->
  <testcase classname="base.ProjectSpecificMethod" name="@AfterTest closeBrowser" time="0.0">
    <ignored/>
  </testcase> <!-- @AfterTest closeBrowser -->
  <testcase classname="base.ProjectSpecificMethod" name="@AfterTest closeBrowser" time="0.0">
    <ignored/>
  </testcase> <!-- @AfterTest closeBrowser -->
  <testcase classname="base.ProjectSpecificMethod" name="@AfterTest closeBrowser" time="0.0">
    <ignored/>
  </testcase> <!-- @AfterTest closeBrowser -->
  <testcase classname="base.ProjectSpecificMethod" name="@AfterTest closeBrowser" time="0.0">
    <ignored/>
  </testcase> <!-- @AfterTest closeBrowser -->
</testsuite> <!-- BookConfirmationLastNameandRoomType -->
