<?xml version="1.0" encoding="UTF-8"?>
<!-- Generated by org.testng.reporters.JUnitXMLReporter -->
<testsuite ignored="4" hostname="LAPTOP-78A3MHKK" failures="1" tests="6" name="MoreNoofRoomsPriceValidation" time="25.498" errors="0" timestamp="2025-01-23T22:48:38 GMT">
  <testcase classname="testclassnew.logInTest" name="validatelogIn" time="0.7"/>
  <testcase classname="testclassnew.logInTest" name="validatelogIn" time="0.47"/>
  <testcase classname="testclassnew.logInTest" name="validatelogIn" time="0.833"/>
  <testcase classname="testclassnew.logInTest" name="validatelogIn" time="11.405"/>
  <testcase classname="testclassnew.searchHotelMoreRoomsPriceTest" name="MoreRoomsInput" time="2.577"/>
  <testcase classname="testclassnew.selectHotelMoreRoomsPriceTest" name="MoreDaysTotalPriceofRoom" time="0.486">
    <failure type="junit.framework.AssertionFailedError" message="expected:&amp;lt;535.0&amp;gt; but was:&amp;lt;185.0&amp;gt;">
      <![CDATA[junit.framework.AssertionFailedError: expected:<535.0> but was:<185.0>
at junit.framework.Assert.fail(Assert.java:47)
at junit.framework.Assert.failNotEquals(Assert.java:282)
at junit.framework.Assert.assertEquals(Assert.java:64)
at junit.framework.Assert.assertEquals(Assert.java:71)
at testclassnew.selectHotelMoreRoomsPriceTest.MoreDaysTotalPriceofRoom(selectHotelMoreRoomsPriceTest.java:33)
at java.base/java.util.ArrayList.forEach(ArrayList.java:1597)
... Removed 25 stack frames]]>
    </failure>
  </testcase> <!-- MoreDaysTotalPriceofRoom -->
  <testcase classname="base.ProjectSpecificMethod" name="@BeforeTest launchBrowser" time="0.0">
    <ignored/>
  </testcase> <!-- @BeforeTest launchBrowser -->
  <testcase classname="base.ProjectSpecificMethod" name="@BeforeTest launchBrowser" time="0.0">
    <ignored/>
  </testcase> <!-- @BeforeTest launchBrowser -->
  <testcase classname="base.ProjectSpecificMethod" name="@AfterTest closeBrowser" time="0.0">
    <ignored/>
  </testcase> <!-- @AfterTest closeBrowser -->
  <testcase classname="base.ProjectSpecificMethod" name="@AfterTest closeBrowser" time="0.0">
    <ignored/>
  </testcase> <!-- @AfterTest closeBrowser -->
</testsuite> <!-- MoreNoofRoomsPriceValidation -->
