<?xml version="1.0" encoding="UTF-8"?>
<!-- Generated by org.testng.reporters.JUnitXMLReporter -->
<testsuite ignored="4" hostname="LAPTOP-78A3MHKK" failures="0" tests="6" name="MoreNoofDaysPriceValidation" time="27.181" errors="0" timestamp="2025-01-23T22:48:13 GMT">
  <testcase classname="testclassnew.logInTest" name="validatelogIn" time="0.657"/>
  <testcase classname="testclassnew.logInTest" name="validatelogIn" time="0.508"/>
  <testcase classname="testclassnew.logInTest" name="validatelogIn" time="0.85"/>
  <testcase classname="testclassnew.logInTest" name="validatelogIn" time="11.313"/>
  <testcase classname="testclassnew.searchHotelMoreDaysTest" name="validateOneValidInput" time="2.268"/>
  <testcase classname="testclassnew.selectHotelMoreDaysPriceTest" name="MoreDaysTotalPriceofRoom" time="0.711"/>
  <testcase classname="base.ProjectSpecificMethod" name="@BeforeTest launchBrowser" time="0.0">
    <ignored/>
  </testcase> <!-- @BeforeTest launchBrowser -->
  <testcase classname="base.ProjectSpecificMethod" name="@BeforeTest launchBrowser" time="0.0">
    <ignored/>
  </testcase> <!-- @BeforeTest launchBrowser -->
  <testcase classname="base.ProjectSpecificMethod" name="@AfterTest closeBrowser" time="0.0">
    <ignored/>
  </testcase> <!-- @AfterTest closeBrowser -->
  <testcase classname="base.ProjectSpecificMethod" name="@AfterTest closeBrowser" time="0.0">
    <ignored/>
  </testcase> <!-- @AfterTest closeBrowser -->
</testsuite> <!-- MoreNoofDaysPriceValidation -->
