<?xml version="1.0" encoding="UTF-8"?>
<!-- Generated by org.testng.reporters.JUnitXMLReporter -->
<testsuite ignored="2" hostname="LAPTOP-78A3MHKK" failures="0" tests="27" name="SearchHotelErrorsandalldataValidation" time="122.429" errors="0" timestamp="2025-01-23T22:50:41 GMT">
  <testcase classname="testclassnew.logInTest" name="validatelogIn" time="0.654"/>
  <testcase classname="testclassnew.logInTest" name="validatelogIn" time="0.493"/>
  <testcase classname="testclassnew.logInTest" name="validatelogIn" time="0.903"/>
  <testcase classname="testclassnew.logInTest" name="validatelogIn" time="11.543"/>
  <testcase classname="testclassnew.searchHotelTest" name="validateSearchHotelElements" time="0.724"/>
  <testcase classname="testclassnew.searchHotelTest" name="validateSearchHotelElementsErorMessages" time="0.839"/>
  <testcase classname="testclassnew.searchHotelTest" name="validateSearchHotelElementsErorMessages" time="0.778"/>
  <testcase classname="testclassnew.searchHotelTest" name="validateSearchHotelElementsErorMessages" time="0.965"/>
  <testcase classname="testclassnew.searchHotelTest" name="validateSearchHotelElementsErorMessages" time="0.936"/>
  <testcase classname="testclassnew.searchHotelTest" name="validateSearchHotelElementsErorMessages" time="1.019"/>
  <testcase classname="testclassnew.searchHotelTest" name="validateSearchHotelPage" time="5.095"/>
  <testcase classname="testclassnew.searchHotelTest" name="validateSearchHotelPage" time="4.871"/>
  <testcase classname="testclassnew.searchHotelTest" name="validateSearchHotelPage" time="5.014"/>
  <testcase classname="testclassnew.searchHotelTest" name="validateSearchHotelPage" time="4.976"/>
  <testcase classname="testclassnew.searchHotelTest" name="validateSearchHotelPage" time="5.773"/>
  <testcase classname="testclassnew.searchHotelTest" name="validateSearchHotelPage" time="5.149"/>
  <testcase classname="testclassnew.searchHotelTest" name="validateSearchHotelPage" time="5.339"/>
  <testcase classname="testclassnew.searchHotelTest" name="validateSearchHotelPage" time="5.789"/>
  <testcase classname="testclassnew.searchHotelTest" name="validateSearchHotelPage" time="5.734"/>
  <testcase classname="testclassnew.searchHotelTest" name="validateSearchHotelPage" time="5.87"/>
  <testcase classname="testclassnew.searchHotelTest" name="validateSearchHotelPage" time="5.718"/>
  <testcase classname="testclassnew.searchHotelTest" name="validateSearchHotelPage" time="5.864"/>
  <testcase classname="testclassnew.searchHotelTest" name="validateSearchHotelPage" time="6.01"/>
  <testcase classname="testclassnew.searchHotelTest" name="validateSearchHotelPage" time="6.142"/>
  <testcase classname="testclassnew.searchHotelTest" name="validateSearchHotelPage" time="6.146"/>
  <testcase classname="testclassnew.searchHotelTest" name="validateSearchHotelPage" time="6.142"/>
  <testcase classname="testclassnew.searchHotelTest" name="validateSearchHotelPage" time="5.935"/>
  <testcase classname="base.ProjectSpecificMethod" name="@BeforeTest launchBrowser" time="0.0">
    <ignored/>
  </testcase> <!-- @BeforeTest launchBrowser -->
  <testcase classname="base.ProjectSpecificMethod" name="@AfterTest closeBrowser" time="0.0">
    <ignored/>
  </testcase> <!-- @AfterTest closeBrowser -->
</testsuite> <!-- SearchHotelErrorsandalldataValidation -->
