<?xml version="1.0" encoding="UTF-8"?>
<!-- Generated by org.testng.reporters.JUnitXMLReporter -->
<testsuite ignored="6" hostname="LAPTOP-78A3MHKK" failures="0" tests="15" name="Test" time="39.647" errors="0" timestamp="2025-01-23T14:12:06 GMT">
  <testcase classname="testclassnew.logInTest" name="validatelogIn" time="0.489"/>
  <testcase classname="testclassnew.logInTest" name="validatelogIn" time="0.324"/>
  <testcase classname="testclassnew.logInTest" name="validatelogIn" time="0.767"/>
  <testcase classname="testclassnew.logInTest" name="validatelogIn" time="11.317"/>
  <testcase classname="testclassnew.searchHotelOneValidInputTest" name="validateOneValidInput" time="2.459"/>
  <testcase classname="testclassnew.selectHotelTest" name="validateSelectHotelPageFields" time="2.161"/>
  <testcase classname="testclassnew.BookAHotelErrorMessages" name="enterFNDetailsErrorMessages" time="1.476"/>
  <testcase classname="testclassnew.BookAHotelErrorMessages" name="enterFNDetailsErrorMessages" time="1.239"/>
  <testcase classname="testclassnew.BookAHotelErrorMessages" name="enterFNDetailsErrorMessages" time="1.294"/>
  <testcase classname="testclassnew.BookAHotelErrorMessages" name="enterFNDetailsErrorMessages" time="1.492"/>
  <testcase classname="testclassnew.BookAHotelErrorMessages" name="enterFNDetailsErrorMessages" time="1.44"/>
  <testcase classname="testclassnew.BookAHotelErrorMessages" name="enterFNDetailsErrorMessages" time="1.386"/>
  <testcase classname="testclassnew.BookAHotelErrorMessages" name="enterFNDetailsErrorMessages" time="1.561"/>
  <testcase classname="testclassnew.BookAHotelErrorMessages" name="enterFNDetailsErrorMessages" time="1.502"/>
  <testcase classname="testclassnew.BookAHotelErrorMessages" name="enterFNDetailsErrorMessages" time="1.605"/>
  <testcase classname="base.ProjectSpecificMethod" name="@BeforeTest launchBrowser" time="0.0">
    <ignored/>
  </testcase> <!-- @BeforeTest launchBrowser -->
  <testcase classname="base.ProjectSpecificMethod" name="@BeforeTest launchBrowser" time="0.0">
    <ignored/>
  </testcase> <!-- @BeforeTest launchBrowser -->
  <testcase classname="base.ProjectSpecificMethod" name="@BeforeTest launchBrowser" time="0.0">
    <ignored/>
  </testcase> <!-- @BeforeTest launchBrowser -->
  <testcase classname="base.ProjectSpecificMethod" name="@AfterTest closeBrowser" time="0.0">
    <ignored/>
  </testcase> <!-- @AfterTest closeBrowser -->
  <testcase classname="base.ProjectSpecificMethod" name="@AfterTest closeBrowser" time="0.0">
    <ignored/>
  </testcase> <!-- @AfterTest closeBrowser -->
  <testcase classname="base.ProjectSpecificMethod" name="@AfterTest closeBrowser" time="0.0">
    <ignored/>
  </testcase> <!-- @AfterTest closeBrowser -->
</testsuite> <!-- Test -->
