<?xml version="1.0" encoding="UTF-8"?>
<!-- Generated by org.testng.reporters.JUnitXMLReporter -->
<testsuite ignored="8" hostname="LAPTOP-78A3MHKK" failures="0" tests="9" name="ValidEndtoEndFlow" time="37.229" errors="0" timestamp="2025-01-23T22:54:31 GMT">
  <testcase classname="testclassnew.logInTest" name="validatelogIn" time="0.651"/>
  <testcase classname="testclassnew.logInTest" name="validatelogIn" time="0.438"/>
  <testcase classname="testclassnew.logInTest" name="validatelogIn" time="0.741"/>
  <testcase classname="testclassnew.logInTest" name="validatelogIn" time="11.416"/>
  <testcase classname="testclassnew.searchHotelOneValidInputTest" name="validateOneValidInput" time="2.103"/>
  <testcase classname="testclassnew.selectHotelTest" name="validateSelectHotelPageFields" time="1.727"/>
  <testcase classname="testclassnew.BookAHotelValidDataTest" name="enterValidData" time="1.641"/>
  <testcase classname="testclassnew.BookAHotelConfirmationTest" name="validateBookAHotelConfimationPage" time="0.08"/>
  <testcase classname="testclassnew.BookAHotelConfirmationTest" name="validateallFiledsandValues" time="5.416"/>
  <testcase classname="base.ProjectSpecificMethod" name="@BeforeTest launchBrowser" time="0.0">
    <ignored/>
  </testcase> <!-- @BeforeTest launchBrowser -->
  <testcase classname="base.ProjectSpecificMethod" name="@BeforeTest launchBrowser" time="0.0">
    <ignored/>
  </testcase> <!-- @BeforeTest launchBrowser -->
  <testcase classname="base.ProjectSpecificMethod" name="@BeforeTest launchBrowser" time="0.0">
    <ignored/>
  </testcase> <!-- @BeforeTest launchBrowser -->
  <testcase classname="base.ProjectSpecificMethod" name="@BeforeTest launchBrowser" time="0.0">
    <ignored/>
  </testcase> <!-- @BeforeTest launchBrowser -->
  <testcase classname="base.ProjectSpecificMethod" name="@AfterTest closeBrowser" time="0.0">
    <ignored/>
  </testcase> <!-- @AfterTest closeBrowser -->
  <testcase classname="base.ProjectSpecificMethod" name="@AfterTest closeBrowser" time="0.0">
    <ignored/>
  </testcase> <!-- @AfterTest closeBrowser -->
  <testcase classname="base.ProjectSpecificMethod" name="@AfterTest closeBrowser" time="0.0">
    <ignored/>
  </testcase> <!-- @AfterTest closeBrowser -->
  <testcase classname="base.ProjectSpecificMethod" name="@AfterTest closeBrowser" time="0.0">
    <ignored/>
  </testcase> <!-- @AfterTest closeBrowser -->
</testsuite> <!-- ValidEndtoEndFlow -->
