<!DOCTYPE html PUBLIC "-//W3C//DTD XHTML 1.1//EN" "https://www.w3.org/TR/xhtml11/DTD/xhtml11.dtd">
<html xmlns="https://www.w3.org/1999/xhtml">
<head>
<meta http-equiv="content-type" content="text/html; charset=UTF-8"/>
<title>TestNG Report</title>
<style type="text/css">table {margin-bottom:10px;border-collapse:collapse;empty-cells:show}th,td {border:1px solid #009;padding:.25em .5em}th {vertical-align:bottom}td {vertical-align:top}table a {font-weight:bold}.stripe td {background-color: #E6EBF9}.num {text-align:right}.passedodd td {background-color: #3F3}.passedeven td {background-color: #0A0}.skippedodd td {background-color: #DDD}.skippedeven td {background-color: #CCC}.failedodd td,.attn {background-color: #F33}.failedeven td,.stripe .attn {background-color: #D00}.stacktrace {white-space:pre;font-family:monospace}.totop {font-size:85%;text-align:center;border-bottom:2px solid #000}.invisible {display:none}</style>
</head>
<body>
<table>
<tr><th>Test</th><th># Passed</th><th># Skipped</th><th># Retried</th><th># Failed</th><th>Time (ms)</th><th>Included Groups</th><th>Excluded Groups</th></tr>
<tr><th colspan="8">Suite</th></tr>
<tr><td><a href="#t0">CheckInCheckOutPastDates</a></td><td class="num">4</td><td class="num">0</td><td class="num">0</td><td class="num attn">1</td><td class="num">42,789</td><td></td><td></td></tr>
<tr class="stripe"><td><a href="#t1">MoreNoofDaysPriceValidation</a></td><td class="num">6</td><td class="num">0</td><td class="num">0</td><td class="num">0</td><td class="num">27,181</td><td></td><td></td></tr>
<tr><td><a href="#t2">MoreNoofRoomsPriceValidation</a></td><td class="num">5</td><td class="num">0</td><td class="num">0</td><td class="num attn">1</td><td class="num">25,498</td><td></td><td></td></tr>
<tr class="stripe"><td><a href="#t3">SearchHotelErrorsandalldataValidation</a></td><td class="num">27</td><td class="num">0</td><td class="num">0</td><td class="num">0</td><td class="num">122,429</td><td></td><td></td></tr>
<tr><td><a href="#t4">ValidateBookAHotelPageFieldsandErrors</a></td><td class="num">8</td><td class="num">0</td><td class="num">0</td><td class="num attn">1</td><td class="num">53,991</td><td></td><td></td></tr>
<tr class="stripe"><td><a href="#t5">ValidateBookAHotelInvalidCCExpYear</a></td><td class="num">6</td><td class="num">0</td><td class="num">0</td><td class="num attn">1</td><td class="num">60,343</td><td></td><td></td></tr>
<tr><td><a href="#t6">BookConfirmationLastNameandRoomType</a></td><td class="num">8</td><td class="num">0</td><td class="num">0</td><td class="num attn">1</td><td class="num">38,374</td><td></td><td></td></tr>
<tr class="stripe"><td><a href="#t7">BookAHotelErrorMessages</a></td><td class="num">15</td><td class="num">0</td><td class="num">0</td><td class="num">0</td><td class="num">40,409</td><td></td><td></td></tr>
<tr><td><a href="#t8">ValidEndtoEndFlow</a></td><td class="num">9</td><td class="num">0</td><td class="num">0</td><td class="num">0</td><td class="num">37,229</td><td></td><td></td></tr>
<tr><th>Total</th><th class="num">88</th><th class="num">0</th><th class="num">0</th><th class="num attn">5</th><th class="num">448,243</th><th colspan="2"></th></tr>
</table>
<table id='summary'><thead><tr><th>Class</th><th>Method</th><th>Start</th><th>Time (ms)</th></tr></thead><tbody><tr><th colspan="4">Suite</th></tr></tbody><tbody id="t0"><tr><th colspan="4">CheckInCheckOutPastDates &#8212; failed</th></tr><tr class="failedeven"><td rowspan="1">testclassnew.searchHotelPastCheckInCheckOutTest</td><td><a href="#m0">validatePastDatesErrorMessages</a></td><td rowspan="1">1737672452930</td><td rowspan="1">12670</td></tr><tr><th colspan="4">CheckInCheckOutPastDates &#8212; passed</th></tr><tr class="passedeven"><td rowspan="4">testclassnew.logInTest</td><td><a href="#m1">validatelogIn</a></td><td rowspan="4">1737672440652</td><td rowspan="4">12044</td></tr><tr class="passedeven"><td><a href="#m2">validatelogIn</a></td></tr><tr class="passedeven"><td><a href="#m3">validatelogIn</a></td></tr><tr class="passedeven"><td><a href="#m4">validatelogIn</a></td></tr></tbody>
<tbody id="t1"><tr><th colspan="4">MoreNoofDaysPriceValidation &#8212; passed</th></tr><tr class="passedeven"><td rowspan="4">testclassnew.logInTest</td><td><a href="#m5">validatelogIn</a></td><td rowspan="4">1737672477055</td><td rowspan="4">508</td></tr><tr class="passedeven"><td><a href="#m6">validatelogIn</a></td></tr><tr class="passedeven"><td><a href="#m7">validatelogIn</a></td></tr><tr class="passedeven"><td><a href="#m8">validatelogIn</a></td></tr><tr class="passedodd"><td rowspan="1">testclassnew.searchHotelMoreDaysTest</td><td><a href="#m9">validateOneValidInput</a></td><td rowspan="1">1737672489916</td><td rowspan="1">2268</td></tr><tr class="passedeven"><td rowspan="1">testclassnew.selectHotelMoreDaysPriceTest</td><td><a href="#m10">MoreDaysTotalPriceofRoom</a></td><td rowspan="1">1737672492188</td><td rowspan="1">711</td></tr></tbody>
<tbody id="t2"><tr><th colspan="4">MoreNoofRoomsPriceValidation &#8212; failed</th></tr><tr class="failedeven"><td rowspan="1">testclassnew.selectHotelMoreRoomsPriceTest</td><td><a href="#m11">MoreDaysTotalPriceofRoom</a></td><td rowspan="1">1737672517912</td><td rowspan="1">486</td></tr><tr><th colspan="4">MoreNoofRoomsPriceValidation &#8212; passed</th></tr><tr class="passedeven"><td rowspan="4">testclassnew.logInTest</td><td><a href="#m12">validatelogIn</a></td><td rowspan="4">1737672502955</td><td rowspan="4">833</td></tr><tr class="passedeven"><td><a href="#m13">validatelogIn</a></td></tr><tr class="passedeven"><td><a href="#m14">validatelogIn</a></td></tr><tr class="passedeven"><td><a href="#m15">validatelogIn</a></td></tr><tr class="passedodd"><td rowspan="1">testclassnew.searchHotelMoreRoomsPriceTest</td><td><a href="#m16">MoreRoomsInput</a></td><td rowspan="1">1737672515335</td><td rowspan="1">2577</td></tr></tbody>
<tbody id="t3"><tr><th colspan="4">SearchHotelErrorsandalldataValidation &#8212; passed</th></tr><tr class="passedeven"><td rowspan="4">testclassnew.logInTest</td><td><a href="#m17">validatelogIn</a></td><td rowspan="4">1737672526677</td><td rowspan="4">493</td></tr><tr class="passedeven"><td><a href="#m18">validatelogIn</a></td></tr><tr class="passedeven"><td><a href="#m19">validatelogIn</a></td></tr><tr class="passedeven"><td><a href="#m20">validatelogIn</a></td></tr><tr class="passedodd"><td rowspan="23">testclassnew.searchHotelTest</td><td><a href="#m21">validateSearchHotelElements</a></td><td rowspan="1">1737672539617</td><td rowspan="1">724</td></tr><tr class="passedodd"><td><a href="#m22">validateSearchHotelElementsErorMessages</a></td><td rowspan="5">1737672544019</td><td rowspan="5">1019</td></tr><tr class="passedodd"><td><a href="#m23">validateSearchHotelElementsErorMessages</a></td></tr><tr class="passedodd"><td><a href="#m24">validateSearchHotelElementsErorMessages</a></td></tr><tr class="passedodd"><td><a href="#m25">validateSearchHotelElementsErorMessages</a></td></tr><tr class="passedodd"><td><a href="#m26">validateSearchHotelElementsErorMessages</a></td></tr><tr class="passedodd"><td><a href="#m27">validateSearchHotelPage</a></td><td rowspan="17">1737672610390</td><td rowspan="17">6010</td></tr><tr class="passedodd"><td><a href="#m28">validateSearchHotelPage</a></td></tr><tr class="passedodd"><td><a href="#m29">validateSearchHotelPage</a></td></tr><tr class="passedodd"><td><a href="#m30">validateSearchHotelPage</a></td></tr><tr class="passedodd"><td><a href="#m31">validateSearchHotelPage</a></td></tr><tr class="passedodd"><td><a href="#m32">validateSearchHotelPage</a></td></tr><tr class="passedodd"><td><a href="#m33">validateSearchHotelPage</a></td></tr><tr class="passedodd"><td><a href="#m34">validateSearchHotelPage</a></td></tr><tr class="passedodd"><td><a href="#m35">validateSearchHotelPage</a></td></tr><tr class="passedodd"><td><a href="#m36">validateSearchHotelPage</a></td></tr><tr class="passedodd"><td><a href="#m37">validateSearchHotelPage</a></td></tr><tr class="passedodd"><td><a href="#m38">validateSearchHotelPage</a></td></tr><tr class="passedodd"><td><a href="#m39">validateSearchHotelPage</a></td></tr><tr class="passedodd"><td><a href="#m40">validateSearchHotelPage</a></td></tr><tr class="passedodd"><td><a href="#m41">validateSearchHotelPage</a></td></tr><tr class="passedodd"><td><a href="#m42">validateSearchHotelPage</a></td></tr><tr class="passedodd"><td><a href="#m43">validateSearchHotelPage</a></td></tr></tbody>
<tbody id="t4"><tr><th colspan="4">ValidateBookAHotelPageFieldsandErrors &#8212; failed</th></tr><tr class="failedeven"><td rowspan="1">testclassnew.BookAHotelTest</td><td><a href="#m44">validateNameInvalidinput</a></td><td rowspan="1">1737672667370</td><td rowspan="1">27410</td></tr><tr><th colspan="4">ValidateBookAHotelPageFieldsandErrors &#8212; passed</th></tr><tr class="passedeven"><td rowspan="2">testclassnew.BookAHotelTest</td><td><a href="#m45">validaetBooKAHotelPageFieldsandValues</a></td><td rowspan="1">1737672666425</td><td rowspan="1">836</td></tr><tr class="passedeven"><td><a href="#m46">validteBookAHotelPage</a></td><td rowspan="1">1737672666364</td><td rowspan="1">61</td></tr><tr class="passedodd"><td rowspan="4">testclassnew.logInTest</td><td><a href="#m47">validatelogIn</a></td><td rowspan="4">1737672650536</td><td rowspan="4">11391</td></tr><tr class="passedodd"><td><a href="#m48">validatelogIn</a></td></tr><tr class="passedodd"><td><a href="#m49">validatelogIn</a></td></tr><tr class="passedodd"><td><a href="#m50">validatelogIn</a></td></tr><tr class="passedeven"><td rowspan="1">testclassnew.searchHotelOneValidInputTest</td><td><a href="#m51">validateOneValidInput</a></td><td rowspan="1">1737672662038</td><td rowspan="1">2090</td></tr><tr class="passedodd"><td rowspan="1">testclassnew.selectHotelTest</td><td><a href="#m52">validateSelectHotelPageFields</a></td><td rowspan="1">1737672664128</td><td rowspan="1">2231</td></tr></tbody>
<tbody id="t5"><tr><th colspan="4">ValidateBookAHotelInvalidCCExpYear &#8212; failed</th></tr><tr class="failedeven"><td rowspan="1">testclassnew.BookAHotelInvalidCCYearTest</td><td><a href="#m53">validateInvalidCCYearinput</a></td><td rowspan="1">1737672727706</td><td rowspan="1">27440</td></tr><tr><th colspan="4">ValidateBookAHotelInvalidCCExpYear &#8212; passed</th></tr><tr class="passedeven"><td rowspan="4">testclassnew.logInTest</td><td><a href="#m54">validatelogIn</a></td><td rowspan="4">1737672707824</td><td rowspan="4">715</td></tr><tr class="passedeven"><td><a href="#m55">validatelogIn</a></td></tr><tr class="passedeven"><td><a href="#m56">validatelogIn</a></td></tr><tr class="passedeven"><td><a href="#m57">validatelogIn</a></td></tr><tr class="passedodd"><td rowspan="1">testclassnew.searchHotelOneValidInputTest</td><td><a href="#m58">validateOneValidInput</a></td><td rowspan="1">1737672723645</td><td rowspan="1">2148</td></tr><tr class="passedeven"><td rowspan="1">testclassnew.selectHotelTest</td><td><a href="#m59">validateSelectHotelPageFields</a></td><td rowspan="1">1737672725793</td><td rowspan="1">1811</td></tr></tbody>
<tbody id="t6"><tr><th colspan="4">BookConfirmationLastNameandRoomType &#8212; failed</th></tr><tr class="failedeven"><td rowspan="1">testclassnew.BookHotelConfirmationLastNameDisplayCheckTest</td><td><a href="#m60">validateRoomType</a></td><td rowspan="1">1737672787950</td><td rowspan="1">5615</td></tr><tr><th colspan="4">BookConfirmationLastNameandRoomType &#8212; passed</th></tr><tr class="passedeven"><td rowspan="1">testclassnew.BookAHotelValidDataTest</td><td><a href="#m61">enterValidData</a></td><td rowspan="1">1737672785855</td><td rowspan="1">1997</td></tr><tr class="passedodd"><td rowspan="1">testclassnew.BookHotelConfirmationLastNameDisplayCheckTest</td><td><a href="#m62">validateLastName</a></td><td rowspan="1">1737672787853</td><td rowspan="1">97</td></tr><tr class="passedeven"><td rowspan="4">testclassnew.logInTest</td><td><a href="#m63">validatelogIn</a></td><td rowspan="4">1737672767617</td><td rowspan="4">904</td></tr><tr class="passedeven"><td><a href="#m64">validatelogIn</a></td></tr><tr class="passedeven"><td><a href="#m65">validatelogIn</a></td></tr><tr class="passedeven"><td><a href="#m66">validatelogIn</a></td></tr><tr class="passedodd"><td rowspan="1">testclassnew.searchHotelOneValidInputTest</td><td><a href="#m67">validateOneValidInput</a></td><td rowspan="1">1737672780120</td><td rowspan="1">3184</td></tr><tr class="passedeven"><td rowspan="1">testclassnew.selectHotelTest</td><td><a href="#m68">validateSelectHotelPageFields</a></td><td rowspan="1">1737672783305</td><td rowspan="1">2464</td></tr></tbody>
<tbody id="t7"><tr><th colspan="4">BookAHotelErrorMessages &#8212; passed</th></tr><tr class="passedeven"><td rowspan="9">testclassnew.BookAHotelErrorMessages</td><td><a href="#m69">enterFNDetailsErrorMessages</a></td><td rowspan="9">1737672819103</td><td rowspan="9">1935</td></tr><tr class="passedeven"><td><a href="#m70">enterFNDetailsErrorMessages</a></td></tr><tr class="passedeven"><td><a href="#m71">enterFNDetailsErrorMessages</a></td></tr><tr class="passedeven"><td><a href="#m72">enterFNDetailsErrorMessages</a></td></tr><tr class="passedeven"><td><a href="#m73">enterFNDetailsErrorMessages</a></td></tr><tr class="passedeven"><td><a href="#m74">enterFNDetailsErrorMessages</a></td></tr><tr class="passedeven"><td><a href="#m75">enterFNDetailsErrorMessages</a></td></tr><tr class="passedeven"><td><a href="#m76">enterFNDetailsErrorMessages</a></td></tr><tr class="passedeven"><td><a href="#m77">enterFNDetailsErrorMessages</a></td></tr><tr class="passedodd"><td rowspan="4">testclassnew.logInTest</td><td><a href="#m78">validatelogIn</a></td><td rowspan="4">1737672802651</td><td rowspan="4">855</td></tr><tr class="passedodd"><td><a href="#m79">validatelogIn</a></td></tr><tr class="passedodd"><td><a href="#m80">validatelogIn</a></td></tr><tr class="passedodd"><td><a href="#m81">validatelogIn</a></td></tr><tr class="passedeven"><td rowspan="1">testclassnew.searchHotelOneValidInputTest</td><td><a href="#m82">validateOneValidInput</a></td><td rowspan="1">1737672815088</td><td rowspan="1">2139</td></tr><tr class="passedodd"><td rowspan="1">testclassnew.selectHotelTest</td><td><a href="#m83">validateSelectHotelPageFields</a></td><td rowspan="1">1737672817229</td><td rowspan="1">1833</td></tr></tbody>
<tbody id="t8"><tr><th colspan="4">ValidEndtoEndFlow &#8212; passed</th></tr><tr class="passedeven"><td rowspan="2">testclassnew.BookAHotelConfirmationTest</td><td><a href="#m84">validateBookAHotelConfimationPage</a></td><td rowspan="1">1737672865728</td><td rowspan="1">80</td></tr><tr class="passedeven"><td><a href="#m85">validateallFiledsandValues</a></td><td rowspan="1">1737672865808</td><td rowspan="1">5416</td></tr><tr class="passedodd"><td rowspan="1">testclassnew.BookAHotelValidDataTest</td><td><a href="#m86">enterValidData</a></td><td rowspan="1">1737672864086</td><td rowspan="1">1641</td></tr><tr class="passedeven"><td rowspan="4">testclassnew.logInTest</td><td><a href="#m87">validatelogIn</a></td><td rowspan="4">1737672846868</td><td rowspan="4">651</td></tr><tr class="passedeven"><td><a href="#m88">validatelogIn</a></td></tr><tr class="passedeven"><td><a href="#m89">validatelogIn</a></td></tr><tr class="passedeven"><td><a href="#m90">validatelogIn</a></td></tr><tr class="passedodd"><td rowspan="1">testclassnew.searchHotelOneValidInputTest</td><td><a href="#m91">validateOneValidInput</a></td><td rowspan="1">1737672860185</td><td rowspan="1">2103</td></tr><tr class="passedeven"><td rowspan="1">testclassnew.selectHotelTest</td><td><a href="#m92">validateSelectHotelPageFields</a></td><td rowspan="1">1737672862288</td><td rowspan="1">1727</td></tr></tbody>
</table>
<h2>CheckInCheckOutPastDates</h2><h3 id="m0">testclassnew.searchHotelPastCheckInCheckOutTest#validatePastDatesErrorMessages</h3><table class="result"><tr class="param"><th>Parameter #1</th><th>Parameter #2</th><th>Parameter #3</th><th>Parameter #4</th><th>Parameter #5</th><th>Parameter #6</th><th>Parameter #7</th><th>Parameter #8</th><th>Parameter #9</th></tr><tr class="param stripe"><td>Sydney</td><td></td><td></td><td>1 - One</td><td>12/05/2024</td><td>12/05/2024</td><td>2 - Two</td><td></td><td>Please enter valid CheckIn Date</td></tr><tr><th colspan="9">Exception</th></tr><tr><td colspan="9"><div class="stacktrace">org.openqa.selenium.NoSuchElementException: no such element: Unable to locate element: {&quot;method&quot;:&quot;css selector&quot;,&quot;selector&quot;:&quot;#checkin_span&quot;}
  (Session info: chrome=132.0.6834.110)
For documentation on this error, please visit: https://www.selenium.dev/documentation/webdriver/troubleshooting/errors#no-such-element-exception
Build info: version: &apos;4.14.0&apos;, revision: &apos;e5a96349ce&apos;
System info: os.name: &apos;Windows 11&apos;, os.arch: &apos;amd64&apos;, os.version: &apos;10.0&apos;, java.version: &apos;23&apos;
Driver info: org.openqa.selenium.chrome.ChromeDriver
Command: [7f3751905fa86b38b77d1e3345fb75cd, findElement {using=id, value=checkin_span}]
Capabilities {acceptInsecureCerts: false, browserName: chrome, browserVersion: 132.0.6834.110, chrome: {chromedriverVersion: 132.0.6834.110 (df453a35f09..., userDataDir: C:\Users\prabh\AppData\Loca...}, fedcm:accounts: true, goog:chromeOptions: {debuggerAddress: localhost:55698}, networkConnectionEnabled: false, pageLoadStrategy: normal, platformName: windows, proxy: Proxy(), se:cdp: ws://localhost:55698/devtoo..., se:cdpVersion: 132.0.6834.110, setWindowRect: true, strictFileInteractability: false, timeouts: {implicit: 0, pageLoad: 300000, script: 30000}, unhandledPromptBehavior: dismiss and notify, webauthn:extension:credBlob: true, webauthn:extension:largeBlob: true, webauthn:extension:minPinLength: true, webauthn:extension:prf: true, webauthn:virtualAuthenticators: true}
Session ID: 7f3751905fa86b38b77d1e3345fb75cd
	at org.openqa.selenium.remote.codec.w3c.W3CHttpResponseCodec.createException(W3CHttpResponseCodec.java:200)
	at org.openqa.selenium.remote.codec.w3c.W3CHttpResponseCodec.decode(W3CHttpResponseCodec.java:133)
	at org.openqa.selenium.remote.codec.w3c.W3CHttpResponseCodec.decode(W3CHttpResponseCodec.java:52)
	at org.openqa.selenium.remote.HttpCommandExecutor.execute(HttpCommandExecutor.java:191)
	at org.openqa.selenium.remote.service.DriverCommandExecutor.invokeExecute(DriverCommandExecutor.java:196)
	at org.openqa.selenium.remote.service.DriverCommandExecutor.execute(DriverCommandExecutor.java:171)
	at org.openqa.selenium.remote.RemoteWebDriver.execute(RemoteWebDriver.java:602)
	at org.openqa.selenium.remote.ElementLocation$ElementFinder$2.findElement(ElementLocation.java:165)
	at org.openqa.selenium.remote.ElementLocation.findElement(ElementLocation.java:59)
	at org.openqa.selenium.remote.RemoteWebDriver.findElement(RemoteWebDriver.java:359)
	at org.openqa.selenium.remote.RemoteWebDriver.findElement(RemoteWebDriver.java:353)
	at org.openqa.selenium.support.pagefactory.DefaultElementLocator.findElement(DefaultElementLocator.java:68)
	at org.openqa.selenium.support.pagefactory.internal.LocatingElementHandler.invoke(LocatingElementHandler.java:38)
	at jdk.proxy2/jdk.proxy2.$Proxy15.isDisplayed(Unknown Source)
	at pageclass.SearchHotelPage.isCheckInDateErrorDisplayed(SearchHotelPage.java:191)
	at testclassnew.searchHotelPastCheckInCheckOutTest.validatePastDatesErrorMessages(searchHotelPastCheckInCheckOutTest.java:71)
	at java.base/java.util.ArrayList.forEach(ArrayList.java:1597)
... Removed 28 stack frames</div></td></tr></table><p class="totop"><a href="#summary">back to summary</a></p>
<h3 id="m1">testclassnew.logInTest#validatelogIn</h3><table class="result"><tr class="param"><th>Parameter #1</th><th>Parameter #2</th></tr><tr class="param stripe"><td>igprasanthi</td><td>Shanthi@tcs1</td></tr></table><p class="totop"><a href="#summary">back to summary</a></p>
<h3 id="m2">testclassnew.logInTest#validatelogIn</h3><table class="result"><tr class="param"><th>Parameter #1</th><th>Parameter #2</th></tr><tr class="param stripe"><td></td><td>Shanthi@tcs</td></tr></table><p class="totop"><a href="#summary">back to summary</a></p>
<h3 id="m3">testclassnew.logInTest#validatelogIn</h3><table class="result"><tr class="param"><th>Parameter #1</th><th>Parameter #2</th></tr><tr class="param stripe"><td>igprasant</td><td>Shanthi@tcs</td></tr></table><p class="totop"><a href="#summary">back to summary</a></p>
<h3 id="m4">testclassnew.logInTest#validatelogIn</h3><table class="result"><tr class="param"><th>Parameter #1</th><th>Parameter #2</th></tr><tr class="param stripe"><td>igprasanthi</td><td></td></tr></table><p class="totop"><a href="#summary">back to summary</a></p>
<h2>MoreNoofDaysPriceValidation</h2><h3 id="m5">testclassnew.logInTest#validatelogIn</h3><table class="result"><tr class="param"><th>Parameter #1</th><th>Parameter #2</th></tr><tr class="param stripe"><td>igprasanthi</td><td></td></tr></table><p class="totop"><a href="#summary">back to summary</a></p>
<h3 id="m6">testclassnew.logInTest#validatelogIn</h3><table class="result"><tr class="param"><th>Parameter #1</th><th>Parameter #2</th></tr><tr class="param stripe"><td>igprasant</td><td>Shanthi@tcs</td></tr></table><p class="totop"><a href="#summary">back to summary</a></p>
<h3 id="m7">testclassnew.logInTest#validatelogIn</h3><table class="result"><tr class="param"><th>Parameter #1</th><th>Parameter #2</th></tr><tr class="param stripe"><td></td><td>Shanthi@tcs</td></tr></table><p class="totop"><a href="#summary">back to summary</a></p>
<h3 id="m8">testclassnew.logInTest#validatelogIn</h3><table class="result"><tr class="param"><th>Parameter #1</th><th>Parameter #2</th></tr><tr class="param stripe"><td>igprasanthi</td><td>Shanthi@tcs1</td></tr></table><p class="totop"><a href="#summary">back to summary</a></p>
<h3 id="m9">testclassnew.searchHotelMoreDaysTest#validateOneValidInput</h3><table class="result"><tr class="param"><th>Parameter #1</th><th>Parameter #2</th><th>Parameter #3</th><th>Parameter #4</th><th>Parameter #5</th><th>Parameter #6</th><th>Parameter #7</th><th>Parameter #8</th></tr><tr class="param stripe"><td>London</td><td>Hotel Sunshine</td><td>Standard</td><td>1 - One</td><td>24/05/2025</td><td>28/05/2025</td><td>1 - One</td><td></td></tr></table><p class="totop"><a href="#summary">back to summary</a></p>
<h3 id="m10">testclassnew.selectHotelMoreDaysPriceTest#MoreDaysTotalPriceofRoom</h3><table class="result"><tr><th class="invisible"/></tr></table><p class="totop"><a href="#summary">back to summary</a></p>
<h2>MoreNoofRoomsPriceValidation</h2><h3 id="m11">testclassnew.selectHotelMoreRoomsPriceTest#MoreDaysTotalPriceofRoom</h3><table class="result"><tr><th>Exception</th></tr><tr><td><div class="stacktrace">junit.framework.AssertionFailedError: expected:&lt;535.0&gt; but was:&lt;185.0&gt;
	at junit.framework.Assert.fail(Assert.java:47)
	at junit.framework.Assert.failNotEquals(Assert.java:282)
	at junit.framework.Assert.assertEquals(Assert.java:64)
	at junit.framework.Assert.assertEquals(Assert.java:71)
	at testclassnew.selectHotelMoreRoomsPriceTest.MoreDaysTotalPriceofRoom(selectHotelMoreRoomsPriceTest.java:33)
	at java.base/java.util.ArrayList.forEach(ArrayList.java:1597)
... Removed 25 stack frames</div></td></tr></table><p class="totop"><a href="#summary">back to summary</a></p>
<h3 id="m12">testclassnew.logInTest#validatelogIn</h3><table class="result"><tr class="param"><th>Parameter #1</th><th>Parameter #2</th></tr><tr class="param stripe"><td>igprasant</td><td>Shanthi@tcs</td></tr></table><p class="totop"><a href="#summary">back to summary</a></p>
<h3 id="m13">testclassnew.logInTest#validatelogIn</h3><table class="result"><tr class="param"><th>Parameter #1</th><th>Parameter #2</th></tr><tr class="param stripe"><td></td><td>Shanthi@tcs</td></tr></table><p class="totop"><a href="#summary">back to summary</a></p>
<h3 id="m14">testclassnew.logInTest#validatelogIn</h3><table class="result"><tr class="param"><th>Parameter #1</th><th>Parameter #2</th></tr><tr class="param stripe"><td>igprasanthi</td><td></td></tr></table><p class="totop"><a href="#summary">back to summary</a></p>
<h3 id="m15">testclassnew.logInTest#validatelogIn</h3><table class="result"><tr class="param"><th>Parameter #1</th><th>Parameter #2</th></tr><tr class="param stripe"><td>igprasanthi</td><td>Shanthi@tcs1</td></tr></table><p class="totop"><a href="#summary">back to summary</a></p>
<h3 id="m16">testclassnew.searchHotelMoreRoomsPriceTest#MoreRoomsInput</h3><table class="result"><tr class="param"><th>Parameter #1</th><th>Parameter #2</th><th>Parameter #3</th><th>Parameter #4</th><th>Parameter #5</th><th>Parameter #6</th><th>Parameter #7</th><th>Parameter #8</th></tr><tr class="param stripe"><td>London</td><td>Hotel Sunshine</td><td>Standard</td><td>3 - Three</td><td>24/01/2025</td><td>25/01/2025</td><td>2 - Two</td><td></td></tr></table><p class="totop"><a href="#summary">back to summary</a></p>
<h2>SearchHotelErrorsandalldataValidation</h2><h3 id="m17">testclassnew.logInTest#validatelogIn</h3><table class="result"><tr class="param"><th>Parameter #1</th><th>Parameter #2</th></tr><tr class="param stripe"><td>igprasanthi</td><td></td></tr></table><p class="totop"><a href="#summary">back to summary</a></p>
<h3 id="m18">testclassnew.logInTest#validatelogIn</h3><table class="result"><tr class="param"><th>Parameter #1</th><th>Parameter #2</th></tr><tr class="param stripe"><td></td><td>Shanthi@tcs</td></tr></table><p class="totop"><a href="#summary">back to summary</a></p>
<h3 id="m19">testclassnew.logInTest#validatelogIn</h3><table class="result"><tr class="param"><th>Parameter #1</th><th>Parameter #2</th></tr><tr class="param stripe"><td>igprasanthi</td><td>Shanthi@tcs1</td></tr></table><p class="totop"><a href="#summary">back to summary</a></p>
<h3 id="m20">testclassnew.logInTest#validatelogIn</h3><table class="result"><tr class="param"><th>Parameter #1</th><th>Parameter #2</th></tr><tr class="param stripe"><td>igprasant</td><td>Shanthi@tcs</td></tr></table><p class="totop"><a href="#summary">back to summary</a></p>
<h3 id="m21">testclassnew.searchHotelTest#validateSearchHotelElements</h3><table class="result"><tr><th class="invisible"/></tr></table><p class="totop"><a href="#summary">back to summary</a></p>
<h3 id="m22">testclassnew.searchHotelTest#validateSearchHotelElementsErorMessages</h3><table class="result"><tr class="param"><th>Parameter #1</th><th>Parameter #2</th><th>Parameter #3</th><th>Parameter #4</th><th>Parameter #5</th><th>Parameter #6</th><th>Parameter #7</th><th>Parameter #8</th><th>Parameter #9</th></tr><tr class="param stripe"><td>London</td><td></td><td></td><td>1 - One</td><td>24/05/2025</td><td>25/05/2025</td><td>- Select Adults per Room -</td><td></td><td>Please Select Adults per Room</td></tr></table><p class="totop"><a href="#summary">back to summary</a></p>
<h3 id="m23">testclassnew.searchHotelTest#validateSearchHotelElementsErorMessages</h3><table class="result"><tr class="param"><th>Parameter #1</th><th>Parameter #2</th><th>Parameter #3</th><th>Parameter #4</th><th>Parameter #5</th><th>Parameter #6</th><th>Parameter #7</th><th>Parameter #8</th><th>Parameter #9</th></tr><tr class="param stripe"><td>- Select Location -</td><td></td><td></td><td>1 - One</td><td>24/05/2025</td><td>25/05/2025</td><td>2 - Two</td><td></td><td>Please Select a Location</td></tr></table><p class="totop"><a href="#summary">back to summary</a></p>
<h3 id="m24">testclassnew.searchHotelTest#validateSearchHotelElementsErorMessages</h3><table class="result"><tr class="param"><th>Parameter #1</th><th>Parameter #2</th><th>Parameter #3</th><th>Parameter #4</th><th>Parameter #5</th><th>Parameter #6</th><th>Parameter #7</th><th>Parameter #8</th><th>Parameter #9</th></tr><tr class="param stripe"><td>London</td><td></td><td></td><td>- Select Number of Rooms -</td><td>24/05/2025</td><td>25/05/2025</td><td>2 - Two</td><td></td><td>Please Select Total Number of Rooms</td></tr></table><p class="totop"><a href="#summary">back to summary</a></p>
<h3 id="m25">testclassnew.searchHotelTest#validateSearchHotelElementsErorMessages</h3><table class="result"><tr class="param"><th>Parameter #1</th><th>Parameter #2</th><th>Parameter #3</th><th>Parameter #4</th><th>Parameter #5</th><th>Parameter #6</th><th>Parameter #7</th><th>Parameter #8</th><th>Parameter #9</th></tr><tr class="param stripe"><td>London</td><td></td><td></td><td>1 - One</td><td></td><td>25/05/2025</td><td>2 - Two</td><td></td><td>Please Select Check-In Date</td></tr></table><p class="totop"><a href="#summary">back to summary</a></p>
<h3 id="m26">testclassnew.searchHotelTest#validateSearchHotelElementsErorMessages</h3><table class="result"><tr class="param"><th>Parameter #1</th><th>Parameter #2</th><th>Parameter #3</th><th>Parameter #4</th><th>Parameter #5</th><th>Parameter #6</th><th>Parameter #7</th><th>Parameter #8</th><th>Parameter #9</th></tr><tr class="param stripe"><td>London</td><td></td><td></td><td>1 - One</td><td>24/05/2025</td><td></td><td>2 - Two</td><td></td><td>Please Select Check-Out Date</td></tr></table><p class="totop"><a href="#summary">back to summary</a></p>
<h3 id="m27">testclassnew.searchHotelTest#validateSearchHotelPage</h3><table class="result"><tr class="param"><th>Parameter #1</th><th>Parameter #2</th><th>Parameter #3</th><th>Parameter #4</th><th>Parameter #5</th><th>Parameter #6</th><th>Parameter #7</th><th>Parameter #8</th></tr><tr class="param stripe"><td>Los Angeles</td><td>Hotel Creek</td><td>Super Deluxe</td><td>1 - One</td><td>24/05/2025</td><td>25/05/2025</td><td>2 - Two</td><td>0 - None</td></tr></table><p class="totop"><a href="#summary">back to summary</a></p>
<h3 id="m28">testclassnew.searchHotelTest#validateSearchHotelPage</h3><table class="result"><tr class="param"><th>Parameter #1</th><th>Parameter #2</th><th>Parameter #3</th><th>Parameter #4</th><th>Parameter #5</th><th>Parameter #6</th><th>Parameter #7</th><th>Parameter #8</th></tr><tr class="param stripe"><td>Adelaide</td><td>Hotel Hervey</td><td>Super Deluxe</td><td>1 - One</td><td>24/05/2025</td><td>25/05/2025</td><td>2 - Two</td><td>0 - None</td></tr></table><p class="totop"><a href="#summary">back to summary</a></p>
<h3 id="m29">testclassnew.searchHotelTest#validateSearchHotelPage</h3><table class="result"><tr class="param"><th>Parameter #1</th><th>Parameter #2</th><th>Parameter #3</th><th>Parameter #4</th><th>Parameter #5</th><th>Parameter #6</th><th>Parameter #7</th><th>Parameter #8</th></tr><tr class="param stripe"><td>Los Angeles</td><td>Hotel Sunshine</td><td>Deluxe</td><td>1 - One</td><td>24/05/2025</td><td>25/05/2025</td><td>2 - Two</td><td>0 - None</td></tr></table><p class="totop"><a href="#summary">back to summary</a></p>
<h3 id="m30">testclassnew.searchHotelTest#validateSearchHotelPage</h3><table class="result"><tr class="param"><th>Parameter #1</th><th>Parameter #2</th><th>Parameter #3</th><th>Parameter #4</th><th>Parameter #5</th><th>Parameter #6</th><th>Parameter #7</th><th>Parameter #8</th></tr><tr class="param stripe"><td>Paris</td><td>Hotel Cornice</td><td>Standard</td><td>1 - One</td><td>24/05/2025</td><td>25/05/2025</td><td>2 - Two</td><td>0 - None</td></tr></table><p class="totop"><a href="#summary">back to summary</a></p>
<h3 id="m31">testclassnew.searchHotelTest#validateSearchHotelPage</h3><table class="result"><tr class="param"><th>Parameter #1</th><th>Parameter #2</th><th>Parameter #3</th><th>Parameter #4</th><th>Parameter #5</th><th>Parameter #6</th><th>Parameter #7</th><th>Parameter #8</th></tr><tr class="param stripe"><td>London</td><td>Hotel Sunshine</td><td>Double</td><td>1 - One</td><td>24/05/2025</td><td>25/05/2025</td><td>2 - Two</td><td>0 - None</td></tr></table><p class="totop"><a href="#summary">back to summary</a></p>
<h3 id="m32">testclassnew.searchHotelTest#validateSearchHotelPage</h3><table class="result"><tr class="param"><th>Parameter #1</th><th>Parameter #2</th><th>Parameter #3</th><th>Parameter #4</th><th>Parameter #5</th><th>Parameter #6</th><th>Parameter #7</th><th>Parameter #8</th></tr><tr class="param stripe"><td>Sydney</td><td>Hotel Creek</td><td>Standard</td><td>1 - One</td><td>24/05/2025</td><td>25/05/2025</td><td>2 - Two</td><td>0 - None</td></tr></table><p class="totop"><a href="#summary">back to summary</a></p>
<h3 id="m33">testclassnew.searchHotelTest#validateSearchHotelPage</h3><table class="result"><tr class="param"><th>Parameter #1</th><th>Parameter #2</th><th>Parameter #3</th><th>Parameter #4</th><th>Parameter #5</th><th>Parameter #6</th><th>Parameter #7</th><th>Parameter #8</th></tr><tr class="param stripe"><td>Adelaide</td><td>Hotel Cornice</td><td>Super Deluxe</td><td>1 - One</td><td>24/05/2025</td><td>25/05/2025</td><td>2 - Two</td><td>0 - None</td></tr></table><p class="totop"><a href="#summary">back to summary</a></p>
<h3 id="m34">testclassnew.searchHotelTest#validateSearchHotelPage</h3><table class="result"><tr class="param"><th>Parameter #1</th><th>Parameter #2</th><th>Parameter #3</th><th>Parameter #4</th><th>Parameter #5</th><th>Parameter #6</th><th>Parameter #7</th><th>Parameter #8</th></tr><tr class="param stripe"><td>Melbourne</td><td>Hotel Cornice</td><td>Double</td><td>7 - Seven</td><td>19/10/2025</td><td>25/10/2025</td><td>2 - Two</td><td>4 - Four</td></tr></table><p class="totop"><a href="#summary">back to summary</a></p>
<h3 id="m35">testclassnew.searchHotelTest#validateSearchHotelPage</h3><table class="result"><tr class="param"><th>Parameter #1</th><th>Parameter #2</th><th>Parameter #3</th><th>Parameter #4</th><th>Parameter #5</th><th>Parameter #6</th><th>Parameter #7</th><th>Parameter #8</th></tr><tr class="param stripe"><td>Brisbane</td><td>Hotel Sunshine</td><td>Deluxe</td><td>9 - Nine</td><td>24/05/2025</td><td>25/05/2025</td><td>2 - Two</td><td>4 - Four</td></tr></table><p class="totop"><a href="#summary">back to summary</a></p>
<h3 id="m36">testclassnew.searchHotelTest#validateSearchHotelPage</h3><table class="result"><tr class="param"><th>Parameter #1</th><th>Parameter #2</th><th>Parameter #3</th><th>Parameter #4</th><th>Parameter #5</th><th>Parameter #6</th><th>Parameter #7</th><th>Parameter #8</th></tr><tr class="param stripe"><td>Brisbane</td><td>Hotel Creek</td><td>Deluxe</td><td>8 - Eight</td><td>24/05/2025</td><td>25/05/2025</td><td>2 - Two</td><td>4 - Four</td></tr></table><p class="totop"><a href="#summary">back to summary</a></p>
<h3 id="m37">testclassnew.searchHotelTest#validateSearchHotelPage</h3><table class="result"><tr class="param"><th>Parameter #1</th><th>Parameter #2</th><th>Parameter #3</th><th>Parameter #4</th><th>Parameter #5</th><th>Parameter #6</th><th>Parameter #7</th><th>Parameter #8</th></tr><tr class="param stripe"><td>London</td><td>Hotel Sunshine</td><td>Standard</td><td>1 - One</td><td>24/05/2025</td><td>25/05/2025</td><td>1 - One</td><td></td></tr></table><p class="totop"><a href="#summary">back to summary</a></p>
<h3 id="m38">testclassnew.searchHotelTest#validateSearchHotelPage</h3><table class="result"><tr class="param"><th>Parameter #1</th><th>Parameter #2</th><th>Parameter #3</th><th>Parameter #4</th><th>Parameter #5</th><th>Parameter #6</th><th>Parameter #7</th><th>Parameter #8</th></tr><tr class="param stripe"><td>New York</td><td>Hotel Cornice</td><td>Deluxe</td><td>1 - One</td><td>24/05/2025</td><td>25/05/2025</td><td>2 - Two</td><td>0 - None</td></tr></table><p class="totop"><a href="#summary">back to summary</a></p>
<h3 id="m39">testclassnew.searchHotelTest#validateSearchHotelPage</h3><table class="result"><tr class="param"><th>Parameter #1</th><th>Parameter #2</th><th>Parameter #3</th><th>Parameter #4</th><th>Parameter #5</th><th>Parameter #6</th><th>Parameter #7</th><th>Parameter #8</th></tr><tr class="param stripe"><td>New York</td><td>Hotel Hervey</td><td>Super Deluxe</td><td>1 - One</td><td>24/05/2025</td><td>25/05/2025</td><td>2 - Two</td><td>0 - None</td></tr></table><p class="totop"><a href="#summary">back to summary</a></p>
<h3 id="m40">testclassnew.searchHotelTest#validateSearchHotelPage</h3><table class="result"><tr class="param"><th>Parameter #1</th><th>Parameter #2</th><th>Parameter #3</th><th>Parameter #4</th><th>Parameter #5</th><th>Parameter #6</th><th>Parameter #7</th><th>Parameter #8</th></tr><tr class="param stripe"><td>Sydney</td><td>Hotel Sunshine</td><td>Standard</td><td>1 - One</td><td>24/05/2025</td><td>25/05/2025</td><td>2 - Two</td><td>1 - One</td></tr></table><p class="totop"><a href="#summary">back to summary</a></p>
<h3 id="m41">testclassnew.searchHotelTest#validateSearchHotelPage</h3><table class="result"><tr class="param"><th>Parameter #1</th><th>Parameter #2</th><th>Parameter #3</th><th>Parameter #4</th><th>Parameter #5</th><th>Parameter #6</th><th>Parameter #7</th><th>Parameter #8</th></tr><tr class="param stripe"><td>Paris</td><td>Hotel Hervey</td><td>Double</td><td>1 - One</td><td>24/05/2025</td><td>25/05/2025</td><td>2 - Two</td><td>0 - None</td></tr></table><p class="totop"><a href="#summary">back to summary</a></p>
<h3 id="m42">testclassnew.searchHotelTest#validateSearchHotelPage</h3><table class="result"><tr class="param"><th>Parameter #1</th><th>Parameter #2</th><th>Parameter #3</th><th>Parameter #4</th><th>Parameter #5</th><th>Parameter #6</th><th>Parameter #7</th><th>Parameter #8</th></tr><tr class="param stripe"><td>London</td><td>Hotel Creek</td><td>Standard</td><td>1 - One</td><td>24/05/2025</td><td>25/05/2025</td><td>2 - Two</td><td>0 - None</td></tr></table><p class="totop"><a href="#summary">back to summary</a></p>
<h3 id="m43">testclassnew.searchHotelTest#validateSearchHotelPage</h3><table class="result"><tr class="param"><th>Parameter #1</th><th>Parameter #2</th><th>Parameter #3</th><th>Parameter #4</th><th>Parameter #5</th><th>Parameter #6</th><th>Parameter #7</th><th>Parameter #8</th></tr><tr class="param stripe"><td>Melbourne</td><td>Hotel Hervey</td><td>Double</td><td>6 - Six</td><td>16/08/2025</td><td>18/08/2025</td><td>2 - Two</td><td>4 - Four</td></tr></table><p class="totop"><a href="#summary">back to summary</a></p>
<h2>ValidateBookAHotelPageFieldsandErrors</h2><h3 id="m44">testclassnew.BookAHotelTest#validateNameInvalidinput</h3><table class="result"><tr class="param"><th>Parameter #1</th><th>Parameter #2</th><th>Parameter #3</th><th>Parameter #4</th><th>Parameter #5</th><th>Parameter #6</th><th>Parameter #7</th><th>Parameter #8</th><th>Parameter #9</th></tr><tr class="param stripe"><td>123Â£$</td><td>?&gt;&lt;:@</td><td>33,towers, mumbai</td><td>2345678934569870</td><td>VISA</td><td>August</td><td>2026</td><td>345</td><td>Please Enter Valid Name</td></tr><tr><th colspan="9">Exception</th></tr><tr><td colspan="9"><div class="stacktrace">org.openqa.selenium.TimeoutException: Expected condition failed: waiting for visibility of Proxy element for: DefaultElementLocator &apos;By.xpath: //label[@id=&apos;first_name_span&apos;]&apos; (tried for 5 second(s) with 500 milliseconds interval)
	at org.openqa.selenium.support.ui.WebDriverWait.timeoutException(WebDriverWait.java:84)
	at org.openqa.selenium.support.ui.FluentWait.until(FluentWait.java:230)
	at utils.Utility.visibilityofElement(Utility.java:55)
	at pageclass.BookAHotelPage.isFirstNameErrorMessageDisplayed(BookAHotelPage.java:215)
	at testclassnew.BookAHotelTest.validateNameInvalidinput(BookAHotelTest.java:126)
	at java.base/java.util.ArrayList.forEach(ArrayList.java:1597)
Caused by: org.openqa.selenium.NoSuchElementException: no such element: Unable to locate element: {&quot;method&quot;:&quot;xpath&quot;,&quot;selector&quot;:&quot;//label[@id=&apos;first_name_span&apos;]&quot;}
  (Session info: chrome=132.0.6834.110)
For documentation on this error, please visit: https://www.selenium.dev/documentation/webdriver/troubleshooting/errors#no-such-element-exception
Build info: version: &apos;4.14.0&apos;, revision: &apos;e5a96349ce&apos;
System info: os.name: &apos;Windows 11&apos;, os.arch: &apos;amd64&apos;, os.version: &apos;10.0&apos;, java.version: &apos;23&apos;
Driver info: org.openqa.selenium.chrome.ChromeDriver
Command: [f904ac744053a68d0211f86f84801dfb, findElement {using=xpath, value=//label[@id=&apos;first_name_span&apos;]}]
Capabilities {acceptInsecureCerts: false, browserName: chrome, browserVersion: 132.0.6834.110, chrome: {chromedriverVersion: 132.0.6834.110 (df453a35f09..., userDataDir: C:\Users\prabh\AppData\Loca...}, fedcm:accounts: true, goog:chromeOptions: {debuggerAddress: localhost:55913}, networkConnectionEnabled: false, pageLoadStrategy: normal, platformName: windows, proxy: Proxy(), se:cdp: ws://localhost:55913/devtoo..., se:cdpVersion: 132.0.6834.110, setWindowRect: true, strictFileInteractability: false, timeouts: {implicit: 0, pageLoad: 300000, script: 30000}, unhandledPromptBehavior: dismiss and notify, webauthn:extension:credBlob: true, webauthn:extension:largeBlob: true, webauthn:extension:minPinLength: true, webauthn:extension:prf: true, webauthn:virtualAuthenticators: true}
Session ID: f904ac744053a68d0211f86f84801dfb
	at org.openqa.selenium.remote.codec.w3c.W3CHttpResponseCodec.createException(W3CHttpResponseCodec.java:200)
	at org.openqa.selenium.remote.codec.w3c.W3CHttpResponseCodec.decode(W3CHttpResponseCodec.java:133)
	at org.openqa.selenium.remote.codec.w3c.W3CHttpResponseCodec.decode(W3CHttpResponseCodec.java:52)
	at org.openqa.selenium.remote.HttpCommandExecutor.execute(HttpCommandExecutor.java:191)
	at org.openqa.selenium.remote.service.DriverCommandExecutor.invokeExecute(DriverCommandExecutor.java:196)
	at org.openqa.selenium.remote.service.DriverCommandExecutor.execute(DriverCommandExecutor.java:171)
	at org.openqa.selenium.remote.RemoteWebDriver.execute(RemoteWebDriver.java:602)
	at org.openqa.selenium.remote.ElementLocation$ElementFinder$2.findElement(ElementLocation.java:165)
	at org.openqa.selenium.remote.ElementLocation.findElement(ElementLocation.java:59)
	at org.openqa.selenium.remote.RemoteWebDriver.findElement(RemoteWebDriver.java:359)
	at org.openqa.selenium.remote.RemoteWebDriver.findElement(RemoteWebDriver.java:353)
	at org.openqa.selenium.support.pagefactory.DefaultElementLocator.findElement(DefaultElementLocator.java:68)
	at org.openqa.selenium.support.pagefactory.internal.LocatingElementHandler.invoke(LocatingElementHandler.java:38)
	at jdk.proxy2/jdk.proxy2.$Proxy15.isDisplayed(Unknown Source)
	at org.openqa.selenium.support.ui.ExpectedConditions.elementIfVisible(ExpectedConditions.java:304)
	at org.openqa.selenium.support.ui.ExpectedConditions$10.apply(ExpectedConditions.java:290)
	at org.openqa.selenium.support.ui.ExpectedConditions$10.apply(ExpectedConditions.java:287)
	at org.openqa.selenium.support.ui.FluentWait.until(FluentWait.java:205)
	... 29 more
... Removed 28 stack frames</div></td></tr></table><p class="totop"><a href="#summary">back to summary</a></p>
<h3 id="m45">testclassnew.BookAHotelTest#validaetBooKAHotelPageFieldsandValues</h3><table class="result"><tr><th class="invisible"/></tr></table><p class="totop"><a href="#summary">back to summary</a></p>
<h3 id="m46">testclassnew.BookAHotelTest#validteBookAHotelPage</h3><table class="result"><tr><th class="invisible"/></tr></table><p class="totop"><a href="#summary">back to summary</a></p>
<h3 id="m47">testclassnew.logInTest#validatelogIn</h3><table class="result"><tr class="param"><th>Parameter #1</th><th>Parameter #2</th></tr><tr class="param stripe"><td>igprasanthi</td><td>Shanthi@tcs1</td></tr></table><p class="totop"><a href="#summary">back to summary</a></p>
<h3 id="m48">testclassnew.logInTest#validatelogIn</h3><table class="result"><tr class="param"><th>Parameter #1</th><th>Parameter #2</th></tr><tr class="param stripe"><td>igprasanthi</td><td></td></tr></table><p class="totop"><a href="#summary">back to summary</a></p>
<h3 id="m49">testclassnew.logInTest#validatelogIn</h3><table class="result"><tr class="param"><th>Parameter #1</th><th>Parameter #2</th></tr><tr class="param stripe"><td></td><td>Shanthi@tcs</td></tr></table><p class="totop"><a href="#summary">back to summary</a></p>
<h3 id="m50">testclassnew.logInTest#validatelogIn</h3><table class="result"><tr class="param"><th>Parameter #1</th><th>Parameter #2</th></tr><tr class="param stripe"><td>igprasant</td><td>Shanthi@tcs</td></tr></table><p class="totop"><a href="#summary">back to summary</a></p>
<h3 id="m51">testclassnew.searchHotelOneValidInputTest#validateOneValidInput</h3><table class="result"><tr class="param"><th>Parameter #1</th><th>Parameter #2</th><th>Parameter #3</th><th>Parameter #4</th><th>Parameter #5</th><th>Parameter #6</th><th>Parameter #7</th><th>Parameter #8</th></tr><tr class="param stripe"><td>London</td><td>Hotel Sunshine</td><td>Standard</td><td>1 - One</td><td>24/05/2025</td><td>25/05/2025</td><td>1 - One</td><td></td></tr></table><p class="totop"><a href="#summary">back to summary</a></p>
<h3 id="m52">testclassnew.selectHotelTest#validateSelectHotelPageFields</h3><table class="result"><tr><th class="invisible"/></tr></table><p class="totop"><a href="#summary">back to summary</a></p>
<h2>ValidateBookAHotelInvalidCCExpYear</h2><h3 id="m53">testclassnew.BookAHotelInvalidCCYearTest#validateInvalidCCYearinput</h3><table class="result"><tr class="param"><th>Parameter #1</th><th>Parameter #2</th><th>Parameter #3</th><th>Parameter #4</th><th>Parameter #5</th><th>Parameter #6</th><th>Parameter #7</th><th>Parameter #8</th><th>Parameter #9</th></tr><tr class="param stripe"><td>Natasha</td><td>Simha</td><td>33,towers, mumbai</td><td>2345678934569870</td><td>VISA</td><td>August</td><td>2018</td><td>345</td><td>Select Valid Year</td></tr><tr><th colspan="9">Exception</th></tr><tr><td colspan="9"><div class="stacktrace">org.openqa.selenium.TimeoutException: Expected condition failed: waiting for visibility of Proxy element for: DefaultElementLocator &apos;By.xpath: //label[@id=&apos;cc_expiry_span&apos;]&apos; (tried for 5 second(s) with 500 milliseconds interval)
	at org.openqa.selenium.support.ui.WebDriverWait.timeoutException(WebDriverWait.java:84)
	at org.openqa.selenium.support.ui.FluentWait.until(FluentWait.java:230)
	at utils.Utility.visibilityofElement(Utility.java:55)
	at pageclass.BookAHotelPage.isCCYearErrorMessageDisplayed(BookAHotelPage.java:293)
	at testclassnew.BookAHotelInvalidCCYearTest.validateInvalidCCYearinput(BookAHotelInvalidCCYearTest.java:73)
	at java.base/java.util.ArrayList.forEach(ArrayList.java:1597)
Caused by: org.openqa.selenium.NoSuchElementException: no such element: Unable to locate element: {&quot;method&quot;:&quot;xpath&quot;,&quot;selector&quot;:&quot;//label[@id=&apos;cc_expiry_span&apos;]&quot;}
  (Session info: chrome=132.0.6834.110)
For documentation on this error, please visit: https://www.selenium.dev/documentation/webdriver/troubleshooting/errors#no-such-element-exception
Build info: version: &apos;4.14.0&apos;, revision: &apos;e5a96349ce&apos;
System info: os.name: &apos;Windows 11&apos;, os.arch: &apos;amd64&apos;, os.version: &apos;10.0&apos;, java.version: &apos;23&apos;
Driver info: org.openqa.selenium.chrome.ChromeDriver
Command: [56a12ef11ac04835eda6f5d2e9e095ce, findElement {using=xpath, value=//label[@id=&apos;cc_expiry_span&apos;]}]
Capabilities {acceptInsecureCerts: false, browserName: chrome, browserVersion: 132.0.6834.110, chrome: {chromedriverVersion: 132.0.6834.110 (df453a35f09..., userDataDir: C:\Users\prabh\AppData\Loca...}, fedcm:accounts: true, goog:chromeOptions: {debuggerAddress: localhost:55955}, networkConnectionEnabled: false, pageLoadStrategy: normal, platformName: windows, proxy: Proxy(), se:cdp: ws://localhost:55955/devtoo..., se:cdpVersion: 132.0.6834.110, setWindowRect: true, strictFileInteractability: false, timeouts: {implicit: 0, pageLoad: 300000, script: 30000}, unhandledPromptBehavior: dismiss and notify, webauthn:extension:credBlob: true, webauthn:extension:largeBlob: true, webauthn:extension:minPinLength: true, webauthn:extension:prf: true, webauthn:virtualAuthenticators: true}
Session ID: 56a12ef11ac04835eda6f5d2e9e095ce
	at org.openqa.selenium.remote.codec.w3c.W3CHttpResponseCodec.createException(W3CHttpResponseCodec.java:200)
	at org.openqa.selenium.remote.codec.w3c.W3CHttpResponseCodec.decode(W3CHttpResponseCodec.java:133)
	at org.openqa.selenium.remote.codec.w3c.W3CHttpResponseCodec.decode(W3CHttpResponseCodec.java:52)
	at org.openqa.selenium.remote.HttpCommandExecutor.execute(HttpCommandExecutor.java:191)
	at org.openqa.selenium.remote.service.DriverCommandExecutor.invokeExecute(DriverCommandExecutor.java:196)
	at org.openqa.selenium.remote.service.DriverCommandExecutor.execute(DriverCommandExecutor.java:171)
	at org.openqa.selenium.remote.RemoteWebDriver.execute(RemoteWebDriver.java:602)
	at org.openqa.selenium.remote.ElementLocation$ElementFinder$2.findElement(ElementLocation.java:165)
	at org.openqa.selenium.remote.ElementLocation.findElement(ElementLocation.java:59)
	at org.openqa.selenium.remote.RemoteWebDriver.findElement(RemoteWebDriver.java:359)
	at org.openqa.selenium.remote.RemoteWebDriver.findElement(RemoteWebDriver.java:353)
	at org.openqa.selenium.support.pagefactory.DefaultElementLocator.findElement(DefaultElementLocator.java:68)
	at org.openqa.selenium.support.pagefactory.internal.LocatingElementHandler.invoke(LocatingElementHandler.java:38)
	at jdk.proxy2/jdk.proxy2.$Proxy15.isDisplayed(Unknown Source)
	at org.openqa.selenium.support.ui.ExpectedConditions.elementIfVisible(ExpectedConditions.java:304)
	at org.openqa.selenium.support.ui.ExpectedConditions$10.apply(ExpectedConditions.java:290)
	at org.openqa.selenium.support.ui.ExpectedConditions$10.apply(ExpectedConditions.java:287)
	at org.openqa.selenium.support.ui.FluentWait.until(FluentWait.java:205)
	... 29 more
... Removed 28 stack frames</div></td></tr></table><p class="totop"><a href="#summary">back to summary</a></p>
<h3 id="m54">testclassnew.logInTest#validatelogIn</h3><table class="result"><tr class="param"><th>Parameter #1</th><th>Parameter #2</th></tr><tr class="param stripe"><td></td><td>Shanthi@tcs</td></tr></table><p class="totop"><a href="#summary">back to summary</a></p>
<h3 id="m55">testclassnew.logInTest#validatelogIn</h3><table class="result"><tr class="param"><th>Parameter #1</th><th>Parameter #2</th></tr><tr class="param stripe"><td>igprasanthi</td><td>Shanthi@tcs1</td></tr></table><p class="totop"><a href="#summary">back to summary</a></p>
<h3 id="m56">testclassnew.logInTest#validatelogIn</h3><table class="result"><tr class="param"><th>Parameter #1</th><th>Parameter #2</th></tr><tr class="param stripe"><td>igprasanthi</td><td></td></tr></table><p class="totop"><a href="#summary">back to summary</a></p>
<h3 id="m57">testclassnew.logInTest#validatelogIn</h3><table class="result"><tr class="param"><th>Parameter #1</th><th>Parameter #2</th></tr><tr class="param stripe"><td>igprasant</td><td>Shanthi@tcs</td></tr></table><p class="totop"><a href="#summary">back to summary</a></p>
<h3 id="m58">testclassnew.searchHotelOneValidInputTest#validateOneValidInput</h3><table class="result"><tr class="param"><th>Parameter #1</th><th>Parameter #2</th><th>Parameter #3</th><th>Parameter #4</th><th>Parameter #5</th><th>Parameter #6</th><th>Parameter #7</th><th>Parameter #8</th></tr><tr class="param stripe"><td>London</td><td>Hotel Sunshine</td><td>Standard</td><td>1 - One</td><td>24/05/2025</td><td>25/05/2025</td><td>1 - One</td><td></td></tr></table><p class="totop"><a href="#summary">back to summary</a></p>
<h3 id="m59">testclassnew.selectHotelTest#validateSelectHotelPageFields</h3><table class="result"><tr><th class="invisible"/></tr></table><p class="totop"><a href="#summary">back to summary</a></p>
<h2>BookConfirmationLastNameandRoomType</h2><h3 id="m60">testclassnew.BookHotelConfirmationLastNameDisplayCheckTest#validateRoomType</h3><table class="result"><tr><th>Exception</th></tr><tr><td><div class="stacktrace">junit.framework.ComparisonFailure: expected:&lt;null&gt; but was:&lt;Deluxe&gt;
	at junit.framework.Assert.assertEquals(Assert.java:81)
	at junit.framework.Assert.assertEquals(Assert.java:87)
	at testclassnew.BookHotelConfirmationLastNameDisplayCheckTest.validateRoomType(BookHotelConfirmationLastNameDisplayCheckTest.java:34)
	at java.base/java.util.ArrayList.forEach(ArrayList.java:1597)
... Removed 25 stack frames</div></td></tr></table><p class="totop"><a href="#summary">back to summary</a></p>
<h3 id="m61">testclassnew.BookAHotelValidDataTest#enterValidData</h3><table class="result"><tr class="param"><th>Parameter #1</th><th>Parameter #2</th><th>Parameter #3</th><th>Parameter #4</th><th>Parameter #5</th><th>Parameter #6</th><th>Parameter #7</th><th>Parameter #8</th></tr><tr class="param stripe"><td>Natasha</td><td>Sharma</td><td>33,towers, mumbai</td><td>2345678934569870</td><td>VISA</td><td>August</td><td>2026</td><td>345</td></tr></table><p class="totop"><a href="#summary">back to summary</a></p>
<h3 id="m62">testclassnew.BookHotelConfirmationLastNameDisplayCheckTest#validateLastName</h3><table class="result"><tr><th class="invisible"/></tr></table><p class="totop"><a href="#summary">back to summary</a></p>
<h3 id="m63">testclassnew.logInTest#validatelogIn</h3><table class="result"><tr class="param"><th>Parameter #1</th><th>Parameter #2</th></tr><tr class="param stripe"><td>igprasant</td><td>Shanthi@tcs</td></tr></table><p class="totop"><a href="#summary">back to summary</a></p>
<h3 id="m64">testclassnew.logInTest#validatelogIn</h3><table class="result"><tr class="param"><th>Parameter #1</th><th>Parameter #2</th></tr><tr class="param stripe"><td></td><td>Shanthi@tcs</td></tr></table><p class="totop"><a href="#summary">back to summary</a></p>
<h3 id="m65">testclassnew.logInTest#validatelogIn</h3><table class="result"><tr class="param"><th>Parameter #1</th><th>Parameter #2</th></tr><tr class="param stripe"><td>igprasanthi</td><td>Shanthi@tcs1</td></tr></table><p class="totop"><a href="#summary">back to summary</a></p>
<h3 id="m66">testclassnew.logInTest#validatelogIn</h3><table class="result"><tr class="param"><th>Parameter #1</th><th>Parameter #2</th></tr><tr class="param stripe"><td>igprasanthi</td><td></td></tr></table><p class="totop"><a href="#summary">back to summary</a></p>
<h3 id="m67">testclassnew.searchHotelOneValidInputTest#validateOneValidInput</h3><table class="result"><tr class="param"><th>Parameter #1</th><th>Parameter #2</th><th>Parameter #3</th><th>Parameter #4</th><th>Parameter #5</th><th>Parameter #6</th><th>Parameter #7</th><th>Parameter #8</th></tr><tr class="param stripe"><td>London</td><td>Hotel Sunshine</td><td>Standard</td><td>1 - One</td><td>24/05/2025</td><td>25/05/2025</td><td>1 - One</td><td></td></tr></table><p class="totop"><a href="#summary">back to summary</a></p>
<h3 id="m68">testclassnew.selectHotelTest#validateSelectHotelPageFields</h3><table class="result"><tr><th class="invisible"/></tr></table><p class="totop"><a href="#summary">back to summary</a></p>
<h2>BookAHotelErrorMessages</h2><h3 id="m69">testclassnew.BookAHotelErrorMessages#enterFNDetailsErrorMessages</h3><table class="result"><tr class="param"><th>Parameter #1</th><th>Parameter #2</th><th>Parameter #3</th><th>Parameter #4</th><th>Parameter #5</th><th>Parameter #6</th><th>Parameter #7</th><th>Parameter #8</th><th>Parameter #9</th></tr><tr class="param stripe"><td></td><td>Simha</td><td>1234,dfgh</td><td>2369874521478963</td><td>American Express</td><td>February</td><td>2018</td><td>1234</td><td>Please Enter your First Name</td></tr></table><p class="totop"><a href="#summary">back to summary</a></p>
<h3 id="m70">testclassnew.BookAHotelErrorMessages#enterFNDetailsErrorMessages</h3><table class="result"><tr class="param"><th>Parameter #1</th><th>Parameter #2</th><th>Parameter #3</th><th>Parameter #4</th><th>Parameter #5</th><th>Parameter #6</th><th>Parameter #7</th><th>Parameter #8</th><th>Parameter #9</th></tr><tr class="param stripe"><td>Natasha</td><td>Simha</td><td>1234,dfgh</td><td>2369874521478963</td><td>- Select Credit Card Type -</td><td>February</td><td>2018</td><td>2345</td><td>Please Select your Credit Card Type</td></tr></table><p class="totop"><a href="#summary">back to summary</a></p>
<h3 id="m71">testclassnew.BookAHotelErrorMessages#enterFNDetailsErrorMessages</h3><table class="result"><tr class="param"><th>Parameter #1</th><th>Parameter #2</th><th>Parameter #3</th><th>Parameter #4</th><th>Parameter #5</th><th>Parameter #6</th><th>Parameter #7</th><th>Parameter #8</th><th>Parameter #9</th></tr><tr class="param stripe"><td>Natasha</td><td>Simha</td><td></td><td>2369874521478963</td><td>Other</td><td>October</td><td>2019</td><td>123</td><td>Please Enter your Address</td></tr></table><p class="totop"><a href="#summary">back to summary</a></p>
<h3 id="m72">testclassnew.BookAHotelErrorMessages#enterFNDetailsErrorMessages</h3><table class="result"><tr class="param"><th>Parameter #1</th><th>Parameter #2</th><th>Parameter #3</th><th>Parameter #4</th><th>Parameter #5</th><th>Parameter #6</th><th>Parameter #7</th><th>Parameter #8</th><th>Parameter #9</th></tr><tr class="param stripe"><td>Natasha</td><td>Simha</td><td>33,towers,</td><td>2369874521478963</td><td>VISA</td><td>August</td><td>- Select Year -</td><td>345</td><td>Please Select your Credit Card Expiry Year</td></tr></table><p class="totop"><a href="#summary">back to summary</a></p>
<h3 id="m73">testclassnew.BookAHotelErrorMessages#enterFNDetailsErrorMessages</h3><table class="result"><tr class="param"><th>Parameter #1</th><th>Parameter #2</th><th>Parameter #3</th><th>Parameter #4</th><th>Parameter #5</th><th>Parameter #6</th><th>Parameter #7</th><th>Parameter #8</th><th>Parameter #9</th></tr><tr class="param stripe"><td>Natasha</td><td>Simha</td><td>33,towers,</td><td>2569871</td><td>VISA</td><td>August</td><td>2024</td><td>345</td><td>Please Enter your 16 Digit Credit Card Number</td></tr></table><p class="totop"><a href="#summary">back to summary</a></p>
<h3 id="m74">testclassnew.BookAHotelErrorMessages#enterFNDetailsErrorMessages</h3><table class="result"><tr class="param"><th>Parameter #1</th><th>Parameter #2</th><th>Parameter #3</th><th>Parameter #4</th><th>Parameter #5</th><th>Parameter #6</th><th>Parameter #7</th><th>Parameter #8</th><th>Parameter #9</th></tr><tr class="param stripe"><td>Natasha</td><td></td><td>1234,dfgh</td><td>2369874521478963</td><td>American Express</td><td>February</td><td>2018</td><td>1234</td><td>Please Enter you Last Name</td></tr></table><p class="totop"><a href="#summary">back to summary</a></p>
<h3 id="m75">testclassnew.BookAHotelErrorMessages#enterFNDetailsErrorMessages</h3><table class="result"><tr class="param"><th>Parameter #1</th><th>Parameter #2</th><th>Parameter #3</th><th>Parameter #4</th><th>Parameter #5</th><th>Parameter #6</th><th>Parameter #7</th><th>Parameter #8</th><th>Parameter #9</th></tr><tr class="param stripe"><td>Natasha</td><td>Simha</td><td>1234,dfgh</td><td></td><td>American Express</td><td>February</td><td>2018</td><td>2345</td><td>Please Enter your 16 Digit Credit Card Number</td></tr></table><p class="totop"><a href="#summary">back to summary</a></p>
<h3 id="m76">testclassnew.BookAHotelErrorMessages#enterFNDetailsErrorMessages</h3><table class="result"><tr class="param"><th>Parameter #1</th><th>Parameter #2</th><th>Parameter #3</th><th>Parameter #4</th><th>Parameter #5</th><th>Parameter #6</th><th>Parameter #7</th><th>Parameter #8</th><th>Parameter #9</th></tr><tr class="param stripe"><td>Natasha</td><td>Simha</td><td>33,towers,</td><td>2369874521478963</td><td>American Express</td><td>- Select Month -</td><td>2018</td><td>2345</td><td>Please Select your Credit Card Expiry Month</td></tr></table><p class="totop"><a href="#summary">back to summary</a></p>
<h3 id="m77">testclassnew.BookAHotelErrorMessages#enterFNDetailsErrorMessages</h3><table class="result"><tr class="param"><th>Parameter #1</th><th>Parameter #2</th><th>Parameter #3</th><th>Parameter #4</th><th>Parameter #5</th><th>Parameter #6</th><th>Parameter #7</th><th>Parameter #8</th><th>Parameter #9</th></tr><tr class="param stripe"><td>Natasha</td><td>Simha</td><td>33,towers,</td><td>2369874521478963</td><td>VISA</td><td>August</td><td>2024</td><td></td><td>Please Enter your Credit Card CVV Number</td></tr></table><p class="totop"><a href="#summary">back to summary</a></p>
<h3 id="m78">testclassnew.logInTest#validatelogIn</h3><table class="result"><tr class="param"><th>Parameter #1</th><th>Parameter #2</th></tr><tr class="param stripe"><td>igprasant</td><td>Shanthi@tcs</td></tr></table><p class="totop"><a href="#summary">back to summary</a></p>
<h3 id="m79">testclassnew.logInTest#validatelogIn</h3><table class="result"><tr class="param"><th>Parameter #1</th><th>Parameter #2</th></tr><tr class="param stripe"><td>igprasanthi</td><td>Shanthi@tcs1</td></tr></table><p class="totop"><a href="#summary">back to summary</a></p>
<h3 id="m80">testclassnew.logInTest#validatelogIn</h3><table class="result"><tr class="param"><th>Parameter #1</th><th>Parameter #2</th></tr><tr class="param stripe"><td></td><td>Shanthi@tcs</td></tr></table><p class="totop"><a href="#summary">back to summary</a></p>
<h3 id="m81">testclassnew.logInTest#validatelogIn</h3><table class="result"><tr class="param"><th>Parameter #1</th><th>Parameter #2</th></tr><tr class="param stripe"><td>igprasanthi</td><td></td></tr></table><p class="totop"><a href="#summary">back to summary</a></p>
<h3 id="m82">testclassnew.searchHotelOneValidInputTest#validateOneValidInput</h3><table class="result"><tr class="param"><th>Parameter #1</th><th>Parameter #2</th><th>Parameter #3</th><th>Parameter #4</th><th>Parameter #5</th><th>Parameter #6</th><th>Parameter #7</th><th>Parameter #8</th></tr><tr class="param stripe"><td>London</td><td>Hotel Sunshine</td><td>Standard</td><td>1 - One</td><td>24/05/2025</td><td>25/05/2025</td><td>1 - One</td><td></td></tr></table><p class="totop"><a href="#summary">back to summary</a></p>
<h3 id="m83">testclassnew.selectHotelTest#validateSelectHotelPageFields</h3><table class="result"><tr><th class="invisible"/></tr></table><p class="totop"><a href="#summary">back to summary</a></p>
<h2>ValidEndtoEndFlow</h2><h3 id="m84">testclassnew.BookAHotelConfirmationTest#validateBookAHotelConfimationPage</h3><table class="result"><tr><th class="invisible"/></tr></table><p class="totop"><a href="#summary">back to summary</a></p>
<h3 id="m85">testclassnew.BookAHotelConfirmationTest#validateallFiledsandValues</h3><table class="result"><tr><th class="invisible"/></tr></table><p class="totop"><a href="#summary">back to summary</a></p>
<h3 id="m86">testclassnew.BookAHotelValidDataTest#enterValidData</h3><table class="result"><tr class="param"><th>Parameter #1</th><th>Parameter #2</th><th>Parameter #3</th><th>Parameter #4</th><th>Parameter #5</th><th>Parameter #6</th><th>Parameter #7</th><th>Parameter #8</th></tr><tr class="param stripe"><td>Natasha</td><td>Sharma</td><td>33,towers, mumbai</td><td>2345678934569870</td><td>VISA</td><td>August</td><td>2026</td><td>345</td></tr></table><p class="totop"><a href="#summary">back to summary</a></p>
<h3 id="m87">testclassnew.logInTest#validatelogIn</h3><table class="result"><tr class="param"><th>Parameter #1</th><th>Parameter #2</th></tr><tr class="param stripe"><td></td><td>Shanthi@tcs</td></tr></table><p class="totop"><a href="#summary">back to summary</a></p>
<h3 id="m88">testclassnew.logInTest#validatelogIn</h3><table class="result"><tr class="param"><th>Parameter #1</th><th>Parameter #2</th></tr><tr class="param stripe"><td>igprasanthi</td><td>Shanthi@tcs1</td></tr></table><p class="totop"><a href="#summary">back to summary</a></p>
<h3 id="m89">testclassnew.logInTest#validatelogIn</h3><table class="result"><tr class="param"><th>Parameter #1</th><th>Parameter #2</th></tr><tr class="param stripe"><td>igprasanthi</td><td></td></tr></table><p class="totop"><a href="#summary">back to summary</a></p>
<h3 id="m90">testclassnew.logInTest#validatelogIn</h3><table class="result"><tr class="param"><th>Parameter #1</th><th>Parameter #2</th></tr><tr class="param stripe"><td>igprasant</td><td>Shanthi@tcs</td></tr></table><p class="totop"><a href="#summary">back to summary</a></p>
<h3 id="m91">testclassnew.searchHotelOneValidInputTest#validateOneValidInput</h3><table class="result"><tr class="param"><th>Parameter #1</th><th>Parameter #2</th><th>Parameter #3</th><th>Parameter #4</th><th>Parameter #5</th><th>Parameter #6</th><th>Parameter #7</th><th>Parameter #8</th></tr><tr class="param stripe"><td>London</td><td>Hotel Sunshine</td><td>Standard</td><td>1 - One</td><td>24/05/2025</td><td>25/05/2025</td><td>1 - One</td><td></td></tr></table><p class="totop"><a href="#summary">back to summary</a></p>
<h3 id="m92">testclassnew.selectHotelTest#validateSelectHotelPageFields</h3><table class="result"><tr><th class="invisible"/></tr></table><p class="totop"><a href="#summary">back to summary</a></p>
</body>
</html>
