<?xml version="1.0" encoding="UTF-8"?>
<testng-results ignored="46" total="139" passed="88" failed="5" skipped="0">
  <reporter-output>
  </reporter-output>
  <suite started-at="2025-01-23T22:47:03 GMT" name="Suite" finished-at="2025-01-23T22:54:31 GMT" duration-ms="448375">
    <groups>
    </groups>
    <test started-at="2025-01-23T22:47:03 GMT" name="CheckInCheckOutPastDates" finished-at="2025-01-23T22:47:45 GMT" duration-ms="42789">
      <class name="testclassnew.logInTest">
        <test-method is-config="true" signature="launchBrowser(java.lang.String,java.lang.String)[pri:0, instance:testclassnew.logInTest@22ff4249]" started-at="2025-01-23T22:47:03 GMT" name="launchBrowser" finished-at="2025-01-23T22:47:15 GMT" duration-ms="12292" status="PASS">
          <params>
            <param index="0">
              <value>
                <![CDATA[chrome]]>
              </value>
            </param>
            <param index="1">
              <value>
                <![CDATA[https://adactinhotelapp.com/index.php]]>
              </value>
            </param>
          </params>
          <reporter-output>
          </reporter-output>
        </test-method> <!-- launchBrowser -->
        <test-method signature="validatelogIn(java.lang.String,java.lang.String)[pri:0, instance:testclassnew.logInTest@22ff4249]" started-at="2025-01-23T22:47:17 GMT" name="validatelogIn" data-provider="logInTestData" finished-at="2025-01-23T22:47:18 GMT" duration-ms="872" status="PASS">
          <params>
            <param index="0">
              <value>
                <![CDATA[]]>
              </value>
            </param>
            <param index="1">
              <value>
                <![CDATA[Shanthi@tcs]]>
              </value>
            </param>
          </params>
          <reporter-output>
          </reporter-output>
        </test-method> <!-- validatelogIn -->
        <test-method signature="validatelogIn(java.lang.String,java.lang.String)[pri:0, instance:testclassnew.logInTest@22ff4249]" started-at="2025-01-23T22:47:18 GMT" name="validatelogIn" data-provider="logInTestData" finished-at="2025-01-23T22:47:19 GMT" duration-ms="651" status="PASS">
          <params>
            <param index="0">
              <value>
                <![CDATA[igprasanthi]]>
              </value>
            </param>
            <param index="1">
              <value>
                <![CDATA[]]>
              </value>
            </param>
          </params>
          <reporter-output>
          </reporter-output>
        </test-method> <!-- validatelogIn -->
        <test-method signature="validatelogIn(java.lang.String,java.lang.String)[pri:0, instance:testclassnew.logInTest@22ff4249]" started-at="2025-01-23T22:47:19 GMT" name="validatelogIn" data-provider="logInTestData" finished-at="2025-01-23T22:47:20 GMT" duration-ms="1160" status="PASS">
          <params>
            <param index="0">
              <value>
                <![CDATA[igprasant]]>
              </value>
            </param>
            <param index="1">
              <value>
                <![CDATA[Shanthi@tcs]]>
              </value>
            </param>
          </params>
          <reporter-output>
          </reporter-output>
        </test-method> <!-- validatelogIn -->
        <test-method signature="validatelogIn(java.lang.String,java.lang.String)[pri:0, instance:testclassnew.logInTest@22ff4249]" started-at="2025-01-23T22:47:20 GMT" name="validatelogIn" data-provider="logInTestData" finished-at="2025-01-23T22:47:32 GMT" duration-ms="12044" status="PASS">
          <params>
            <param index="0">
              <value>
                <![CDATA[igprasanthi]]>
              </value>
            </param>
            <param index="1">
              <value>
                <![CDATA[Shanthi@tcs1]]>
              </value>
            </param>
          </params>
          <reporter-output>
          </reporter-output>
        </test-method> <!-- validatelogIn -->
        <test-method is-config="true" signature="closeBrowser()[pri:0, instance:testclassnew.logInTest@22ff4249]" started-at="2025-01-23T22:47:45 GMT" name="closeBrowser" finished-at="2025-01-23T22:47:45 GMT" duration-ms="362" status="PASS">
          <reporter-output>
          </reporter-output>
        </test-method> <!-- closeBrowser -->
      </class> <!-- testclassnew.logInTest -->
      <class name="testclassnew.searchHotelPastCheckInCheckOutTest">
        <test-method signature="validatePastDatesErrorMessages(java.lang.String,java.lang.String,java.lang.String,java.lang.String,java.lang.String,java.lang.String,java.lang.String,java.lang.String,java.lang.String)[pri:0, instance:testclassnew.searchHotelPastCheckInCheckOutTest@1573f9fc]" started-at="2025-01-23T22:47:32 GMT" name="validatePastDatesErrorMessages" data-provider="searchHotelPastDatesErrorMessagesTestData" finished-at="2025-01-23T22:47:45 GMT" duration-ms="12670" status="FAIL">
          <params>
            <param index="0">
              <value>
                <![CDATA[Sydney]]>
              </value>
            </param>
            <param index="1">
              <value>
                <![CDATA[]]>
              </value>
            </param>
            <param index="2">
              <value>
                <![CDATA[]]>
              </value>
            </param>
            <param index="3">
              <value>
                <![CDATA[1 - One]]>
              </value>
            </param>
            <param index="4">
              <value>
                <![CDATA[12/05/2024]]>
              </value>
            </param>
            <param index="5">
              <value>
                <![CDATA[12/05/2024]]>
              </value>
            </param>
            <param index="6">
              <value>
                <![CDATA[2 - Two]]>
              </value>
            </param>
            <param index="7">
              <value>
                <![CDATA[]]>
              </value>
            </param>
            <param index="8">
              <value>
                <![CDATA[Please enter valid CheckIn Date]]>
              </value>
            </param>
          </params>
          <exception class="org.openqa.selenium.NoSuchElementException">
            <message>
              <![CDATA[no such element: Unable to locate element: {"method":"css selector","selector":"#checkin_span"}
  (Session info: chrome=132.0.6834.110)
For documentation on this error, please visit: https://www.selenium.dev/documentation/webdriver/troubleshooting/errors#no-such-element-exception
Build info: version: '4.14.0', revision: 'e5a96349ce'
System info: os.name: 'Windows 11', os.arch: 'amd64', os.version: '10.0', java.version: '23'
Driver info: org.openqa.selenium.chrome.ChromeDriver
Command: [7f3751905fa86b38b77d1e3345fb75cd, findElement {using=id, value=checkin_span}]
Capabilities {acceptInsecureCerts: false, browserName: chrome, browserVersion: 132.0.6834.110, chrome: {chromedriverVersion: 132.0.6834.110 (df453a35f09..., userDataDir: C:\Users\prabh\AppData\Loca...}, fedcm:accounts: true, goog:chromeOptions: {debuggerAddress: localhost:55698}, networkConnectionEnabled: false, pageLoadStrategy: normal, platformName: windows, proxy: Proxy(), se:cdp: ws://localhost:55698/devtoo..., se:cdpVersion: 132.0.6834.110, setWindowRect: true, strictFileInteractability: false, timeouts: {implicit: 0, pageLoad: 300000, script: 30000}, unhandledPromptBehavior: dismiss and notify, webauthn:extension:credBlob: true, webauthn:extension:largeBlob: true, webauthn:extension:minPinLength: true, webauthn:extension:prf: true, webauthn:virtualAuthenticators: true}
Session ID: 7f3751905fa86b38b77d1e3345fb75cd]]>
            </message>
            <full-stacktrace>
              <![CDATA[org.openqa.selenium.NoSuchElementException: no such element: Unable to locate element: {"method":"css selector","selector":"#checkin_span"}
  (Session info: chrome=132.0.6834.110)
For documentation on this error, please visit: https://www.selenium.dev/documentation/webdriver/troubleshooting/errors#no-such-element-exception
Build info: version: '4.14.0', revision: 'e5a96349ce'
System info: os.name: 'Windows 11', os.arch: 'amd64', os.version: '10.0', java.version: '23'
Driver info: org.openqa.selenium.chrome.ChromeDriver
Command: [7f3751905fa86b38b77d1e3345fb75cd, findElement {using=id, value=checkin_span}]
Capabilities {acceptInsecureCerts: false, browserName: chrome, browserVersion: 132.0.6834.110, chrome: {chromedriverVersion: 132.0.6834.110 (df453a35f09..., userDataDir: C:\Users\prabh\AppData\Loca...}, fedcm:accounts: true, goog:chromeOptions: {debuggerAddress: localhost:55698}, networkConnectionEnabled: false, pageLoadStrategy: normal, platformName: windows, proxy: Proxy(), se:cdp: ws://localhost:55698/devtoo..., se:cdpVersion: 132.0.6834.110, setWindowRect: true, strictFileInteractability: false, timeouts: {implicit: 0, pageLoad: 300000, script: 30000}, unhandledPromptBehavior: dismiss and notify, webauthn:extension:credBlob: true, webauthn:extension:largeBlob: true, webauthn:extension:minPinLength: true, webauthn:extension:prf: true, webauthn:virtualAuthenticators: true}
Session ID: 7f3751905fa86b38b77d1e3345fb75cd
at java.base/jdk.internal.reflect.DirectConstructorHandleAccessor.newInstance(DirectConstructorHandleAccessor.java:62)
at java.base/java.lang.reflect.Constructor.newInstanceWithCaller(Constructor.java:501)
at java.base/java.lang.reflect.Constructor.newInstance(Constructor.java:485)
at org.openqa.selenium.remote.codec.w3c.W3CHttpResponseCodec.createException(W3CHttpResponseCodec.java:200)
at org.openqa.selenium.remote.codec.w3c.W3CHttpResponseCodec.decode(W3CHttpResponseCodec.java:133)
at org.openqa.selenium.remote.codec.w3c.W3CHttpResponseCodec.decode(W3CHttpResponseCodec.java:52)
at org.openqa.selenium.remote.HttpCommandExecutor.execute(HttpCommandExecutor.java:191)
at org.openqa.selenium.remote.service.DriverCommandExecutor.invokeExecute(DriverCommandExecutor.java:196)
at org.openqa.selenium.remote.service.DriverCommandExecutor.execute(DriverCommandExecutor.java:171)
at org.openqa.selenium.remote.RemoteWebDriver.execute(RemoteWebDriver.java:602)
at org.openqa.selenium.remote.ElementLocation$ElementFinder$2.findElement(ElementLocation.java:165)
at org.openqa.selenium.remote.ElementLocation.findElement(ElementLocation.java:59)
at org.openqa.selenium.remote.RemoteWebDriver.findElement(RemoteWebDriver.java:359)
at org.openqa.selenium.remote.RemoteWebDriver.findElement(RemoteWebDriver.java:353)
at org.openqa.selenium.support.pagefactory.DefaultElementLocator.findElement(DefaultElementLocator.java:68)
at org.openqa.selenium.support.pagefactory.internal.LocatingElementHandler.invoke(LocatingElementHandler.java:38)
at jdk.proxy2/jdk.proxy2.$Proxy15.isDisplayed(Unknown Source)
at pageclass.SearchHotelPage.isCheckInDateErrorDisplayed(SearchHotelPage.java:191)
at testclassnew.searchHotelPastCheckInCheckOutTest.validatePastDatesErrorMessages(searchHotelPastCheckInCheckOutTest.java:71)
at java.base/jdk.internal.reflect.DirectMethodHandleAccessor.invoke(DirectMethodHandleAccessor.java:103)
at java.base/java.lang.reflect.Method.invoke(Method.java:580)
at org.testng.internal.MethodInvocationHelper.invokeMethod(MethodInvocationHelper.java:133)
at org.testng.internal.TestInvoker.invokeMethod(TestInvoker.java:598)
at org.testng.internal.TestInvoker.invokeTestMethod(TestInvoker.java:173)
at org.testng.internal.MethodRunner.runInSequence(MethodRunner.java:46)
at org.testng.internal.TestInvoker$MethodInvocationAgent.invoke(TestInvoker.java:824)
at org.testng.internal.TestInvoker.invokeTestMethods(TestInvoker.java:146)
at org.testng.internal.TestMethodWorker.invokeTestMethods(TestMethodWorker.java:146)
at org.testng.internal.TestMethodWorker.run(TestMethodWorker.java:128)
at java.base/java.util.ArrayList.forEach(ArrayList.java:1597)
at org.testng.TestRunner.privateRun(TestRunner.java:794)
at org.testng.TestRunner.run(TestRunner.java:596)
at org.testng.SuiteRunner.runTest(SuiteRunner.java:377)
at org.testng.SuiteRunner.runSequentially(SuiteRunner.java:371)
at org.testng.SuiteRunner.privateRun(SuiteRunner.java:332)
at org.testng.SuiteRunner.run(SuiteRunner.java:276)
at org.testng.SuiteRunnerWorker.runSuite(SuiteRunnerWorker.java:53)
at org.testng.SuiteRunnerWorker.run(SuiteRunnerWorker.java:96)
at org.testng.TestNG.runSuitesSequentially(TestNG.java:1212)
at org.testng.TestNG.runSuitesLocally(TestNG.java:1134)
at org.testng.TestNG.runSuites(TestNG.java:1063)
at org.testng.TestNG.run(TestNG.java:1031)
at org.testng.remote.AbstractRemoteTestNG.run(AbstractRemoteTestNG.java:115)
at org.testng.remote.RemoteTestNG.initAndRun(RemoteTestNG.java:293)
at org.testng.remote.RemoteTestNG.main(RemoteTestNG.java:91)
]]>
            </full-stacktrace>
          </exception> <!-- org.openqa.selenium.NoSuchElementException -->
          <reporter-output>
          </reporter-output>
        </test-method> <!-- validatePastDatesErrorMessages -->
      </class> <!-- testclassnew.searchHotelPastCheckInCheckOutTest -->
    </test> <!-- CheckInCheckOutPastDates -->
    <test started-at="2025-01-23T22:47:46 GMT" name="MoreNoofDaysPriceValidation" finished-at="2025-01-23T22:48:13 GMT" duration-ms="27181">
      <class name="testclassnew.logInTest">
        <test-method is-config="true" signature="launchBrowser(java.lang.String,java.lang.String)[pri:0, instance:testclassnew.logInTest@279fedbd]" started-at="2025-01-23T22:47:46 GMT" name="launchBrowser" finished-at="2025-01-23T22:47:56 GMT" duration-ms="10206" status="PASS">
          <params>
            <param index="0">
              <value>
                <![CDATA[chrome]]>
              </value>
            </param>
            <param index="1">
              <value>
                <![CDATA[https://adactinhotelapp.com/index.php]]>
              </value>
            </param>
          </params>
          <reporter-output>
          </reporter-output>
        </test-method> <!-- launchBrowser -->
        <test-method signature="validatelogIn(java.lang.String,java.lang.String)[pri:0, instance:testclassnew.logInTest@279fedbd]" started-at="2025-01-23T22:47:56 GMT" name="validatelogIn" data-provider="logInTestData" finished-at="2025-01-23T22:47:57 GMT" duration-ms="657" status="PASS">
          <params>
            <param index="0">
              <value>
                <![CDATA[]]>
              </value>
            </param>
            <param index="1">
              <value>
                <![CDATA[Shanthi@tcs]]>
              </value>
            </param>
          </params>
          <reporter-output>
          </reporter-output>
        </test-method> <!-- validatelogIn -->
        <test-method signature="validatelogIn(java.lang.String,java.lang.String)[pri:0, instance:testclassnew.logInTest@279fedbd]" started-at="2025-01-23T22:47:57 GMT" name="validatelogIn" data-provider="logInTestData" finished-at="2025-01-23T22:47:57 GMT" duration-ms="508" status="PASS">
          <params>
            <param index="0">
              <value>
                <![CDATA[igprasanthi]]>
              </value>
            </param>
            <param index="1">
              <value>
                <![CDATA[]]>
              </value>
            </param>
          </params>
          <reporter-output>
          </reporter-output>
        </test-method> <!-- validatelogIn -->
        <test-method signature="validatelogIn(java.lang.String,java.lang.String)[pri:0, instance:testclassnew.logInTest@279fedbd]" started-at="2025-01-23T22:47:57 GMT" name="validatelogIn" data-provider="logInTestData" finished-at="2025-01-23T22:47:58 GMT" duration-ms="850" status="PASS">
          <params>
            <param index="0">
              <value>
                <![CDATA[igprasant]]>
              </value>
            </param>
            <param index="1">
              <value>
                <![CDATA[Shanthi@tcs]]>
              </value>
            </param>
          </params>
          <reporter-output>
          </reporter-output>
        </test-method> <!-- validatelogIn -->
        <test-method signature="validatelogIn(java.lang.String,java.lang.String)[pri:0, instance:testclassnew.logInTest@279fedbd]" started-at="2025-01-23T22:47:58 GMT" name="validatelogIn" data-provider="logInTestData" finished-at="2025-01-23T22:48:09 GMT" duration-ms="11313" status="PASS">
          <params>
            <param index="0">
              <value>
                <![CDATA[igprasanthi]]>
              </value>
            </param>
            <param index="1">
              <value>
                <![CDATA[Shanthi@tcs1]]>
              </value>
            </param>
          </params>
          <reporter-output>
          </reporter-output>
        </test-method> <!-- validatelogIn -->
        <test-method is-config="true" signature="closeBrowser()[pri:0, instance:testclassnew.logInTest@279fedbd]" started-at="2025-01-23T22:48:12 GMT" name="closeBrowser" finished-at="2025-01-23T22:48:13 GMT" duration-ms="343" status="PASS">
          <reporter-output>
          </reporter-output>
        </test-method> <!-- closeBrowser -->
      </class> <!-- testclassnew.logInTest -->
      <class name="testclassnew.searchHotelMoreDaysTest">
        <test-method signature="validateOneValidInput(java.lang.String,java.lang.String,java.lang.String,java.lang.String,java.lang.String,java.lang.String,java.lang.String,java.lang.String)[pri:0, instance:testclassnew.searchHotelMoreDaysTest@b3ca52e]" started-at="2025-01-23T22:48:09 GMT" name="validateOneValidInput" data-provider="searchHotelMoreDaysInputValidate" finished-at="2025-01-23T22:48:12 GMT" duration-ms="2268" status="PASS">
          <params>
            <param index="0">
              <value>
                <![CDATA[London]]>
              </value>
            </param>
            <param index="1">
              <value>
                <![CDATA[Hotel Sunshine]]>
              </value>
            </param>
            <param index="2">
              <value>
                <![CDATA[Standard]]>
              </value>
            </param>
            <param index="3">
              <value>
                <![CDATA[1 - One]]>
              </value>
            </param>
            <param index="4">
              <value>
                <![CDATA[24/05/2025]]>
              </value>
            </param>
            <param index="5">
              <value>
                <![CDATA[28/05/2025]]>
              </value>
            </param>
            <param index="6">
              <value>
                <![CDATA[1 - One]]>
              </value>
            </param>
            <param index="7">
              <value>
                <![CDATA[]]>
              </value>
            </param>
          </params>
          <reporter-output>
          </reporter-output>
        </test-method> <!-- validateOneValidInput -->
      </class> <!-- testclassnew.searchHotelMoreDaysTest -->
      <class name="testclassnew.selectHotelMoreDaysPriceTest">
        <test-method signature="MoreDaysTotalPriceofRoom()[pri:0, instance:testclassnew.selectHotelMoreDaysPriceTest@45c7e403]" started-at="2025-01-23T22:48:12 GMT" name="MoreDaysTotalPriceofRoom" finished-at="2025-01-23T22:48:12 GMT" duration-ms="711" status="PASS">
          <reporter-output>
          </reporter-output>
        </test-method> <!-- MoreDaysTotalPriceofRoom -->
      </class> <!-- testclassnew.selectHotelMoreDaysPriceTest -->
    </test> <!-- MoreNoofDaysPriceValidation -->
    <test started-at="2025-01-23T22:48:13 GMT" name="MoreNoofRoomsPriceValidation" finished-at="2025-01-23T22:48:38 GMT" duration-ms="25498">
      <class name="testclassnew.logInTest">
        <test-method is-config="true" signature="launchBrowser(java.lang.String,java.lang.String)[pri:0, instance:testclassnew.logInTest@8297b3a]" started-at="2025-01-23T22:48:13 GMT" name="launchBrowser" finished-at="2025-01-23T22:48:21 GMT" duration-ms="8431" status="PASS">
          <params>
            <param index="0">
              <value>
                <![CDATA[chrome]]>
              </value>
            </param>
            <param index="1">
              <value>
                <![CDATA[https://adactinhotelapp.com/index.php]]>
              </value>
            </param>
          </params>
          <reporter-output>
          </reporter-output>
        </test-method> <!-- launchBrowser -->
        <test-method signature="validatelogIn(java.lang.String,java.lang.String)[pri:0, instance:testclassnew.logInTest@8297b3a]" started-at="2025-01-23T22:48:21 GMT" name="validatelogIn" data-provider="logInTestData" finished-at="2025-01-23T22:48:22 GMT" duration-ms="700" status="PASS">
          <params>
            <param index="0">
              <value>
                <![CDATA[]]>
              </value>
            </param>
            <param index="1">
              <value>
                <![CDATA[Shanthi@tcs]]>
              </value>
            </param>
          </params>
          <reporter-output>
          </reporter-output>
        </test-method> <!-- validatelogIn -->
        <test-method signature="validatelogIn(java.lang.String,java.lang.String)[pri:0, instance:testclassnew.logInTest@8297b3a]" started-at="2025-01-23T22:48:22 GMT" name="validatelogIn" data-provider="logInTestData" finished-at="2025-01-23T22:48:22 GMT" duration-ms="470" status="PASS">
          <params>
            <param index="0">
              <value>
                <![CDATA[igprasanthi]]>
              </value>
            </param>
            <param index="1">
              <value>
                <![CDATA[]]>
              </value>
            </param>
          </params>
          <reporter-output>
          </reporter-output>
        </test-method> <!-- validatelogIn -->
        <test-method signature="validatelogIn(java.lang.String,java.lang.String)[pri:0, instance:testclassnew.logInTest@8297b3a]" started-at="2025-01-23T22:48:22 GMT" name="validatelogIn" data-provider="logInTestData" finished-at="2025-01-23T22:48:23 GMT" duration-ms="833" status="PASS">
          <params>
            <param index="0">
              <value>
                <![CDATA[igprasant]]>
              </value>
            </param>
            <param index="1">
              <value>
                <![CDATA[Shanthi@tcs]]>
              </value>
            </param>
          </params>
          <reporter-output>
          </reporter-output>
        </test-method> <!-- validatelogIn -->
        <test-method signature="validatelogIn(java.lang.String,java.lang.String)[pri:0, instance:testclassnew.logInTest@8297b3a]" started-at="2025-01-23T22:48:23 GMT" name="validatelogIn" data-provider="logInTestData" finished-at="2025-01-23T22:48:35 GMT" duration-ms="11405" status="PASS">
          <params>
            <param index="0">
              <value>
                <![CDATA[igprasanthi]]>
              </value>
            </param>
            <param index="1">
              <value>
                <![CDATA[Shanthi@tcs1]]>
              </value>
            </param>
          </params>
          <reporter-output>
          </reporter-output>
        </test-method> <!-- validatelogIn -->
        <test-method is-config="true" signature="closeBrowser()[pri:0, instance:testclassnew.logInTest@8297b3a]" started-at="2025-01-23T22:48:38 GMT" name="closeBrowser" finished-at="2025-01-23T22:48:38 GMT" duration-ms="346" status="PASS">
          <reporter-output>
          </reporter-output>
        </test-method> <!-- closeBrowser -->
      </class> <!-- testclassnew.logInTest -->
      <class name="testclassnew.searchHotelMoreRoomsPriceTest">
        <test-method signature="MoreRoomsInput(java.lang.String,java.lang.String,java.lang.String,java.lang.String,java.lang.String,java.lang.String,java.lang.String,java.lang.String)[pri:0, instance:testclassnew.searchHotelMoreRoomsPriceTest@2362f559]" started-at="2025-01-23T22:48:35 GMT" name="MoreRoomsInput" data-provider="searchHotelMoreRoomsInputValidate" finished-at="2025-01-23T22:48:37 GMT" duration-ms="2577" status="PASS">
          <params>
            <param index="0">
              <value>
                <![CDATA[London]]>
              </value>
            </param>
            <param index="1">
              <value>
                <![CDATA[Hotel Sunshine]]>
              </value>
            </param>
            <param index="2">
              <value>
                <![CDATA[Standard]]>
              </value>
            </param>
            <param index="3">
              <value>
                <![CDATA[3 - Three]]>
              </value>
            </param>
            <param index="4">
              <value>
                <![CDATA[24/01/2025]]>
              </value>
            </param>
            <param index="5">
              <value>
                <![CDATA[25/01/2025]]>
              </value>
            </param>
            <param index="6">
              <value>
                <![CDATA[2 - Two]]>
              </value>
            </param>
            <param index="7">
              <value>
                <![CDATA[]]>
              </value>
            </param>
          </params>
          <reporter-output>
          </reporter-output>
        </test-method> <!-- MoreRoomsInput -->
      </class> <!-- testclassnew.searchHotelMoreRoomsPriceTest -->
      <class name="testclassnew.selectHotelMoreRoomsPriceTest">
        <test-method signature="MoreDaysTotalPriceofRoom()[pri:0, instance:testclassnew.selectHotelMoreRoomsPriceTest@b2c9a9c]" started-at="2025-01-23T22:48:37 GMT" name="MoreDaysTotalPriceofRoom" finished-at="2025-01-23T22:48:38 GMT" duration-ms="486" status="FAIL">
          <exception class="junit.framework.AssertionFailedError">
            <message>
              <![CDATA[expected:<535.0> but was:<185.0>]]>
            </message>
            <full-stacktrace>
              <![CDATA[junit.framework.AssertionFailedError: expected:<535.0> but was:<185.0>
at junit.framework.Assert.fail(Assert.java:47)
at junit.framework.Assert.failNotEquals(Assert.java:282)
at junit.framework.Assert.assertEquals(Assert.java:64)
at junit.framework.Assert.assertEquals(Assert.java:71)
at testclassnew.selectHotelMoreRoomsPriceTest.MoreDaysTotalPriceofRoom(selectHotelMoreRoomsPriceTest.java:33)
at java.base/jdk.internal.reflect.DirectMethodHandleAccessor.invoke(DirectMethodHandleAccessor.java:103)
at java.base/java.lang.reflect.Method.invoke(Method.java:580)
at org.testng.internal.MethodInvocationHelper.invokeMethod(MethodInvocationHelper.java:133)
at org.testng.internal.TestInvoker.invokeMethod(TestInvoker.java:598)
at org.testng.internal.TestInvoker.invokeTestMethod(TestInvoker.java:173)
at org.testng.internal.MethodRunner.runInSequence(MethodRunner.java:46)
at org.testng.internal.TestInvoker$MethodInvocationAgent.invoke(TestInvoker.java:824)
at org.testng.internal.TestInvoker.invokeTestMethods(TestInvoker.java:146)
at org.testng.internal.TestMethodWorker.invokeTestMethods(TestMethodWorker.java:146)
at org.testng.internal.TestMethodWorker.run(TestMethodWorker.java:128)
at java.base/java.util.ArrayList.forEach(ArrayList.java:1597)
at org.testng.TestRunner.privateRun(TestRunner.java:794)
at org.testng.TestRunner.run(TestRunner.java:596)
at org.testng.SuiteRunner.runTest(SuiteRunner.java:377)
at org.testng.SuiteRunner.runSequentially(SuiteRunner.java:371)
at org.testng.SuiteRunner.privateRun(SuiteRunner.java:332)
at org.testng.SuiteRunner.run(SuiteRunner.java:276)
at org.testng.SuiteRunnerWorker.runSuite(SuiteRunnerWorker.java:53)
at org.testng.SuiteRunnerWorker.run(SuiteRunnerWorker.java:96)
at org.testng.TestNG.runSuitesSequentially(TestNG.java:1212)
at org.testng.TestNG.runSuitesLocally(TestNG.java:1134)
at org.testng.TestNG.runSuites(TestNG.java:1063)
at org.testng.TestNG.run(TestNG.java:1031)
at org.testng.remote.AbstractRemoteTestNG.run(AbstractRemoteTestNG.java:115)
at org.testng.remote.RemoteTestNG.initAndRun(RemoteTestNG.java:293)
at org.testng.remote.RemoteTestNG.main(RemoteTestNG.java:91)
]]>
            </full-stacktrace>
          </exception> <!-- junit.framework.AssertionFailedError -->
          <reporter-output>
          </reporter-output>
        </test-method> <!-- MoreDaysTotalPriceofRoom -->
      </class> <!-- testclassnew.selectHotelMoreRoomsPriceTest -->
    </test> <!-- MoreNoofRoomsPriceValidation -->
    <test started-at="2025-01-23T22:48:38 GMT" name="SearchHotelErrorsandalldataValidation" finished-at="2025-01-23T22:50:41 GMT" duration-ms="122429">
      <class name="testclassnew.logInTest">
        <test-method is-config="true" signature="launchBrowser(java.lang.String,java.lang.String)[pri:0, instance:testclassnew.logInTest@77f1baf5]" started-at="2025-01-23T22:48:38 GMT" name="launchBrowser" finished-at="2025-01-23T22:48:45 GMT" duration-ms="7183" status="PASS">
          <params>
            <param index="0">
              <value>
                <![CDATA[chrome]]>
              </value>
            </param>
            <param index="1">
              <value>
                <![CDATA[https://adactinhotelapp.com/index.php]]>
              </value>
            </param>
          </params>
          <reporter-output>
          </reporter-output>
        </test-method> <!-- launchBrowser -->
        <test-method signature="validatelogIn(java.lang.String,java.lang.String)[pri:0, instance:testclassnew.logInTest@77f1baf5]" started-at="2025-01-23T22:48:46 GMT" name="validatelogIn" data-provider="logInTestData" finished-at="2025-01-23T22:48:46 GMT" duration-ms="654" status="PASS">
          <params>
            <param index="0">
              <value>
                <![CDATA[]]>
              </value>
            </param>
            <param index="1">
              <value>
                <![CDATA[Shanthi@tcs]]>
              </value>
            </param>
          </params>
          <reporter-output>
          </reporter-output>
        </test-method> <!-- validatelogIn -->
        <test-method signature="validatelogIn(java.lang.String,java.lang.String)[pri:0, instance:testclassnew.logInTest@77f1baf5]" started-at="2025-01-23T22:48:46 GMT" name="validatelogIn" data-provider="logInTestData" finished-at="2025-01-23T22:48:47 GMT" duration-ms="493" status="PASS">
          <params>
            <param index="0">
              <value>
                <![CDATA[igprasanthi]]>
              </value>
            </param>
            <param index="1">
              <value>
                <![CDATA[]]>
              </value>
            </param>
          </params>
          <reporter-output>
          </reporter-output>
        </test-method> <!-- validatelogIn -->
        <test-method signature="validatelogIn(java.lang.String,java.lang.String)[pri:0, instance:testclassnew.logInTest@77f1baf5]" started-at="2025-01-23T22:48:47 GMT" name="validatelogIn" data-provider="logInTestData" finished-at="2025-01-23T22:48:48 GMT" duration-ms="903" status="PASS">
          <params>
            <param index="0">
              <value>
                <![CDATA[igprasant]]>
              </value>
            </param>
            <param index="1">
              <value>
                <![CDATA[Shanthi@tcs]]>
              </value>
            </param>
          </params>
          <reporter-output>
          </reporter-output>
        </test-method> <!-- validatelogIn -->
        <test-method signature="validatelogIn(java.lang.String,java.lang.String)[pri:0, instance:testclassnew.logInTest@77f1baf5]" started-at="2025-01-23T22:48:48 GMT" name="validatelogIn" data-provider="logInTestData" finished-at="2025-01-23T22:48:59 GMT" duration-ms="11543" status="PASS">
          <params>
            <param index="0">
              <value>
                <![CDATA[igprasanthi]]>
              </value>
            </param>
            <param index="1">
              <value>
                <![CDATA[Shanthi@tcs1]]>
              </value>
            </param>
          </params>
          <reporter-output>
          </reporter-output>
        </test-method> <!-- validatelogIn -->
        <test-method is-config="true" signature="closeBrowser()[pri:0, instance:testclassnew.logInTest@77f1baf5]" started-at="2025-01-23T22:50:40 GMT" name="closeBrowser" finished-at="2025-01-23T22:50:41 GMT" duration-ms="403" status="PASS">
          <reporter-output>
          </reporter-output>
        </test-method> <!-- closeBrowser -->
      </class> <!-- testclassnew.logInTest -->
      <class name="testclassnew.searchHotelTest">
        <test-method signature="validateSearchHotelElements()[pri:1, instance:testclassnew.searchHotelTest@41a2befb]" started-at="2025-01-23T22:48:59 GMT" name="validateSearchHotelElements" finished-at="2025-01-23T22:49:00 GMT" duration-ms="724" status="PASS">
          <reporter-output>
          </reporter-output>
        </test-method> <!-- validateSearchHotelElements -->
        <test-method signature="validateSearchHotelElementsErorMessages(java.lang.String,java.lang.String,java.lang.String,java.lang.String,java.lang.String,java.lang.String,java.lang.String,java.lang.String,java.lang.String)[pri:2, instance:testclassnew.searchHotelTest@41a2befb]" started-at="2025-01-23T22:49:00 GMT" name="validateSearchHotelElementsErorMessages" data-provider="searchHotelErrorMessagesTestData" finished-at="2025-01-23T22:49:01 GMT" duration-ms="839" status="PASS">
          <params>
            <param index="0">
              <value>
                <![CDATA[- Select Location -]]>
              </value>
            </param>
            <param index="1">
              <value>
                <![CDATA[]]>
              </value>
            </param>
            <param index="2">
              <value>
                <![CDATA[]]>
              </value>
            </param>
            <param index="3">
              <value>
                <![CDATA[1 - One]]>
              </value>
            </param>
            <param index="4">
              <value>
                <![CDATA[24/05/2025]]>
              </value>
            </param>
            <param index="5">
              <value>
                <![CDATA[25/05/2025]]>
              </value>
            </param>
            <param index="6">
              <value>
                <![CDATA[2 - Two]]>
              </value>
            </param>
            <param index="7">
              <value>
                <![CDATA[]]>
              </value>
            </param>
            <param index="8">
              <value>
                <![CDATA[Please Select a Location]]>
              </value>
            </param>
          </params>
          <reporter-output>
          </reporter-output>
        </test-method> <!-- validateSearchHotelElementsErorMessages -->
        <test-method signature="validateSearchHotelElementsErorMessages(java.lang.String,java.lang.String,java.lang.String,java.lang.String,java.lang.String,java.lang.String,java.lang.String,java.lang.String,java.lang.String)[pri:2, instance:testclassnew.searchHotelTest@41a2befb]" started-at="2025-01-23T22:49:01 GMT" name="validateSearchHotelElementsErorMessages" data-provider="searchHotelErrorMessagesTestData" finished-at="2025-01-23T22:49:02 GMT" duration-ms="778" status="PASS">
          <params>
            <param index="0">
              <value>
                <![CDATA[London]]>
              </value>
            </param>
            <param index="1">
              <value>
                <![CDATA[]]>
              </value>
            </param>
            <param index="2">
              <value>
                <![CDATA[]]>
              </value>
            </param>
            <param index="3">
              <value>
                <![CDATA[- Select Number of Rooms -]]>
              </value>
            </param>
            <param index="4">
              <value>
                <![CDATA[24/05/2025]]>
              </value>
            </param>
            <param index="5">
              <value>
                <![CDATA[25/05/2025]]>
              </value>
            </param>
            <param index="6">
              <value>
                <![CDATA[2 - Two]]>
              </value>
            </param>
            <param index="7">
              <value>
                <![CDATA[]]>
              </value>
            </param>
            <param index="8">
              <value>
                <![CDATA[Please Select Total Number of Rooms]]>
              </value>
            </param>
          </params>
          <reporter-output>
          </reporter-output>
        </test-method> <!-- validateSearchHotelElementsErorMessages -->
        <test-method signature="validateSearchHotelElementsErorMessages(java.lang.String,java.lang.String,java.lang.String,java.lang.String,java.lang.String,java.lang.String,java.lang.String,java.lang.String,java.lang.String)[pri:2, instance:testclassnew.searchHotelTest@41a2befb]" started-at="2025-01-23T22:49:02 GMT" name="validateSearchHotelElementsErorMessages" data-provider="searchHotelErrorMessagesTestData" finished-at="2025-01-23T22:49:03 GMT" duration-ms="965" status="PASS">
          <params>
            <param index="0">
              <value>
                <![CDATA[London]]>
              </value>
            </param>
            <param index="1">
              <value>
                <![CDATA[]]>
              </value>
            </param>
            <param index="2">
              <value>
                <![CDATA[]]>
              </value>
            </param>
            <param index="3">
              <value>
                <![CDATA[1 - One]]>
              </value>
            </param>
            <param index="4">
              <value>
                <![CDATA[]]>
              </value>
            </param>
            <param index="5">
              <value>
                <![CDATA[25/05/2025]]>
              </value>
            </param>
            <param index="6">
              <value>
                <![CDATA[2 - Two]]>
              </value>
            </param>
            <param index="7">
              <value>
                <![CDATA[]]>
              </value>
            </param>
            <param index="8">
              <value>
                <![CDATA[Please Select Check-In Date]]>
              </value>
            </param>
          </params>
          <reporter-output>
          </reporter-output>
        </test-method> <!-- validateSearchHotelElementsErorMessages -->
        <test-method signature="validateSearchHotelElementsErorMessages(java.lang.String,java.lang.String,java.lang.String,java.lang.String,java.lang.String,java.lang.String,java.lang.String,java.lang.String,java.lang.String)[pri:2, instance:testclassnew.searchHotelTest@41a2befb]" started-at="2025-01-23T22:49:03 GMT" name="validateSearchHotelElementsErorMessages" data-provider="searchHotelErrorMessagesTestData" finished-at="2025-01-23T22:49:04 GMT" duration-ms="936" status="PASS">
          <params>
            <param index="0">
              <value>
                <![CDATA[London]]>
              </value>
            </param>
            <param index="1">
              <value>
                <![CDATA[]]>
              </value>
            </param>
            <param index="2">
              <value>
                <![CDATA[]]>
              </value>
            </param>
            <param index="3">
              <value>
                <![CDATA[1 - One]]>
              </value>
            </param>
            <param index="4">
              <value>
                <![CDATA[24/05/2025]]>
              </value>
            </param>
            <param index="5">
              <value>
                <![CDATA[]]>
              </value>
            </param>
            <param index="6">
              <value>
                <![CDATA[2 - Two]]>
              </value>
            </param>
            <param index="7">
              <value>
                <![CDATA[]]>
              </value>
            </param>
            <param index="8">
              <value>
                <![CDATA[Please Select Check-Out Date]]>
              </value>
            </param>
          </params>
          <reporter-output>
          </reporter-output>
        </test-method> <!-- validateSearchHotelElementsErorMessages -->
        <test-method signature="validateSearchHotelElementsErorMessages(java.lang.String,java.lang.String,java.lang.String,java.lang.String,java.lang.String,java.lang.String,java.lang.String,java.lang.String,java.lang.String)[pri:2, instance:testclassnew.searchHotelTest@41a2befb]" started-at="2025-01-23T22:49:04 GMT" name="validateSearchHotelElementsErorMessages" data-provider="searchHotelErrorMessagesTestData" finished-at="2025-01-23T22:49:05 GMT" duration-ms="1019" status="PASS">
          <params>
            <param index="0">
              <value>
                <![CDATA[London]]>
              </value>
            </param>
            <param index="1">
              <value>
                <![CDATA[]]>
              </value>
            </param>
            <param index="2">
              <value>
                <![CDATA[]]>
              </value>
            </param>
            <param index="3">
              <value>
                <![CDATA[1 - One]]>
              </value>
            </param>
            <param index="4">
              <value>
                <![CDATA[24/05/2025]]>
              </value>
            </param>
            <param index="5">
              <value>
                <![CDATA[25/05/2025]]>
              </value>
            </param>
            <param index="6">
              <value>
                <![CDATA[- Select Adults per Room -]]>
              </value>
            </param>
            <param index="7">
              <value>
                <![CDATA[]]>
              </value>
            </param>
            <param index="8">
              <value>
                <![CDATA[Please Select Adults per Room]]>
              </value>
            </param>
          </params>
          <reporter-output>
          </reporter-output>
        </test-method> <!-- validateSearchHotelElementsErorMessages -->
        <test-method signature="validateSearchHotelPage(java.lang.String,java.lang.String,java.lang.String,java.lang.String,java.lang.String,java.lang.String,java.lang.String,java.lang.String)[pri:3, instance:testclassnew.searchHotelTest@41a2befb]" started-at="2025-01-23T22:49:05 GMT" name="validateSearchHotelPage" data-provider="searchHotelTestData" finished-at="2025-01-23T22:49:10 GMT" duration-ms="5095" status="PASS">
          <params>
            <param index="0">
              <value>
                <![CDATA[Sydney]]>
              </value>
            </param>
            <param index="1">
              <value>
                <![CDATA[Hotel Creek]]>
              </value>
            </param>
            <param index="2">
              <value>
                <![CDATA[Standard]]>
              </value>
            </param>
            <param index="3">
              <value>
                <![CDATA[1 - One]]>
              </value>
            </param>
            <param index="4">
              <value>
                <![CDATA[24/05/2025]]>
              </value>
            </param>
            <param index="5">
              <value>
                <![CDATA[25/05/2025]]>
              </value>
            </param>
            <param index="6">
              <value>
                <![CDATA[2 - Two]]>
              </value>
            </param>
            <param index="7">
              <value>
                <![CDATA[0 - None]]>
              </value>
            </param>
          </params>
          <reporter-output>
          </reporter-output>
        </test-method> <!-- validateSearchHotelPage -->
        <test-method signature="validateSearchHotelPage(java.lang.String,java.lang.String,java.lang.String,java.lang.String,java.lang.String,java.lang.String,java.lang.String,java.lang.String)[pri:3, instance:testclassnew.searchHotelTest@41a2befb]" started-at="2025-01-23T22:49:10 GMT" name="validateSearchHotelPage" data-provider="searchHotelTestData" finished-at="2025-01-23T22:49:15 GMT" duration-ms="4871" status="PASS">
          <params>
            <param index="0">
              <value>
                <![CDATA[Sydney]]>
              </value>
            </param>
            <param index="1">
              <value>
                <![CDATA[Hotel Sunshine]]>
              </value>
            </param>
            <param index="2">
              <value>
                <![CDATA[Standard]]>
              </value>
            </param>
            <param index="3">
              <value>
                <![CDATA[1 - One]]>
              </value>
            </param>
            <param index="4">
              <value>
                <![CDATA[24/05/2025]]>
              </value>
            </param>
            <param index="5">
              <value>
                <![CDATA[25/05/2025]]>
              </value>
            </param>
            <param index="6">
              <value>
                <![CDATA[2 - Two]]>
              </value>
            </param>
            <param index="7">
              <value>
                <![CDATA[1 - One]]>
              </value>
            </param>
          </params>
          <reporter-output>
          </reporter-output>
        </test-method> <!-- validateSearchHotelPage -->
        <test-method signature="validateSearchHotelPage(java.lang.String,java.lang.String,java.lang.String,java.lang.String,java.lang.String,java.lang.String,java.lang.String,java.lang.String)[pri:3, instance:testclassnew.searchHotelTest@41a2befb]" started-at="2025-01-23T22:49:15 GMT" name="validateSearchHotelPage" data-provider="searchHotelTestData" finished-at="2025-01-23T22:49:20 GMT" duration-ms="5014" status="PASS">
          <params>
            <param index="0">
              <value>
                <![CDATA[Melbourne]]>
              </value>
            </param>
            <param index="1">
              <value>
                <![CDATA[Hotel Hervey]]>
              </value>
            </param>
            <param index="2">
              <value>
                <![CDATA[Double]]>
              </value>
            </param>
            <param index="3">
              <value>
                <![CDATA[6 - Six]]>
              </value>
            </param>
            <param index="4">
              <value>
                <![CDATA[16/08/2025]]>
              </value>
            </param>
            <param index="5">
              <value>
                <![CDATA[18/08/2025]]>
              </value>
            </param>
            <param index="6">
              <value>
                <![CDATA[2 - Two]]>
              </value>
            </param>
            <param index="7">
              <value>
                <![CDATA[4 - Four]]>
              </value>
            </param>
          </params>
          <reporter-output>
          </reporter-output>
        </test-method> <!-- validateSearchHotelPage -->
        <test-method signature="validateSearchHotelPage(java.lang.String,java.lang.String,java.lang.String,java.lang.String,java.lang.String,java.lang.String,java.lang.String,java.lang.String)[pri:3, instance:testclassnew.searchHotelTest@41a2befb]" started-at="2025-01-23T22:49:20 GMT" name="validateSearchHotelPage" data-provider="searchHotelTestData" finished-at="2025-01-23T22:49:25 GMT" duration-ms="4976" status="PASS">
          <params>
            <param index="0">
              <value>
                <![CDATA[Melbourne]]>
              </value>
            </param>
            <param index="1">
              <value>
                <![CDATA[Hotel Cornice]]>
              </value>
            </param>
            <param index="2">
              <value>
                <![CDATA[Double]]>
              </value>
            </param>
            <param index="3">
              <value>
                <![CDATA[7 - Seven]]>
              </value>
            </param>
            <param index="4">
              <value>
                <![CDATA[19/10/2025]]>
              </value>
            </param>
            <param index="5">
              <value>
                <![CDATA[25/10/2025]]>
              </value>
            </param>
            <param index="6">
              <value>
                <![CDATA[2 - Two]]>
              </value>
            </param>
            <param index="7">
              <value>
                <![CDATA[4 - Four]]>
              </value>
            </param>
          </params>
          <reporter-output>
          </reporter-output>
        </test-method> <!-- validateSearchHotelPage -->
        <test-method signature="validateSearchHotelPage(java.lang.String,java.lang.String,java.lang.String,java.lang.String,java.lang.String,java.lang.String,java.lang.String,java.lang.String)[pri:3, instance:testclassnew.searchHotelTest@41a2befb]" started-at="2025-01-23T22:49:25 GMT" name="validateSearchHotelPage" data-provider="searchHotelTestData" finished-at="2025-01-23T22:49:30 GMT" duration-ms="5773" status="PASS">
          <params>
            <param index="0">
              <value>
                <![CDATA[Brisbane]]>
              </value>
            </param>
            <param index="1">
              <value>
                <![CDATA[Hotel Creek]]>
              </value>
            </param>
            <param index="2">
              <value>
                <![CDATA[Deluxe]]>
              </value>
            </param>
            <param index="3">
              <value>
                <![CDATA[8 - Eight]]>
              </value>
            </param>
            <param index="4">
              <value>
                <![CDATA[24/05/2025]]>
              </value>
            </param>
            <param index="5">
              <value>
                <![CDATA[25/05/2025]]>
              </value>
            </param>
            <param index="6">
              <value>
                <![CDATA[2 - Two]]>
              </value>
            </param>
            <param index="7">
              <value>
                <![CDATA[4 - Four]]>
              </value>
            </param>
          </params>
          <reporter-output>
          </reporter-output>
        </test-method> <!-- validateSearchHotelPage -->
        <test-method signature="validateSearchHotelPage(java.lang.String,java.lang.String,java.lang.String,java.lang.String,java.lang.String,java.lang.String,java.lang.String,java.lang.String)[pri:3, instance:testclassnew.searchHotelTest@41a2befb]" started-at="2025-01-23T22:49:30 GMT" name="validateSearchHotelPage" data-provider="searchHotelTestData" finished-at="2025-01-23T22:49:36 GMT" duration-ms="5149" status="PASS">
          <params>
            <param index="0">
              <value>
                <![CDATA[Brisbane]]>
              </value>
            </param>
            <param index="1">
              <value>
                <![CDATA[Hotel Sunshine]]>
              </value>
            </param>
            <param index="2">
              <value>
                <![CDATA[Deluxe]]>
              </value>
            </param>
            <param index="3">
              <value>
                <![CDATA[9 - Nine]]>
              </value>
            </param>
            <param index="4">
              <value>
                <![CDATA[24/05/2025]]>
              </value>
            </param>
            <param index="5">
              <value>
                <![CDATA[25/05/2025]]>
              </value>
            </param>
            <param index="6">
              <value>
                <![CDATA[2 - Two]]>
              </value>
            </param>
            <param index="7">
              <value>
                <![CDATA[4 - Four]]>
              </value>
            </param>
          </params>
          <reporter-output>
          </reporter-output>
        </test-method> <!-- validateSearchHotelPage -->
        <test-method signature="validateSearchHotelPage(java.lang.String,java.lang.String,java.lang.String,java.lang.String,java.lang.String,java.lang.String,java.lang.String,java.lang.String)[pri:3, instance:testclassnew.searchHotelTest@41a2befb]" started-at="2025-01-23T22:49:36 GMT" name="validateSearchHotelPage" data-provider="searchHotelTestData" finished-at="2025-01-23T22:49:41 GMT" duration-ms="5339" status="PASS">
          <params>
            <param index="0">
              <value>
                <![CDATA[Adelaide]]>
              </value>
            </param>
            <param index="1">
              <value>
                <![CDATA[Hotel Hervey]]>
              </value>
            </param>
            <param index="2">
              <value>
                <![CDATA[Super Deluxe]]>
              </value>
            </param>
            <param index="3">
              <value>
                <![CDATA[1 - One]]>
              </value>
            </param>
            <param index="4">
              <value>
                <![CDATA[24/05/2025]]>
              </value>
            </param>
            <param index="5">
              <value>
                <![CDATA[25/05/2025]]>
              </value>
            </param>
            <param index="6">
              <value>
                <![CDATA[2 - Two]]>
              </value>
            </param>
            <param index="7">
              <value>
                <![CDATA[0 - None]]>
              </value>
            </param>
          </params>
          <reporter-output>
          </reporter-output>
        </test-method> <!-- validateSearchHotelPage -->
        <test-method signature="validateSearchHotelPage(java.lang.String,java.lang.String,java.lang.String,java.lang.String,java.lang.String,java.lang.String,java.lang.String,java.lang.String)[pri:3, instance:testclassnew.searchHotelTest@41a2befb]" started-at="2025-01-23T22:49:41 GMT" name="validateSearchHotelPage" data-provider="searchHotelTestData" finished-at="2025-01-23T22:49:47 GMT" duration-ms="5789" status="PASS">
          <params>
            <param index="0">
              <value>
                <![CDATA[Adelaide]]>
              </value>
            </param>
            <param index="1">
              <value>
                <![CDATA[Hotel Cornice]]>
              </value>
            </param>
            <param index="2">
              <value>
                <![CDATA[Super Deluxe]]>
              </value>
            </param>
            <param index="3">
              <value>
                <![CDATA[1 - One]]>
              </value>
            </param>
            <param index="4">
              <value>
                <![CDATA[24/05/2025]]>
              </value>
            </param>
            <param index="5">
              <value>
                <![CDATA[25/05/2025]]>
              </value>
            </param>
            <param index="6">
              <value>
                <![CDATA[2 - Two]]>
              </value>
            </param>
            <param index="7">
              <value>
                <![CDATA[0 - None]]>
              </value>
            </param>
          </params>
          <reporter-output>
          </reporter-output>
        </test-method> <!-- validateSearchHotelPage -->
        <test-method signature="validateSearchHotelPage(java.lang.String,java.lang.String,java.lang.String,java.lang.String,java.lang.String,java.lang.String,java.lang.String,java.lang.String)[pri:3, instance:testclassnew.searchHotelTest@41a2befb]" started-at="2025-01-23T22:49:47 GMT" name="validateSearchHotelPage" data-provider="searchHotelTestData" finished-at="2025-01-23T22:49:52 GMT" duration-ms="5734" status="PASS">
          <params>
            <param index="0">
              <value>
                <![CDATA[London]]>
              </value>
            </param>
            <param index="1">
              <value>
                <![CDATA[Hotel Creek]]>
              </value>
            </param>
            <param index="2">
              <value>
                <![CDATA[Standard]]>
              </value>
            </param>
            <param index="3">
              <value>
                <![CDATA[1 - One]]>
              </value>
            </param>
            <param index="4">
              <value>
                <![CDATA[24/05/2025]]>
              </value>
            </param>
            <param index="5">
              <value>
                <![CDATA[25/05/2025]]>
              </value>
            </param>
            <param index="6">
              <value>
                <![CDATA[2 - Two]]>
              </value>
            </param>
            <param index="7">
              <value>
                <![CDATA[0 - None]]>
              </value>
            </param>
          </params>
          <reporter-output>
          </reporter-output>
        </test-method> <!-- validateSearchHotelPage -->
        <test-method signature="validateSearchHotelPage(java.lang.String,java.lang.String,java.lang.String,java.lang.String,java.lang.String,java.lang.String,java.lang.String,java.lang.String)[pri:3, instance:testclassnew.searchHotelTest@41a2befb]" started-at="2025-01-23T22:49:52 GMT" name="validateSearchHotelPage" data-provider="searchHotelTestData" finished-at="2025-01-23T22:49:58 GMT" duration-ms="5870" status="PASS">
          <params>
            <param index="0">
              <value>
                <![CDATA[London]]>
              </value>
            </param>
            <param index="1">
              <value>
                <![CDATA[Hotel Sunshine]]>
              </value>
            </param>
            <param index="2">
              <value>
                <![CDATA[Double]]>
              </value>
            </param>
            <param index="3">
              <value>
                <![CDATA[1 - One]]>
              </value>
            </param>
            <param index="4">
              <value>
                <![CDATA[24/05/2025]]>
              </value>
            </param>
            <param index="5">
              <value>
                <![CDATA[25/05/2025]]>
              </value>
            </param>
            <param index="6">
              <value>
                <![CDATA[2 - Two]]>
              </value>
            </param>
            <param index="7">
              <value>
                <![CDATA[0 - None]]>
              </value>
            </param>
          </params>
          <reporter-output>
          </reporter-output>
        </test-method> <!-- validateSearchHotelPage -->
        <test-method signature="validateSearchHotelPage(java.lang.String,java.lang.String,java.lang.String,java.lang.String,java.lang.String,java.lang.String,java.lang.String,java.lang.String)[pri:3, instance:testclassnew.searchHotelTest@41a2befb]" started-at="2025-01-23T22:49:58 GMT" name="validateSearchHotelPage" data-provider="searchHotelTestData" finished-at="2025-01-23T22:50:04 GMT" duration-ms="5718" status="PASS">
          <params>
            <param index="0">
              <value>
                <![CDATA[New York]]>
              </value>
            </param>
            <param index="1">
              <value>
                <![CDATA[Hotel Hervey]]>
              </value>
            </param>
            <param index="2">
              <value>
                <![CDATA[Super Deluxe]]>
              </value>
            </param>
            <param index="3">
              <value>
                <![CDATA[1 - One]]>
              </value>
            </param>
            <param index="4">
              <value>
                <![CDATA[24/05/2025]]>
              </value>
            </param>
            <param index="5">
              <value>
                <![CDATA[25/05/2025]]>
              </value>
            </param>
            <param index="6">
              <value>
                <![CDATA[2 - Two]]>
              </value>
            </param>
            <param index="7">
              <value>
                <![CDATA[0 - None]]>
              </value>
            </param>
          </params>
          <reporter-output>
          </reporter-output>
        </test-method> <!-- validateSearchHotelPage -->
        <test-method signature="validateSearchHotelPage(java.lang.String,java.lang.String,java.lang.String,java.lang.String,java.lang.String,java.lang.String,java.lang.String,java.lang.String)[pri:3, instance:testclassnew.searchHotelTest@41a2befb]" started-at="2025-01-23T22:50:04 GMT" name="validateSearchHotelPage" data-provider="searchHotelTestData" finished-at="2025-01-23T22:50:10 GMT" duration-ms="5864" status="PASS">
          <params>
            <param index="0">
              <value>
                <![CDATA[New York]]>
              </value>
            </param>
            <param index="1">
              <value>
                <![CDATA[Hotel Cornice]]>
              </value>
            </param>
            <param index="2">
              <value>
                <![CDATA[Deluxe]]>
              </value>
            </param>
            <param index="3">
              <value>
                <![CDATA[1 - One]]>
              </value>
            </param>
            <param index="4">
              <value>
                <![CDATA[24/05/2025]]>
              </value>
            </param>
            <param index="5">
              <value>
                <![CDATA[25/05/2025]]>
              </value>
            </param>
            <param index="6">
              <value>
                <![CDATA[2 - Two]]>
              </value>
            </param>
            <param index="7">
              <value>
                <![CDATA[0 - None]]>
              </value>
            </param>
          </params>
          <reporter-output>
          </reporter-output>
        </test-method> <!-- validateSearchHotelPage -->
        <test-method signature="validateSearchHotelPage(java.lang.String,java.lang.String,java.lang.String,java.lang.String,java.lang.String,java.lang.String,java.lang.String,java.lang.String)[pri:3, instance:testclassnew.searchHotelTest@41a2befb]" started-at="2025-01-23T22:50:10 GMT" name="validateSearchHotelPage" data-provider="searchHotelTestData" finished-at="2025-01-23T22:50:16 GMT" duration-ms="6010" status="PASS">
          <params>
            <param index="0">
              <value>
                <![CDATA[Los Angeles]]>
              </value>
            </param>
            <param index="1">
              <value>
                <![CDATA[Hotel Creek]]>
              </value>
            </param>
            <param index="2">
              <value>
                <![CDATA[Super Deluxe]]>
              </value>
            </param>
            <param index="3">
              <value>
                <![CDATA[1 - One]]>
              </value>
            </param>
            <param index="4">
              <value>
                <![CDATA[24/05/2025]]>
              </value>
            </param>
            <param index="5">
              <value>
                <![CDATA[25/05/2025]]>
              </value>
            </param>
            <param index="6">
              <value>
                <![CDATA[2 - Two]]>
              </value>
            </param>
            <param index="7">
              <value>
                <![CDATA[0 - None]]>
              </value>
            </param>
          </params>
          <reporter-output>
          </reporter-output>
        </test-method> <!-- validateSearchHotelPage -->
        <test-method signature="validateSearchHotelPage(java.lang.String,java.lang.String,java.lang.String,java.lang.String,java.lang.String,java.lang.String,java.lang.String,java.lang.String)[pri:3, instance:testclassnew.searchHotelTest@41a2befb]" started-at="2025-01-23T22:50:16 GMT" name="validateSearchHotelPage" data-provider="searchHotelTestData" finished-at="2025-01-23T22:50:22 GMT" duration-ms="6142" status="PASS">
          <params>
            <param index="0">
              <value>
                <![CDATA[Los Angeles]]>
              </value>
            </param>
            <param index="1">
              <value>
                <![CDATA[Hotel Sunshine]]>
              </value>
            </param>
            <param index="2">
              <value>
                <![CDATA[Deluxe]]>
              </value>
            </param>
            <param index="3">
              <value>
                <![CDATA[1 - One]]>
              </value>
            </param>
            <param index="4">
              <value>
                <![CDATA[24/05/2025]]>
              </value>
            </param>
            <param index="5">
              <value>
                <![CDATA[25/05/2025]]>
              </value>
            </param>
            <param index="6">
              <value>
                <![CDATA[2 - Two]]>
              </value>
            </param>
            <param index="7">
              <value>
                <![CDATA[0 - None]]>
              </value>
            </param>
          </params>
          <reporter-output>
          </reporter-output>
        </test-method> <!-- validateSearchHotelPage -->
        <test-method signature="validateSearchHotelPage(java.lang.String,java.lang.String,java.lang.String,java.lang.String,java.lang.String,java.lang.String,java.lang.String,java.lang.String)[pri:3, instance:testclassnew.searchHotelTest@41a2befb]" started-at="2025-01-23T22:50:22 GMT" name="validateSearchHotelPage" data-provider="searchHotelTestData" finished-at="2025-01-23T22:50:28 GMT" duration-ms="6146" status="PASS">
          <params>
            <param index="0">
              <value>
                <![CDATA[Paris]]>
              </value>
            </param>
            <param index="1">
              <value>
                <![CDATA[Hotel Hervey]]>
              </value>
            </param>
            <param index="2">
              <value>
                <![CDATA[Double]]>
              </value>
            </param>
            <param index="3">
              <value>
                <![CDATA[1 - One]]>
              </value>
            </param>
            <param index="4">
              <value>
                <![CDATA[24/05/2025]]>
              </value>
            </param>
            <param index="5">
              <value>
                <![CDATA[25/05/2025]]>
              </value>
            </param>
            <param index="6">
              <value>
                <![CDATA[2 - Two]]>
              </value>
            </param>
            <param index="7">
              <value>
                <![CDATA[0 - None]]>
              </value>
            </param>
          </params>
          <reporter-output>
          </reporter-output>
        </test-method> <!-- validateSearchHotelPage -->
        <test-method signature="validateSearchHotelPage(java.lang.String,java.lang.String,java.lang.String,java.lang.String,java.lang.String,java.lang.String,java.lang.String,java.lang.String)[pri:3, instance:testclassnew.searchHotelTest@41a2befb]" started-at="2025-01-23T22:50:28 GMT" name="validateSearchHotelPage" data-provider="searchHotelTestData" finished-at="2025-01-23T22:50:34 GMT" duration-ms="6142" status="PASS">
          <params>
            <param index="0">
              <value>
                <![CDATA[Paris]]>
              </value>
            </param>
            <param index="1">
              <value>
                <![CDATA[Hotel Cornice]]>
              </value>
            </param>
            <param index="2">
              <value>
                <![CDATA[Standard]]>
              </value>
            </param>
            <param index="3">
              <value>
                <![CDATA[1 - One]]>
              </value>
            </param>
            <param index="4">
              <value>
                <![CDATA[24/05/2025]]>
              </value>
            </param>
            <param index="5">
              <value>
                <![CDATA[25/05/2025]]>
              </value>
            </param>
            <param index="6">
              <value>
                <![CDATA[2 - Two]]>
              </value>
            </param>
            <param index="7">
              <value>
                <![CDATA[0 - None]]>
              </value>
            </param>
          </params>
          <reporter-output>
          </reporter-output>
        </test-method> <!-- validateSearchHotelPage -->
        <test-method signature="validateSearchHotelPage(java.lang.String,java.lang.String,java.lang.String,java.lang.String,java.lang.String,java.lang.String,java.lang.String,java.lang.String)[pri:3, instance:testclassnew.searchHotelTest@41a2befb]" started-at="2025-01-23T22:50:34 GMT" name="validateSearchHotelPage" data-provider="searchHotelTestData" finished-at="2025-01-23T22:50:40 GMT" duration-ms="5935" status="PASS">
          <params>
            <param index="0">
              <value>
                <![CDATA[London]]>
              </value>
            </param>
            <param index="1">
              <value>
                <![CDATA[Hotel Sunshine]]>
              </value>
            </param>
            <param index="2">
              <value>
                <![CDATA[Standard]]>
              </value>
            </param>
            <param index="3">
              <value>
                <![CDATA[1 - One]]>
              </value>
            </param>
            <param index="4">
              <value>
                <![CDATA[24/05/2025]]>
              </value>
            </param>
            <param index="5">
              <value>
                <![CDATA[25/05/2025]]>
              </value>
            </param>
            <param index="6">
              <value>
                <![CDATA[1 - One]]>
              </value>
            </param>
            <param index="7">
              <value>
                <![CDATA[]]>
              </value>
            </param>
          </params>
          <reporter-output>
          </reporter-output>
        </test-method> <!-- validateSearchHotelPage -->
      </class> <!-- testclassnew.searchHotelTest -->
    </test> <!-- SearchHotelErrorsandalldataValidation -->
    <test started-at="2025-01-23T22:50:41 GMT" name="ValidateBookAHotelPageFieldsandErrors" finished-at="2025-01-23T22:51:35 GMT" duration-ms="53991">
      <class name="testclassnew.BookAHotelTest">
        <test-method signature="validteBookAHotelPage()[pri:1, instance:testclassnew.BookAHotelTest@3d34d211]" started-at="2025-01-23T22:51:06 GMT" name="validteBookAHotelPage" finished-at="2025-01-23T22:51:06 GMT" duration-ms="61" status="PASS">
          <reporter-output>
          </reporter-output>
        </test-method> <!-- validteBookAHotelPage -->
        <test-method signature="validaetBooKAHotelPageFieldsandValues()[pri:2, instance:testclassnew.BookAHotelTest@3d34d211]" started-at="2025-01-23T22:51:06 GMT" name="validaetBooKAHotelPageFieldsandValues" finished-at="2025-01-23T22:51:07 GMT" duration-ms="836" status="PASS">
          <reporter-output>
          </reporter-output>
        </test-method> <!-- validaetBooKAHotelPageFieldsandValues -->
        <test-method signature="validateNameInvalidinput(java.lang.String,java.lang.String,java.lang.String,java.lang.String,java.lang.String,java.lang.String,java.lang.String,java.lang.String,java.lang.String)[pri:3, instance:testclassnew.BookAHotelTest@3d34d211]" started-at="2025-01-23T22:51:07 GMT" name="validateNameInvalidinput" data-provider="bookaHotelPageInvaliNameErrorMessagesTestData" finished-at="2025-01-23T22:51:34 GMT" duration-ms="27410" status="FAIL">
          <params>
            <param index="0">
              <value>
                <![CDATA[123$]]>
              </value>
            </param>
            <param index="1">
              <value>
                <![CDATA[?><:@]]>
              </value>
            </param>
            <param index="2">
              <value>
                <![CDATA[33,towers, mumbai]]>
              </value>
            </param>
            <param index="3">
              <value>
                <![CDATA[2345678934569870]]>
              </value>
            </param>
            <param index="4">
              <value>
                <![CDATA[VISA]]>
              </value>
            </param>
            <param index="5">
              <value>
                <![CDATA[August]]>
              </value>
            </param>
            <param index="6">
              <value>
                <![CDATA[2026]]>
              </value>
            </param>
            <param index="7">
              <value>
                <![CDATA[345]]>
              </value>
            </param>
            <param index="8">
              <value>
                <![CDATA[Please Enter Valid Name]]>
              </value>
            </param>
          </params>
          <exception class="org.openqa.selenium.TimeoutException">
            <message>
              <![CDATA[Expected condition failed: waiting for visibility of Proxy element for: DefaultElementLocator 'By.xpath: //label[@id='first_name_span']' (tried for 5 second(s) with 500 milliseconds interval)]]>
            </message>
            <full-stacktrace>
              <![CDATA[org.openqa.selenium.TimeoutException: Expected condition failed: waiting for visibility of Proxy element for: DefaultElementLocator 'By.xpath: //label[@id='first_name_span']' (tried for 5 second(s) with 500 milliseconds interval)
at org.openqa.selenium.support.ui.WebDriverWait.timeoutException(WebDriverWait.java:84)
at org.openqa.selenium.support.ui.FluentWait.until(FluentWait.java:230)
at utils.Utility.visibilityofElement(Utility.java:55)
at pageclass.BookAHotelPage.isFirstNameErrorMessageDisplayed(BookAHotelPage.java:215)
at testclassnew.BookAHotelTest.validateNameInvalidinput(BookAHotelTest.java:126)
at java.base/jdk.internal.reflect.DirectMethodHandleAccessor.invoke(DirectMethodHandleAccessor.java:103)
at java.base/java.lang.reflect.Method.invoke(Method.java:580)
at org.testng.internal.MethodInvocationHelper.invokeMethod(MethodInvocationHelper.java:133)
at org.testng.internal.TestInvoker.invokeMethod(TestInvoker.java:598)
at org.testng.internal.TestInvoker.invokeTestMethod(TestInvoker.java:173)
at org.testng.internal.MethodRunner.runInSequence(MethodRunner.java:46)
at org.testng.internal.TestInvoker$MethodInvocationAgent.invoke(TestInvoker.java:824)
at org.testng.internal.TestInvoker.invokeTestMethods(TestInvoker.java:146)
at org.testng.internal.TestMethodWorker.invokeTestMethods(TestMethodWorker.java:146)
at org.testng.internal.TestMethodWorker.run(TestMethodWorker.java:128)
at java.base/java.util.ArrayList.forEach(ArrayList.java:1597)
at org.testng.TestRunner.privateRun(TestRunner.java:794)
at org.testng.TestRunner.run(TestRunner.java:596)
at org.testng.SuiteRunner.runTest(SuiteRunner.java:377)
at org.testng.SuiteRunner.runSequentially(SuiteRunner.java:371)
at org.testng.SuiteRunner.privateRun(SuiteRunner.java:332)
at org.testng.SuiteRunner.run(SuiteRunner.java:276)
at org.testng.SuiteRunnerWorker.runSuite(SuiteRunnerWorker.java:53)
at org.testng.SuiteRunnerWorker.run(SuiteRunnerWorker.java:96)
at org.testng.TestNG.runSuitesSequentially(TestNG.java:1212)
at org.testng.TestNG.runSuitesLocally(TestNG.java:1134)
at org.testng.TestNG.runSuites(TestNG.java:1063)
at org.testng.TestNG.run(TestNG.java:1031)
at org.testng.remote.AbstractRemoteTestNG.run(AbstractRemoteTestNG.java:115)
at org.testng.remote.RemoteTestNG.initAndRun(RemoteTestNG.java:293)
at org.testng.remote.RemoteTestNG.main(RemoteTestNG.java:91)
Caused by: org.openqa.selenium.NoSuchElementException: no such element: Unable to locate element: {"method":"xpath","selector":"//label[@id='first_name_span']"}
  (Session info: chrome=132.0.6834.110)
For documentation on this error, please visit: https://www.selenium.dev/documentation/webdriver/troubleshooting/errors#no-such-element-exception
Build info: version: '4.14.0', revision: 'e5a96349ce'
System info: os.name: 'Windows 11', os.arch: 'amd64', os.version: '10.0', java.version: '23'
Driver info: org.openqa.selenium.chrome.ChromeDriver
Command: [f904ac744053a68d0211f86f84801dfb, findElement {using=xpath, value=//label[@id='first_name_span']}]
Capabilities {acceptInsecureCerts: false, browserName: chrome, browserVersion: 132.0.6834.110, chrome: {chromedriverVersion: 132.0.6834.110 (df453a35f09..., userDataDir: C:\Users\prabh\AppData\Loca...}, fedcm:accounts: true, goog:chromeOptions: {debuggerAddress: localhost:55913}, networkConnectionEnabled: false, pageLoadStrategy: normal, platformName: windows, proxy: Proxy(), se:cdp: ws://localhost:55913/devtoo..., se:cdpVersion: 132.0.6834.110, setWindowRect: true, strictFileInteractability: false, timeouts: {implicit: 0, pageLoad: 300000, script: 30000}, unhandledPromptBehavior: dismiss and notify, webauthn:extension:credBlob: true, webauthn:extension:largeBlob: true, webauthn:extension:minPinLength: true, webauthn:extension:prf: true, webauthn:virtualAuthenticators: true}
Session ID: f904ac744053a68d0211f86f84801dfb
at java.base/jdk.internal.reflect.DirectConstructorHandleAccessor.newInstance(DirectConstructorHandleAccessor.java:62)
at java.base/java.lang.reflect.Constructor.newInstanceWithCaller(Constructor.java:501)
at java.base/java.lang.reflect.Constructor.newInstance(Constructor.java:485)
at org.openqa.selenium.remote.codec.w3c.W3CHttpResponseCodec.createException(W3CHttpResponseCodec.java:200)
at org.openqa.selenium.remote.codec.w3c.W3CHttpResponseCodec.decode(W3CHttpResponseCodec.java:133)
at org.openqa.selenium.remote.codec.w3c.W3CHttpResponseCodec.decode(W3CHttpResponseCodec.java:52)
at org.openqa.selenium.remote.HttpCommandExecutor.execute(HttpCommandExecutor.java:191)
at org.openqa.selenium.remote.service.DriverCommandExecutor.invokeExecute(DriverCommandExecutor.java:196)
at org.openqa.selenium.remote.service.DriverCommandExecutor.execute(DriverCommandExecutor.java:171)
at org.openqa.selenium.remote.RemoteWebDriver.execute(RemoteWebDriver.java:602)
at org.openqa.selenium.remote.ElementLocation$ElementFinder$2.findElement(ElementLocation.java:165)
at org.openqa.selenium.remote.ElementLocation.findElement(ElementLocation.java:59)
at org.openqa.selenium.remote.RemoteWebDriver.findElement(RemoteWebDriver.java:359)
at org.openqa.selenium.remote.RemoteWebDriver.findElement(RemoteWebDriver.java:353)
at org.openqa.selenium.support.pagefactory.DefaultElementLocator.findElement(DefaultElementLocator.java:68)
at org.openqa.selenium.support.pagefactory.internal.LocatingElementHandler.invoke(LocatingElementHandler.java:38)
at jdk.proxy2/jdk.proxy2.$Proxy15.isDisplayed(Unknown Source)
at org.openqa.selenium.support.ui.ExpectedConditions.elementIfVisible(ExpectedConditions.java:304)
at org.openqa.selenium.support.ui.ExpectedConditions$10.apply(ExpectedConditions.java:290)
at org.openqa.selenium.support.ui.ExpectedConditions$10.apply(ExpectedConditions.java:287)
at org.openqa.selenium.support.ui.FluentWait.until(FluentWait.java:205)
... 29 more
]]>
            </full-stacktrace>
          </exception> <!-- org.openqa.selenium.TimeoutException -->
          <reporter-output>
          </reporter-output>
        </test-method> <!-- validateNameInvalidinput -->
      </class> <!-- testclassnew.BookAHotelTest -->
      <class name="testclassnew.searchHotelOneValidInputTest">
        <test-method signature="validateOneValidInput(java.lang.String,java.lang.String,java.lang.String,java.lang.String,java.lang.String,java.lang.String,java.lang.String,java.lang.String)[pri:0, instance:testclassnew.searchHotelOneValidInputTest@6f4a47c7]" started-at="2025-01-23T22:51:02 GMT" name="validateOneValidInput" data-provider="searchHotelOneValidInputValidate" finished-at="2025-01-23T22:51:04 GMT" duration-ms="2090" status="PASS">
          <params>
            <param index="0">
              <value>
                <![CDATA[London]]>
              </value>
            </param>
            <param index="1">
              <value>
                <![CDATA[Hotel Sunshine]]>
              </value>
            </param>
            <param index="2">
              <value>
                <![CDATA[Standard]]>
              </value>
            </param>
            <param index="3">
              <value>
                <![CDATA[1 - One]]>
              </value>
            </param>
            <param index="4">
              <value>
                <![CDATA[24/05/2025]]>
              </value>
            </param>
            <param index="5">
              <value>
                <![CDATA[25/05/2025]]>
              </value>
            </param>
            <param index="6">
              <value>
                <![CDATA[1 - One]]>
              </value>
            </param>
            <param index="7">
              <value>
                <![CDATA[]]>
              </value>
            </param>
          </params>
          <reporter-output>
          </reporter-output>
        </test-method> <!-- validateOneValidInput -->
      </class> <!-- testclassnew.searchHotelOneValidInputTest -->
      <class name="testclassnew.logInTest">
        <test-method is-config="true" signature="launchBrowser(java.lang.String,java.lang.String)[pri:0, instance:testclassnew.logInTest@69453e37]" started-at="2025-01-23T22:50:41 GMT" name="launchBrowser" finished-at="2025-01-23T22:50:48 GMT" duration-ms="7402" status="PASS">
          <params>
            <param index="0">
              <value>
                <![CDATA[chrome]]>
              </value>
            </param>
            <param index="1">
              <value>
                <![CDATA[https://adactinhotelapp.com/index.php]]>
              </value>
            </param>
          </params>
          <reporter-output>
          </reporter-output>
        </test-method> <!-- launchBrowser -->
        <test-method signature="validatelogIn(java.lang.String,java.lang.String)[pri:0, instance:testclassnew.logInTest@69453e37]" started-at="2025-01-23T22:50:48 GMT" name="validatelogIn" data-provider="logInTestData" finished-at="2025-01-23T22:50:49 GMT" duration-ms="604" status="PASS">
          <params>
            <param index="0">
              <value>
                <![CDATA[]]>
              </value>
            </param>
            <param index="1">
              <value>
                <![CDATA[Shanthi@tcs]]>
              </value>
            </param>
          </params>
          <reporter-output>
          </reporter-output>
        </test-method> <!-- validatelogIn -->
        <test-method signature="validatelogIn(java.lang.String,java.lang.String)[pri:0, instance:testclassnew.logInTest@69453e37]" started-at="2025-01-23T22:50:49 GMT" name="validatelogIn" data-provider="logInTestData" finished-at="2025-01-23T22:50:49 GMT" duration-ms="458" status="PASS">
          <params>
            <param index="0">
              <value>
                <![CDATA[igprasanthi]]>
              </value>
            </param>
            <param index="1">
              <value>
                <![CDATA[]]>
              </value>
            </param>
          </params>
          <reporter-output>
          </reporter-output>
        </test-method> <!-- validatelogIn -->
        <test-method signature="validatelogIn(java.lang.String,java.lang.String)[pri:0, instance:testclassnew.logInTest@69453e37]" started-at="2025-01-23T22:50:49 GMT" name="validatelogIn" data-provider="logInTestData" finished-at="2025-01-23T22:50:50 GMT" duration-ms="813" status="PASS">
          <params>
            <param index="0">
              <value>
                <![CDATA[igprasant]]>
              </value>
            </param>
            <param index="1">
              <value>
                <![CDATA[Shanthi@tcs]]>
              </value>
            </param>
          </params>
          <reporter-output>
          </reporter-output>
        </test-method> <!-- validatelogIn -->
        <test-method signature="validatelogIn(java.lang.String,java.lang.String)[pri:0, instance:testclassnew.logInTest@69453e37]" started-at="2025-01-23T22:50:50 GMT" name="validatelogIn" data-provider="logInTestData" finished-at="2025-01-23T22:51:01 GMT" duration-ms="11391" status="PASS">
          <params>
            <param index="0">
              <value>
                <![CDATA[igprasanthi]]>
              </value>
            </param>
            <param index="1">
              <value>
                <![CDATA[Shanthi@tcs1]]>
              </value>
            </param>
          </params>
          <reporter-output>
          </reporter-output>
        </test-method> <!-- validatelogIn -->
        <test-method is-config="true" signature="closeBrowser()[pri:0, instance:testclassnew.logInTest@69453e37]" started-at="2025-01-23T22:51:34 GMT" name="closeBrowser" finished-at="2025-01-23T22:51:35 GMT" duration-ms="375" status="PASS">
          <reporter-output>
          </reporter-output>
        </test-method> <!-- closeBrowser -->
      </class> <!-- testclassnew.logInTest -->
      <class name="testclassnew.selectHotelTest">
        <test-method signature="validateSelectHotelPageFields()[pri:0, instance:testclassnew.selectHotelTest@ae13544]" started-at="2025-01-23T22:51:04 GMT" name="validateSelectHotelPageFields" finished-at="2025-01-23T22:51:06 GMT" duration-ms="2231" status="PASS">
          <reporter-output>
          </reporter-output>
        </test-method> <!-- validateSelectHotelPageFields -->
      </class> <!-- testclassnew.selectHotelTest -->
    </test> <!-- ValidateBookAHotelPageFieldsandErrors -->
    <test started-at="2025-01-23T22:51:35 GMT" name="ValidateBookAHotelInvalidCCExpYear" finished-at="2025-01-23T22:52:35 GMT" duration-ms="60343">
      <class name="testclassnew.BookAHotelInvalidCCYearTest">
        <test-method signature="validateInvalidCCYearinput(java.lang.String,java.lang.String,java.lang.String,java.lang.String,java.lang.String,java.lang.String,java.lang.String,java.lang.String,java.lang.String)[pri:5, instance:testclassnew.BookAHotelInvalidCCYearTest@6913c1fb]" started-at="2025-01-23T22:52:07 GMT" name="validateInvalidCCYearinput" data-provider="bookaHotelPageInvaliCCYearErrorMessagesTestData" finished-at="2025-01-23T22:52:35 GMT" duration-ms="27440" status="FAIL">
          <params>
            <param index="0">
              <value>
                <![CDATA[Natasha]]>
              </value>
            </param>
            <param index="1">
              <value>
                <![CDATA[Simha]]>
              </value>
            </param>
            <param index="2">
              <value>
                <![CDATA[33,towers, mumbai]]>
              </value>
            </param>
            <param index="3">
              <value>
                <![CDATA[2345678934569870]]>
              </value>
            </param>
            <param index="4">
              <value>
                <![CDATA[VISA]]>
              </value>
            </param>
            <param index="5">
              <value>
                <![CDATA[August]]>
              </value>
            </param>
            <param index="6">
              <value>
                <![CDATA[2018]]>
              </value>
            </param>
            <param index="7">
              <value>
                <![CDATA[345]]>
              </value>
            </param>
            <param index="8">
              <value>
                <![CDATA[Select Valid Year]]>
              </value>
            </param>
          </params>
          <exception class="org.openqa.selenium.TimeoutException">
            <message>
              <![CDATA[Expected condition failed: waiting for visibility of Proxy element for: DefaultElementLocator 'By.xpath: //label[@id='cc_expiry_span']' (tried for 5 second(s) with 500 milliseconds interval)]]>
            </message>
            <full-stacktrace>
              <![CDATA[org.openqa.selenium.TimeoutException: Expected condition failed: waiting for visibility of Proxy element for: DefaultElementLocator 'By.xpath: //label[@id='cc_expiry_span']' (tried for 5 second(s) with 500 milliseconds interval)
at org.openqa.selenium.support.ui.WebDriverWait.timeoutException(WebDriverWait.java:84)
at org.openqa.selenium.support.ui.FluentWait.until(FluentWait.java:230)
at utils.Utility.visibilityofElement(Utility.java:55)
at pageclass.BookAHotelPage.isCCYearErrorMessageDisplayed(BookAHotelPage.java:293)
at testclassnew.BookAHotelInvalidCCYearTest.validateInvalidCCYearinput(BookAHotelInvalidCCYearTest.java:73)
at java.base/jdk.internal.reflect.DirectMethodHandleAccessor.invoke(DirectMethodHandleAccessor.java:103)
at java.base/java.lang.reflect.Method.invoke(Method.java:580)
at org.testng.internal.MethodInvocationHelper.invokeMethod(MethodInvocationHelper.java:133)
at org.testng.internal.TestInvoker.invokeMethod(TestInvoker.java:598)
at org.testng.internal.TestInvoker.invokeTestMethod(TestInvoker.java:173)
at org.testng.internal.MethodRunner.runInSequence(MethodRunner.java:46)
at org.testng.internal.TestInvoker$MethodInvocationAgent.invoke(TestInvoker.java:824)
at org.testng.internal.TestInvoker.invokeTestMethods(TestInvoker.java:146)
at org.testng.internal.TestMethodWorker.invokeTestMethods(TestMethodWorker.java:146)
at org.testng.internal.TestMethodWorker.run(TestMethodWorker.java:128)
at java.base/java.util.ArrayList.forEach(ArrayList.java:1597)
at org.testng.TestRunner.privateRun(TestRunner.java:794)
at org.testng.TestRunner.run(TestRunner.java:596)
at org.testng.SuiteRunner.runTest(SuiteRunner.java:377)
at org.testng.SuiteRunner.runSequentially(SuiteRunner.java:371)
at org.testng.SuiteRunner.privateRun(SuiteRunner.java:332)
at org.testng.SuiteRunner.run(SuiteRunner.java:276)
at org.testng.SuiteRunnerWorker.runSuite(SuiteRunnerWorker.java:53)
at org.testng.SuiteRunnerWorker.run(SuiteRunnerWorker.java:96)
at org.testng.TestNG.runSuitesSequentially(TestNG.java:1212)
at org.testng.TestNG.runSuitesLocally(TestNG.java:1134)
at org.testng.TestNG.runSuites(TestNG.java:1063)
at org.testng.TestNG.run(TestNG.java:1031)
at org.testng.remote.AbstractRemoteTestNG.run(AbstractRemoteTestNG.java:115)
at org.testng.remote.RemoteTestNG.initAndRun(RemoteTestNG.java:293)
at org.testng.remote.RemoteTestNG.main(RemoteTestNG.java:91)
Caused by: org.openqa.selenium.NoSuchElementException: no such element: Unable to locate element: {"method":"xpath","selector":"//label[@id='cc_expiry_span']"}
  (Session info: chrome=132.0.6834.110)
For documentation on this error, please visit: https://www.selenium.dev/documentation/webdriver/troubleshooting/errors#no-such-element-exception
Build info: version: '4.14.0', revision: 'e5a96349ce'
System info: os.name: 'Windows 11', os.arch: 'amd64', os.version: '10.0', java.version: '23'
Driver info: org.openqa.selenium.chrome.ChromeDriver
Command: [56a12ef11ac04835eda6f5d2e9e095ce, findElement {using=xpath, value=//label[@id='cc_expiry_span']}]
Capabilities {acceptInsecureCerts: false, browserName: chrome, browserVersion: 132.0.6834.110, chrome: {chromedriverVersion: 132.0.6834.110 (df453a35f09..., userDataDir: C:\Users\prabh\AppData\Loca...}, fedcm:accounts: true, goog:chromeOptions: {debuggerAddress: localhost:55955}, networkConnectionEnabled: false, pageLoadStrategy: normal, platformName: windows, proxy: Proxy(), se:cdp: ws://localhost:55955/devtoo..., se:cdpVersion: 132.0.6834.110, setWindowRect: true, strictFileInteractability: false, timeouts: {implicit: 0, pageLoad: 300000, script: 30000}, unhandledPromptBehavior: dismiss and notify, webauthn:extension:credBlob: true, webauthn:extension:largeBlob: true, webauthn:extension:minPinLength: true, webauthn:extension:prf: true, webauthn:virtualAuthenticators: true}
Session ID: 56a12ef11ac04835eda6f5d2e9e095ce
at java.base/jdk.internal.reflect.DirectConstructorHandleAccessor.newInstance(DirectConstructorHandleAccessor.java:62)
at java.base/java.lang.reflect.Constructor.newInstanceWithCaller(Constructor.java:501)
at java.base/java.lang.reflect.Constructor.newInstance(Constructor.java:485)
at org.openqa.selenium.remote.codec.w3c.W3CHttpResponseCodec.createException(W3CHttpResponseCodec.java:200)
at org.openqa.selenium.remote.codec.w3c.W3CHttpResponseCodec.decode(W3CHttpResponseCodec.java:133)
at org.openqa.selenium.remote.codec.w3c.W3CHttpResponseCodec.decode(W3CHttpResponseCodec.java:52)
at org.openqa.selenium.remote.HttpCommandExecutor.execute(HttpCommandExecutor.java:191)
at org.openqa.selenium.remote.service.DriverCommandExecutor.invokeExecute(DriverCommandExecutor.java:196)
at org.openqa.selenium.remote.service.DriverCommandExecutor.execute(DriverCommandExecutor.java:171)
at org.openqa.selenium.remote.RemoteWebDriver.execute(RemoteWebDriver.java:602)
at org.openqa.selenium.remote.ElementLocation$ElementFinder$2.findElement(ElementLocation.java:165)
at org.openqa.selenium.remote.ElementLocation.findElement(ElementLocation.java:59)
at org.openqa.selenium.remote.RemoteWebDriver.findElement(RemoteWebDriver.java:359)
at org.openqa.selenium.remote.RemoteWebDriver.findElement(RemoteWebDriver.java:353)
at org.openqa.selenium.support.pagefactory.DefaultElementLocator.findElement(DefaultElementLocator.java:68)
at org.openqa.selenium.support.pagefactory.internal.LocatingElementHandler.invoke(LocatingElementHandler.java:38)
at jdk.proxy2/jdk.proxy2.$Proxy15.isDisplayed(Unknown Source)
at org.openqa.selenium.support.ui.ExpectedConditions.elementIfVisible(ExpectedConditions.java:304)
at org.openqa.selenium.support.ui.ExpectedConditions$10.apply(ExpectedConditions.java:290)
at org.openqa.selenium.support.ui.ExpectedConditions$10.apply(ExpectedConditions.java:287)
at org.openqa.selenium.support.ui.FluentWait.until(FluentWait.java:205)
... 29 more
]]>
            </full-stacktrace>
          </exception> <!-- org.openqa.selenium.TimeoutException -->
          <reporter-output>
          </reporter-output>
        </test-method> <!-- validateInvalidCCYearinput -->
      </class> <!-- testclassnew.BookAHotelInvalidCCYearTest -->
      <class name="testclassnew.searchHotelOneValidInputTest">
        <test-method signature="validateOneValidInput(java.lang.String,java.lang.String,java.lang.String,java.lang.String,java.lang.String,java.lang.String,java.lang.String,java.lang.String)[pri:0, instance:testclassnew.searchHotelOneValidInputTest@c0c2f8d]" started-at="2025-01-23T22:52:03 GMT" name="validateOneValidInput" data-provider="searchHotelOneValidInputValidate" finished-at="2025-01-23T22:52:05 GMT" duration-ms="2148" status="PASS">
          <params>
            <param index="0">
              <value>
                <![CDATA[London]]>
              </value>
            </param>
            <param index="1">
              <value>
                <![CDATA[Hotel Sunshine]]>
              </value>
            </param>
            <param index="2">
              <value>
                <![CDATA[Standard]]>
              </value>
            </param>
            <param index="3">
              <value>
                <![CDATA[1 - One]]>
              </value>
            </param>
            <param index="4">
              <value>
                <![CDATA[24/05/2025]]>
              </value>
            </param>
            <param index="5">
              <value>
                <![CDATA[25/05/2025]]>
              </value>
            </param>
            <param index="6">
              <value>
                <![CDATA[1 - One]]>
              </value>
            </param>
            <param index="7">
              <value>
                <![CDATA[]]>
              </value>
            </param>
          </params>
          <reporter-output>
          </reporter-output>
        </test-method> <!-- validateOneValidInput -->
      </class> <!-- testclassnew.searchHotelOneValidInputTest -->
      <class name="testclassnew.logInTest">
        <test-method is-config="true" signature="launchBrowser(java.lang.String,java.lang.String)[pri:0, instance:testclassnew.logInTest@4988d8b8]" started-at="2025-01-23T22:51:35 GMT" name="launchBrowser" finished-at="2025-01-23T22:51:47 GMT" duration-ms="12551" status="PASS">
          <params>
            <param index="0">
              <value>
                <![CDATA[chrome]]>
              </value>
            </param>
            <param index="1">
              <value>
                <![CDATA[https://adactinhotelapp.com/index.php]]>
              </value>
            </param>
          </params>
          <reporter-output>
          </reporter-output>
        </test-method> <!-- launchBrowser -->
        <test-method signature="validatelogIn(java.lang.String,java.lang.String)[pri:0, instance:testclassnew.logInTest@4988d8b8]" started-at="2025-01-23T22:51:47 GMT" name="validatelogIn" data-provider="logInTestData" finished-at="2025-01-23T22:51:48 GMT" duration-ms="715" status="PASS">
          <params>
            <param index="0">
              <value>
                <![CDATA[]]>
              </value>
            </param>
            <param index="1">
              <value>
                <![CDATA[Shanthi@tcs]]>
              </value>
            </param>
          </params>
          <reporter-output>
          </reporter-output>
        </test-method> <!-- validatelogIn -->
        <test-method signature="validatelogIn(java.lang.String,java.lang.String)[pri:0, instance:testclassnew.logInTest@4988d8b8]" started-at="2025-01-23T22:51:48 GMT" name="validatelogIn" data-provider="logInTestData" finished-at="2025-01-23T22:51:49 GMT" duration-ms="662" status="PASS">
          <params>
            <param index="0">
              <value>
                <![CDATA[igprasanthi]]>
              </value>
            </param>
            <param index="1">
              <value>
                <![CDATA[]]>
              </value>
            </param>
          </params>
          <reporter-output>
          </reporter-output>
        </test-method> <!-- validatelogIn -->
        <test-method signature="validatelogIn(java.lang.String,java.lang.String)[pri:0, instance:testclassnew.logInTest@4988d8b8]" started-at="2025-01-23T22:51:49 GMT" name="validatelogIn" data-provider="logInTestData" finished-at="2025-01-23T22:51:50 GMT" duration-ms="1128" status="PASS">
          <params>
            <param index="0">
              <value>
                <![CDATA[igprasant]]>
              </value>
            </param>
            <param index="1">
              <value>
                <![CDATA[Shanthi@tcs]]>
              </value>
            </param>
          </params>
          <reporter-output>
          </reporter-output>
        </test-method> <!-- validatelogIn -->
        <test-method signature="validatelogIn(java.lang.String,java.lang.String)[pri:0, instance:testclassnew.logInTest@4988d8b8]" started-at="2025-01-23T22:51:50 GMT" name="validatelogIn" data-provider="logInTestData" finished-at="2025-01-23T22:52:03 GMT" duration-ms="13222" status="PASS">
          <params>
            <param index="0">
              <value>
                <![CDATA[igprasanthi]]>
              </value>
            </param>
            <param index="1">
              <value>
                <![CDATA[Shanthi@tcs1]]>
              </value>
            </param>
          </params>
          <reporter-output>
          </reporter-output>
        </test-method> <!-- validatelogIn -->
        <test-method is-config="true" signature="closeBrowser()[pri:0, instance:testclassnew.logInTest@4988d8b8]" started-at="2025-01-23T22:52:35 GMT" name="closeBrowser" finished-at="2025-01-23T22:52:35 GMT" duration-ms="384" status="PASS">
          <reporter-output>
          </reporter-output>
        </test-method> <!-- closeBrowser -->
      </class> <!-- testclassnew.logInTest -->
      <class name="testclassnew.selectHotelTest">
        <test-method signature="validateSelectHotelPageFields()[pri:0, instance:testclassnew.selectHotelTest@305b7c14]" started-at="2025-01-23T22:52:05 GMT" name="validateSelectHotelPageFields" finished-at="2025-01-23T22:52:07 GMT" duration-ms="1811" status="PASS">
          <reporter-output>
          </reporter-output>
        </test-method> <!-- validateSelectHotelPageFields -->
      </class> <!-- testclassnew.selectHotelTest -->
    </test> <!-- ValidateBookAHotelInvalidCCExpYear -->
    <test started-at="2025-01-23T22:52:35 GMT" name="BookConfirmationLastNameandRoomType" finished-at="2025-01-23T22:53:13 GMT" duration-ms="38374">
      <class name="testclassnew.searchHotelOneValidInputTest">
        <test-method signature="validateOneValidInput(java.lang.String,java.lang.String,java.lang.String,java.lang.String,java.lang.String,java.lang.String,java.lang.String,java.lang.String)[pri:0, instance:testclassnew.searchHotelOneValidInputTest@4e50c791]" started-at="2025-01-23T22:53:00 GMT" name="validateOneValidInput" data-provider="searchHotelOneValidInputValidate" finished-at="2025-01-23T22:53:03 GMT" duration-ms="3184" status="PASS">
          <params>
            <param index="0">
              <value>
                <![CDATA[London]]>
              </value>
            </param>
            <param index="1">
              <value>
                <![CDATA[Hotel Sunshine]]>
              </value>
            </param>
            <param index="2">
              <value>
                <![CDATA[Standard]]>
              </value>
            </param>
            <param index="3">
              <value>
                <![CDATA[1 - One]]>
              </value>
            </param>
            <param index="4">
              <value>
                <![CDATA[24/05/2025]]>
              </value>
            </param>
            <param index="5">
              <value>
                <![CDATA[25/05/2025]]>
              </value>
            </param>
            <param index="6">
              <value>
                <![CDATA[1 - One]]>
              </value>
            </param>
            <param index="7">
              <value>
                <![CDATA[]]>
              </value>
            </param>
          </params>
          <reporter-output>
          </reporter-output>
        </test-method> <!-- validateOneValidInput -->
      </class> <!-- testclassnew.searchHotelOneValidInputTest -->
      <class name="testclassnew.logInTest">
        <test-method is-config="true" signature="launchBrowser(java.lang.String,java.lang.String)[pri:0, instance:testclassnew.logInTest@1e66f1f5]" started-at="2025-01-23T22:52:35 GMT" name="launchBrowser" finished-at="2025-01-23T22:52:46 GMT" duration-ms="11082" status="PASS">
          <params>
            <param index="0">
              <value>
                <![CDATA[chrome]]>
              </value>
            </param>
            <param index="1">
              <value>
                <![CDATA[https://adactinhotelapp.com/index.php]]>
              </value>
            </param>
          </params>
          <reporter-output>
          </reporter-output>
        </test-method> <!-- launchBrowser -->
        <test-method signature="validatelogIn(java.lang.String,java.lang.String)[pri:0, instance:testclassnew.logInTest@1e66f1f5]" started-at="2025-01-23T22:52:46 GMT" name="validatelogIn" data-provider="logInTestData" finished-at="2025-01-23T22:52:47 GMT" duration-ms="504" status="PASS">
          <params>
            <param index="0">
              <value>
                <![CDATA[]]>
              </value>
            </param>
            <param index="1">
              <value>
                <![CDATA[Shanthi@tcs]]>
              </value>
            </param>
          </params>
          <reporter-output>
          </reporter-output>
        </test-method> <!-- validatelogIn -->
        <test-method signature="validatelogIn(java.lang.String,java.lang.String)[pri:0, instance:testclassnew.logInTest@1e66f1f5]" started-at="2025-01-23T22:52:47 GMT" name="validatelogIn" data-provider="logInTestData" finished-at="2025-01-23T22:52:47 GMT" duration-ms="419" status="PASS">
          <params>
            <param index="0">
              <value>
                <![CDATA[igprasanthi]]>
              </value>
            </param>
            <param index="1">
              <value>
                <![CDATA[]]>
              </value>
            </param>
          </params>
          <reporter-output>
          </reporter-output>
        </test-method> <!-- validatelogIn -->
        <test-method signature="validatelogIn(java.lang.String,java.lang.String)[pri:0, instance:testclassnew.logInTest@1e66f1f5]" started-at="2025-01-23T22:52:47 GMT" name="validatelogIn" data-provider="logInTestData" finished-at="2025-01-23T22:52:48 GMT" duration-ms="904" status="PASS">
          <params>
            <param index="0">
              <value>
                <![CDATA[igprasant]]>
              </value>
            </param>
            <param index="1">
              <value>
                <![CDATA[Shanthi@tcs]]>
              </value>
            </param>
          </params>
          <reporter-output>
          </reporter-output>
        </test-method> <!-- validatelogIn -->
        <test-method signature="validatelogIn(java.lang.String,java.lang.String)[pri:0, instance:testclassnew.logInTest@1e66f1f5]" started-at="2025-01-23T22:52:48 GMT" name="validatelogIn" data-provider="logInTestData" finished-at="2025-01-23T22:53:00 GMT" duration-ms="11518" status="PASS">
          <params>
            <param index="0">
              <value>
                <![CDATA[igprasanthi]]>
              </value>
            </param>
            <param index="1">
              <value>
                <![CDATA[Shanthi@tcs1]]>
              </value>
            </param>
          </params>
          <reporter-output>
          </reporter-output>
        </test-method> <!-- validatelogIn -->
        <test-method is-config="true" signature="closeBrowser()[pri:0, instance:testclassnew.logInTest@1e66f1f5]" started-at="2025-01-23T22:53:13 GMT" name="closeBrowser" finished-at="2025-01-23T22:53:13 GMT" duration-ms="357" status="PASS">
          <reporter-output>
          </reporter-output>
        </test-method> <!-- closeBrowser -->
      </class> <!-- testclassnew.logInTest -->
      <class name="testclassnew.selectHotelTest">
        <test-method signature="validateSelectHotelPageFields()[pri:0, instance:testclassnew.selectHotelTest@7530ad9c]" started-at="2025-01-23T22:53:03 GMT" name="validateSelectHotelPageFields" finished-at="2025-01-23T22:53:05 GMT" duration-ms="2464" status="PASS">
          <reporter-output>
          </reporter-output>
        </test-method> <!-- validateSelectHotelPageFields -->
      </class> <!-- testclassnew.selectHotelTest -->
      <class name="testclassnew.BookAHotelValidDataTest">
        <test-method signature="enterValidData(java.lang.String,java.lang.String,java.lang.String,java.lang.String,java.lang.String,java.lang.String,java.lang.String,java.lang.String)[pri:3, instance:testclassnew.BookAHotelValidDataTest@58a9760d]" started-at="2025-01-23T22:53:05 GMT" name="enterValidData" data-provider="enterValidDetails" finished-at="2025-01-23T22:53:07 GMT" duration-ms="1997" status="PASS">
          <params>
            <param index="0">
              <value>
                <![CDATA[Natasha]]>
              </value>
            </param>
            <param index="1">
              <value>
                <![CDATA[Sharma]]>
              </value>
            </param>
            <param index="2">
              <value>
                <![CDATA[33,towers, mumbai]]>
              </value>
            </param>
            <param index="3">
              <value>
                <![CDATA[2345678934569870]]>
              </value>
            </param>
            <param index="4">
              <value>
                <![CDATA[VISA]]>
              </value>
            </param>
            <param index="5">
              <value>
                <![CDATA[August]]>
              </value>
            </param>
            <param index="6">
              <value>
                <![CDATA[2026]]>
              </value>
            </param>
            <param index="7">
              <value>
                <![CDATA[345]]>
              </value>
            </param>
          </params>
          <reporter-output>
          </reporter-output>
        </test-method> <!-- enterValidData -->
      </class> <!-- testclassnew.BookAHotelValidDataTest -->
      <class name="testclassnew.BookHotelConfirmationLastNameDisplayCheckTest">
        <test-method signature="validateLastName()[pri:1, instance:testclassnew.BookHotelConfirmationLastNameDisplayCheckTest@71e9ddb4]" started-at="2025-01-23T22:53:07 GMT" name="validateLastName" finished-at="2025-01-23T22:53:07 GMT" duration-ms="97" status="PASS">
          <reporter-output>
          </reporter-output>
        </test-method> <!-- validateLastName -->
        <test-method signature="validateRoomType()[pri:2, instance:testclassnew.BookHotelConfirmationLastNameDisplayCheckTest@71e9ddb4]" started-at="2025-01-23T22:53:07 GMT" name="validateRoomType" finished-at="2025-01-23T22:53:13 GMT" duration-ms="5615" status="FAIL">
          <exception class="junit.framework.ComparisonFailure">
            <message>
              <![CDATA[expected:<null> but was:<Deluxe>]]>
            </message>
            <full-stacktrace>
              <![CDATA[junit.framework.ComparisonFailure: expected:<null> but was:<Deluxe>
at junit.framework.Assert.assertEquals(Assert.java:81)
at junit.framework.Assert.assertEquals(Assert.java:87)
at testclassnew.BookHotelConfirmationLastNameDisplayCheckTest.validateRoomType(BookHotelConfirmationLastNameDisplayCheckTest.java:34)
at java.base/jdk.internal.reflect.DirectMethodHandleAccessor.invoke(DirectMethodHandleAccessor.java:103)
at java.base/java.lang.reflect.Method.invoke(Method.java:580)
at org.testng.internal.MethodInvocationHelper.invokeMethod(MethodInvocationHelper.java:133)
at org.testng.internal.TestInvoker.invokeMethod(TestInvoker.java:598)
at org.testng.internal.TestInvoker.invokeTestMethod(TestInvoker.java:173)
at org.testng.internal.MethodRunner.runInSequence(MethodRunner.java:46)
at org.testng.internal.TestInvoker$MethodInvocationAgent.invoke(TestInvoker.java:824)
at org.testng.internal.TestInvoker.invokeTestMethods(TestInvoker.java:146)
at org.testng.internal.TestMethodWorker.invokeTestMethods(TestMethodWorker.java:146)
at org.testng.internal.TestMethodWorker.run(TestMethodWorker.java:128)
at java.base/java.util.ArrayList.forEach(ArrayList.java:1597)
at org.testng.TestRunner.privateRun(TestRunner.java:794)
at org.testng.TestRunner.run(TestRunner.java:596)
at org.testng.SuiteRunner.runTest(SuiteRunner.java:377)
at org.testng.SuiteRunner.runSequentially(SuiteRunner.java:371)
at org.testng.SuiteRunner.privateRun(SuiteRunner.java:332)
at org.testng.SuiteRunner.run(SuiteRunner.java:276)
at org.testng.SuiteRunnerWorker.runSuite(SuiteRunnerWorker.java:53)
at org.testng.SuiteRunnerWorker.run(SuiteRunnerWorker.java:96)
at org.testng.TestNG.runSuitesSequentially(TestNG.java:1212)
at org.testng.TestNG.runSuitesLocally(TestNG.java:1134)
at org.testng.TestNG.runSuites(TestNG.java:1063)
at org.testng.TestNG.run(TestNG.java:1031)
at org.testng.remote.AbstractRemoteTestNG.run(AbstractRemoteTestNG.java:115)
at org.testng.remote.RemoteTestNG.initAndRun(RemoteTestNG.java:293)
at org.testng.remote.RemoteTestNG.main(RemoteTestNG.java:91)
]]>
            </full-stacktrace>
          </exception> <!-- junit.framework.ComparisonFailure -->
          <reporter-output>
          </reporter-output>
        </test-method> <!-- validateRoomType -->
      </class> <!-- testclassnew.BookHotelConfirmationLastNameDisplayCheckTest -->
    </test> <!-- BookConfirmationLastNameandRoomType -->
    <test started-at="2025-01-23T22:53:13 GMT" name="BookAHotelErrorMessages" finished-at="2025-01-23T22:53:54 GMT" duration-ms="40409">
      <class name="testclassnew.searchHotelOneValidInputTest">
        <test-method signature="validateOneValidInput(java.lang.String,java.lang.String,java.lang.String,java.lang.String,java.lang.String,java.lang.String,java.lang.String,java.lang.String)[pri:0, instance:testclassnew.searchHotelOneValidInputTest@6a2f6f80]" started-at="2025-01-23T22:53:35 GMT" name="validateOneValidInput" data-provider="searchHotelOneValidInputValidate" finished-at="2025-01-23T22:53:37 GMT" duration-ms="2139" status="PASS">
          <params>
            <param index="0">
              <value>
                <![CDATA[London]]>
              </value>
            </param>
            <param index="1">
              <value>
                <![CDATA[Hotel Sunshine]]>
              </value>
            </param>
            <param index="2">
              <value>
                <![CDATA[Standard]]>
              </value>
            </param>
            <param index="3">
              <value>
                <![CDATA[1 - One]]>
              </value>
            </param>
            <param index="4">
              <value>
                <![CDATA[24/05/2025]]>
              </value>
            </param>
            <param index="5">
              <value>
                <![CDATA[25/05/2025]]>
              </value>
            </param>
            <param index="6">
              <value>
                <![CDATA[1 - One]]>
              </value>
            </param>
            <param index="7">
              <value>
                <![CDATA[]]>
              </value>
            </param>
          </params>
          <reporter-output>
          </reporter-output>
        </test-method> <!-- validateOneValidInput -->
      </class> <!-- testclassnew.searchHotelOneValidInputTest -->
      <class name="testclassnew.logInTest">
        <test-method is-config="true" signature="launchBrowser(java.lang.String,java.lang.String)[pri:0, instance:testclassnew.logInTest@1190200a]" started-at="2025-01-23T22:53:13 GMT" name="launchBrowser" finished-at="2025-01-23T22:53:21 GMT" duration-ms="7781" status="PASS">
          <params>
            <param index="0">
              <value>
                <![CDATA[chrome]]>
              </value>
            </param>
            <param index="1">
              <value>
                <![CDATA[https://adactinhotelapp.com/index.php]]>
              </value>
            </param>
          </params>
          <reporter-output>
          </reporter-output>
        </test-method> <!-- launchBrowser -->
        <test-method signature="validatelogIn(java.lang.String,java.lang.String)[pri:0, instance:testclassnew.logInTest@1190200a]" started-at="2025-01-23T22:53:21 GMT" name="validatelogIn" data-provider="logInTestData" finished-at="2025-01-23T22:53:22 GMT" duration-ms="481" status="PASS">
          <params>
            <param index="0">
              <value>
                <![CDATA[]]>
              </value>
            </param>
            <param index="1">
              <value>
                <![CDATA[Shanthi@tcs]]>
              </value>
            </param>
          </params>
          <reporter-output>
          </reporter-output>
        </test-method> <!-- validatelogIn -->
        <test-method signature="validatelogIn(java.lang.String,java.lang.String)[pri:0, instance:testclassnew.logInTest@1190200a]" started-at="2025-01-23T22:53:22 GMT" name="validatelogIn" data-provider="logInTestData" finished-at="2025-01-23T22:53:22 GMT" duration-ms="426" status="PASS">
          <params>
            <param index="0">
              <value>
                <![CDATA[igprasanthi]]>
              </value>
            </param>
            <param index="1">
              <value>
                <![CDATA[]]>
              </value>
            </param>
          </params>
          <reporter-output>
          </reporter-output>
        </test-method> <!-- validatelogIn -->
        <test-method signature="validatelogIn(java.lang.String,java.lang.String)[pri:0, instance:testclassnew.logInTest@1190200a]" started-at="2025-01-23T22:53:22 GMT" name="validatelogIn" data-provider="logInTestData" finished-at="2025-01-23T22:53:23 GMT" duration-ms="855" status="PASS">
          <params>
            <param index="0">
              <value>
                <![CDATA[igprasant]]>
              </value>
            </param>
            <param index="1">
              <value>
                <![CDATA[Shanthi@tcs]]>
              </value>
            </param>
          </params>
          <reporter-output>
          </reporter-output>
        </test-method> <!-- validatelogIn -->
        <test-method signature="validatelogIn(java.lang.String,java.lang.String)[pri:0, instance:testclassnew.logInTest@1190200a]" started-at="2025-01-23T22:53:23 GMT" name="validatelogIn" data-provider="logInTestData" finished-at="2025-01-23T22:53:34 GMT" duration-ms="11486" status="PASS">
          <params>
            <param index="0">
              <value>
                <![CDATA[igprasanthi]]>
              </value>
            </param>
            <param index="1">
              <value>
                <![CDATA[Shanthi@tcs1]]>
              </value>
            </param>
          </params>
          <reporter-output>
          </reporter-output>
        </test-method> <!-- validatelogIn -->
        <test-method is-config="true" signature="closeBrowser()[pri:0, instance:testclassnew.logInTest@1190200a]" started-at="2025-01-23T22:53:53 GMT" name="closeBrowser" finished-at="2025-01-23T22:53:54 GMT" duration-ms="392" status="PASS">
          <reporter-output>
          </reporter-output>
        </test-method> <!-- closeBrowser -->
      </class> <!-- testclassnew.logInTest -->
      <class name="testclassnew.selectHotelTest">
        <test-method signature="validateSelectHotelPageFields()[pri:0, instance:testclassnew.selectHotelTest@45b4c3a9]" started-at="2025-01-23T22:53:37 GMT" name="validateSelectHotelPageFields" finished-at="2025-01-23T22:53:39 GMT" duration-ms="1833" status="PASS">
          <reporter-output>
          </reporter-output>
        </test-method> <!-- validateSelectHotelPageFields -->
      </class> <!-- testclassnew.selectHotelTest -->
      <class name="testclassnew.BookAHotelErrorMessages">
        <test-method signature="enterFNDetailsErrorMessages(java.lang.String,java.lang.String,java.lang.String,java.lang.String,java.lang.String,java.lang.String,java.lang.String,java.lang.String,java.lang.String)[pri:4, instance:testclassnew.BookAHotelErrorMessages@399c4be1]" started-at="2025-01-23T22:53:39 GMT" name="enterFNDetailsErrorMessages" data-provider="enterInValidDetails" finished-at="2025-01-23T22:53:41 GMT" duration-ms="1935" status="PASS">
          <params>
            <param index="0">
              <value>
                <![CDATA[]]>
              </value>
            </param>
            <param index="1">
              <value>
                <![CDATA[Simha]]>
              </value>
            </param>
            <param index="2">
              <value>
                <![CDATA[1234,dfgh]]>
              </value>
            </param>
            <param index="3">
              <value>
                <![CDATA[2369874521478963]]>
              </value>
            </param>
            <param index="4">
              <value>
                <![CDATA[American Express]]>
              </value>
            </param>
            <param index="5">
              <value>
                <![CDATA[February]]>
              </value>
            </param>
            <param index="6">
              <value>
                <![CDATA[2018]]>
              </value>
            </param>
            <param index="7">
              <value>
                <![CDATA[1234]]>
              </value>
            </param>
            <param index="8">
              <value>
                <![CDATA[Please Enter your First Name]]>
              </value>
            </param>
          </params>
          <reporter-output>
          </reporter-output>
        </test-method> <!-- enterFNDetailsErrorMessages -->
        <test-method signature="enterFNDetailsErrorMessages(java.lang.String,java.lang.String,java.lang.String,java.lang.String,java.lang.String,java.lang.String,java.lang.String,java.lang.String,java.lang.String)[pri:4, instance:testclassnew.BookAHotelErrorMessages@399c4be1]" started-at="2025-01-23T22:53:41 GMT" name="enterFNDetailsErrorMessages" data-provider="enterInValidDetails" finished-at="2025-01-23T22:53:42 GMT" duration-ms="1328" status="PASS">
          <params>
            <param index="0">
              <value>
                <![CDATA[Natasha]]>
              </value>
            </param>
            <param index="1">
              <value>
                <![CDATA[]]>
              </value>
            </param>
            <param index="2">
              <value>
                <![CDATA[1234,dfgh]]>
              </value>
            </param>
            <param index="3">
              <value>
                <![CDATA[2369874521478963]]>
              </value>
            </param>
            <param index="4">
              <value>
                <![CDATA[American Express]]>
              </value>
            </param>
            <param index="5">
              <value>
                <![CDATA[February]]>
              </value>
            </param>
            <param index="6">
              <value>
                <![CDATA[2018]]>
              </value>
            </param>
            <param index="7">
              <value>
                <![CDATA[1234]]>
              </value>
            </param>
            <param index="8">
              <value>
                <![CDATA[Please Enter you Last Name]]>
              </value>
            </param>
          </params>
          <reporter-output>
          </reporter-output>
        </test-method> <!-- enterFNDetailsErrorMessages -->
        <test-method signature="enterFNDetailsErrorMessages(java.lang.String,java.lang.String,java.lang.String,java.lang.String,java.lang.String,java.lang.String,java.lang.String,java.lang.String,java.lang.String)[pri:4, instance:testclassnew.BookAHotelErrorMessages@399c4be1]" started-at="2025-01-23T22:53:42 GMT" name="enterFNDetailsErrorMessages" data-provider="enterInValidDetails" finished-at="2025-01-23T22:53:43 GMT" duration-ms="1387" status="PASS">
          <params>
            <param index="0">
              <value>
                <![CDATA[Natasha]]>
              </value>
            </param>
            <param index="1">
              <value>
                <![CDATA[Simha]]>
              </value>
            </param>
            <param index="2">
              <value>
                <![CDATA[]]>
              </value>
            </param>
            <param index="3">
              <value>
                <![CDATA[2369874521478963]]>
              </value>
            </param>
            <param index="4">
              <value>
                <![CDATA[Other]]>
              </value>
            </param>
            <param index="5">
              <value>
                <![CDATA[October]]>
              </value>
            </param>
            <param index="6">
              <value>
                <![CDATA[2019]]>
              </value>
            </param>
            <param index="7">
              <value>
                <![CDATA[123]]>
              </value>
            </param>
            <param index="8">
              <value>
                <![CDATA[Please Enter your Address]]>
              </value>
            </param>
          </params>
          <reporter-output>
          </reporter-output>
        </test-method> <!-- enterFNDetailsErrorMessages -->
        <test-method signature="enterFNDetailsErrorMessages(java.lang.String,java.lang.String,java.lang.String,java.lang.String,java.lang.String,java.lang.String,java.lang.String,java.lang.String,java.lang.String)[pri:4, instance:testclassnew.BookAHotelErrorMessages@399c4be1]" started-at="2025-01-23T22:53:43 GMT" name="enterFNDetailsErrorMessages" data-provider="enterInValidDetails" finished-at="2025-01-23T22:53:45 GMT" duration-ms="1776" status="PASS">
          <params>
            <param index="0">
              <value>
                <![CDATA[Natasha]]>
              </value>
            </param>
            <param index="1">
              <value>
                <![CDATA[Simha]]>
              </value>
            </param>
            <param index="2">
              <value>
                <![CDATA[1234,dfgh]]>
              </value>
            </param>
            <param index="3">
              <value>
                <![CDATA[]]>
              </value>
            </param>
            <param index="4">
              <value>
                <![CDATA[American Express]]>
              </value>
            </param>
            <param index="5">
              <value>
                <![CDATA[February]]>
              </value>
            </param>
            <param index="6">
              <value>
                <![CDATA[2018]]>
              </value>
            </param>
            <param index="7">
              <value>
                <![CDATA[2345]]>
              </value>
            </param>
            <param index="8">
              <value>
                <![CDATA[Please Enter your 16 Digit Credit Card Number]]>
              </value>
            </param>
          </params>
          <reporter-output>
          </reporter-output>
        </test-method> <!-- enterFNDetailsErrorMessages -->
        <test-method signature="enterFNDetailsErrorMessages(java.lang.String,java.lang.String,java.lang.String,java.lang.String,java.lang.String,java.lang.String,java.lang.String,java.lang.String,java.lang.String)[pri:4, instance:testclassnew.BookAHotelErrorMessages@399c4be1]" started-at="2025-01-23T22:53:45 GMT" name="enterFNDetailsErrorMessages" data-provider="enterInValidDetails" finished-at="2025-01-23T22:53:47 GMT" duration-ms="1633" status="PASS">
          <params>
            <param index="0">
              <value>
                <![CDATA[Natasha]]>
              </value>
            </param>
            <param index="1">
              <value>
                <![CDATA[Simha]]>
              </value>
            </param>
            <param index="2">
              <value>
                <![CDATA[1234,dfgh]]>
              </value>
            </param>
            <param index="3">
              <value>
                <![CDATA[2369874521478963]]>
              </value>
            </param>
            <param index="4">
              <value>
                <![CDATA[- Select Credit Card Type -]]>
              </value>
            </param>
            <param index="5">
              <value>
                <![CDATA[February]]>
              </value>
            </param>
            <param index="6">
              <value>
                <![CDATA[2018]]>
              </value>
            </param>
            <param index="7">
              <value>
                <![CDATA[2345]]>
              </value>
            </param>
            <param index="8">
              <value>
                <![CDATA[Please Select your Credit Card Type]]>
              </value>
            </param>
          </params>
          <reporter-output>
          </reporter-output>
        </test-method> <!-- enterFNDetailsErrorMessages -->
        <test-method signature="enterFNDetailsErrorMessages(java.lang.String,java.lang.String,java.lang.String,java.lang.String,java.lang.String,java.lang.String,java.lang.String,java.lang.String,java.lang.String)[pri:4, instance:testclassnew.BookAHotelErrorMessages@399c4be1]" started-at="2025-01-23T22:53:47 GMT" name="enterFNDetailsErrorMessages" data-provider="enterInValidDetails" finished-at="2025-01-23T22:53:48 GMT" duration-ms="1656" status="PASS">
          <params>
            <param index="0">
              <value>
                <![CDATA[Natasha]]>
              </value>
            </param>
            <param index="1">
              <value>
                <![CDATA[Simha]]>
              </value>
            </param>
            <param index="2">
              <value>
                <![CDATA[33,towers,]]>
              </value>
            </param>
            <param index="3">
              <value>
                <![CDATA[2369874521478963]]>
              </value>
            </param>
            <param index="4">
              <value>
                <![CDATA[American Express]]>
              </value>
            </param>
            <param index="5">
              <value>
                <![CDATA[- Select Month -]]>
              </value>
            </param>
            <param index="6">
              <value>
                <![CDATA[2018]]>
              </value>
            </param>
            <param index="7">
              <value>
                <![CDATA[2345]]>
              </value>
            </param>
            <param index="8">
              <value>
                <![CDATA[Please Select your Credit Card Expiry Month]]>
              </value>
            </param>
          </params>
          <reporter-output>
          </reporter-output>
        </test-method> <!-- enterFNDetailsErrorMessages -->
        <test-method signature="enterFNDetailsErrorMessages(java.lang.String,java.lang.String,java.lang.String,java.lang.String,java.lang.String,java.lang.String,java.lang.String,java.lang.String,java.lang.String)[pri:4, instance:testclassnew.BookAHotelErrorMessages@399c4be1]" started-at="2025-01-23T22:53:48 GMT" name="enterFNDetailsErrorMessages" data-provider="enterInValidDetails" finished-at="2025-01-23T22:53:50 GMT" duration-ms="1750" status="PASS">
          <params>
            <param index="0">
              <value>
                <![CDATA[Natasha]]>
              </value>
            </param>
            <param index="1">
              <value>
                <![CDATA[Simha]]>
              </value>
            </param>
            <param index="2">
              <value>
                <![CDATA[33,towers,]]>
              </value>
            </param>
            <param index="3">
              <value>
                <![CDATA[2369874521478963]]>
              </value>
            </param>
            <param index="4">
              <value>
                <![CDATA[VISA]]>
              </value>
            </param>
            <param index="5">
              <value>
                <![CDATA[August]]>
              </value>
            </param>
            <param index="6">
              <value>
                <![CDATA[- Select Year -]]>
              </value>
            </param>
            <param index="7">
              <value>
                <![CDATA[345]]>
              </value>
            </param>
            <param index="8">
              <value>
                <![CDATA[Please Select your Credit Card Expiry Year]]>
              </value>
            </param>
          </params>
          <reporter-output>
          </reporter-output>
        </test-method> <!-- enterFNDetailsErrorMessages -->
        <test-method signature="enterFNDetailsErrorMessages(java.lang.String,java.lang.String,java.lang.String,java.lang.String,java.lang.String,java.lang.String,java.lang.String,java.lang.String,java.lang.String)[pri:4, instance:testclassnew.BookAHotelErrorMessages@399c4be1]" started-at="2025-01-23T22:53:50 GMT" name="enterFNDetailsErrorMessages" data-provider="enterInValidDetails" finished-at="2025-01-23T22:53:52 GMT" duration-ms="1590" status="PASS">
          <params>
            <param index="0">
              <value>
                <![CDATA[Natasha]]>
              </value>
            </param>
            <param index="1">
              <value>
                <![CDATA[Simha]]>
              </value>
            </param>
            <param index="2">
              <value>
                <![CDATA[33,towers,]]>
              </value>
            </param>
            <param index="3">
              <value>
                <![CDATA[2369874521478963]]>
              </value>
            </param>
            <param index="4">
              <value>
                <![CDATA[VISA]]>
              </value>
            </param>
            <param index="5">
              <value>
                <![CDATA[August]]>
              </value>
            </param>
            <param index="6">
              <value>
                <![CDATA[2024]]>
              </value>
            </param>
            <param index="7">
              <value>
                <![CDATA[]]>
              </value>
            </param>
            <param index="8">
              <value>
                <![CDATA[Please Enter your Credit Card CVV Number]]>
              </value>
            </param>
          </params>
          <reporter-output>
          </reporter-output>
        </test-method> <!-- enterFNDetailsErrorMessages -->
        <test-method signature="enterFNDetailsErrorMessages(java.lang.String,java.lang.String,java.lang.String,java.lang.String,java.lang.String,java.lang.String,java.lang.String,java.lang.String,java.lang.String)[pri:4, instance:testclassnew.BookAHotelErrorMessages@399c4be1]" started-at="2025-01-23T22:53:52 GMT" name="enterFNDetailsErrorMessages" data-provider="enterInValidDetails" finished-at="2025-01-23T22:53:53 GMT" duration-ms="1777" status="PASS">
          <params>
            <param index="0">
              <value>
                <![CDATA[Natasha]]>
              </value>
            </param>
            <param index="1">
              <value>
                <![CDATA[Simha]]>
              </value>
            </param>
            <param index="2">
              <value>
                <![CDATA[33,towers,]]>
              </value>
            </param>
            <param index="3">
              <value>
                <![CDATA[2569871]]>
              </value>
            </param>
            <param index="4">
              <value>
                <![CDATA[VISA]]>
              </value>
            </param>
            <param index="5">
              <value>
                <![CDATA[August]]>
              </value>
            </param>
            <param index="6">
              <value>
                <![CDATA[2024]]>
              </value>
            </param>
            <param index="7">
              <value>
                <![CDATA[345]]>
              </value>
            </param>
            <param index="8">
              <value>
                <![CDATA[Please Enter your 16 Digit Credit Card Number]]>
              </value>
            </param>
          </params>
          <reporter-output>
          </reporter-output>
        </test-method> <!-- enterFNDetailsErrorMessages -->
      </class> <!-- testclassnew.BookAHotelErrorMessages -->
    </test> <!-- BookAHotelErrorMessages -->
    <test started-at="2025-01-23T22:53:54 GMT" name="ValidEndtoEndFlow" finished-at="2025-01-23T22:54:31 GMT" duration-ms="37229">
      <class name="testclassnew.searchHotelOneValidInputTest">
        <test-method signature="validateOneValidInput(java.lang.String,java.lang.String,java.lang.String,java.lang.String,java.lang.String,java.lang.String,java.lang.String,java.lang.String)[pri:0, instance:testclassnew.searchHotelOneValidInputTest@1e178745]" started-at="2025-01-23T22:54:20 GMT" name="validateOneValidInput" data-provider="searchHotelOneValidInputValidate" finished-at="2025-01-23T22:54:22 GMT" duration-ms="2103" status="PASS">
          <params>
            <param index="0">
              <value>
                <![CDATA[London]]>
              </value>
            </param>
            <param index="1">
              <value>
                <![CDATA[Hotel Sunshine]]>
              </value>
            </param>
            <param index="2">
              <value>
                <![CDATA[Standard]]>
              </value>
            </param>
            <param index="3">
              <value>
                <![CDATA[1 - One]]>
              </value>
            </param>
            <param index="4">
              <value>
                <![CDATA[24/05/2025]]>
              </value>
            </param>
            <param index="5">
              <value>
                <![CDATA[25/05/2025]]>
              </value>
            </param>
            <param index="6">
              <value>
                <![CDATA[1 - One]]>
              </value>
            </param>
            <param index="7">
              <value>
                <![CDATA[]]>
              </value>
            </param>
          </params>
          <reporter-output>
          </reporter-output>
        </test-method> <!-- validateOneValidInput -->
      </class> <!-- testclassnew.searchHotelOneValidInputTest -->
      <class name="testclassnew.logInTest">
        <test-method is-config="true" signature="launchBrowser(java.lang.String,java.lang.String)[pri:0, instance:testclassnew.logInTest@1f59a598]" started-at="2025-01-23T22:53:54 GMT" name="launchBrowser" finished-at="2025-01-23T22:54:06 GMT" duration-ms="12500" status="PASS">
          <params>
            <param index="0">
              <value>
                <![CDATA[chrome]]>
              </value>
            </param>
            <param index="1">
              <value>
                <![CDATA[https://adactinhotelapp.com/index.php]]>
              </value>
            </param>
          </params>
          <reporter-output>
          </reporter-output>
        </test-method> <!-- launchBrowser -->
        <test-method signature="validatelogIn(java.lang.String,java.lang.String)[pri:0, instance:testclassnew.logInTest@1f59a598]" started-at="2025-01-23T22:54:06 GMT" name="validatelogIn" data-provider="logInTestData" finished-at="2025-01-23T22:54:07 GMT" duration-ms="651" status="PASS">
          <params>
            <param index="0">
              <value>
                <![CDATA[]]>
              </value>
            </param>
            <param index="1">
              <value>
                <![CDATA[Shanthi@tcs]]>
              </value>
            </param>
          </params>
          <reporter-output>
          </reporter-output>
        </test-method> <!-- validatelogIn -->
        <test-method signature="validatelogIn(java.lang.String,java.lang.String)[pri:0, instance:testclassnew.logInTest@1f59a598]" started-at="2025-01-23T22:54:07 GMT" name="validatelogIn" data-provider="logInTestData" finished-at="2025-01-23T22:54:07 GMT" duration-ms="438" status="PASS">
          <params>
            <param index="0">
              <value>
                <![CDATA[igprasanthi]]>
              </value>
            </param>
            <param index="1">
              <value>
                <![CDATA[]]>
              </value>
            </param>
          </params>
          <reporter-output>
          </reporter-output>
        </test-method> <!-- validatelogIn -->
        <test-method signature="validatelogIn(java.lang.String,java.lang.String)[pri:0, instance:testclassnew.logInTest@1f59a598]" started-at="2025-01-23T22:54:07 GMT" name="validatelogIn" data-provider="logInTestData" finished-at="2025-01-23T22:54:08 GMT" duration-ms="741" status="PASS">
          <params>
            <param index="0">
              <value>
                <![CDATA[igprasant]]>
              </value>
            </param>
            <param index="1">
              <value>
                <![CDATA[Shanthi@tcs]]>
              </value>
            </param>
          </params>
          <reporter-output>
          </reporter-output>
        </test-method> <!-- validatelogIn -->
        <test-method signature="validatelogIn(java.lang.String,java.lang.String)[pri:0, instance:testclassnew.logInTest@1f59a598]" started-at="2025-01-23T22:54:08 GMT" name="validatelogIn" data-provider="logInTestData" finished-at="2025-01-23T22:54:20 GMT" duration-ms="11416" status="PASS">
          <params>
            <param index="0">
              <value>
                <![CDATA[igprasanthi]]>
              </value>
            </param>
            <param index="1">
              <value>
                <![CDATA[Shanthi@tcs1]]>
              </value>
            </param>
          </params>
          <reporter-output>
          </reporter-output>
        </test-method> <!-- validatelogIn -->
        <test-method is-config="true" signature="closeBrowser()[pri:0, instance:testclassnew.logInTest@1f59a598]" started-at="2025-01-23T22:54:31 GMT" name="closeBrowser" finished-at="2025-01-23T22:54:31 GMT" duration-ms="335" status="PASS">
          <reporter-output>
          </reporter-output>
        </test-method> <!-- closeBrowser -->
      </class> <!-- testclassnew.logInTest -->
      <class name="testclassnew.selectHotelTest">
        <test-method signature="validateSelectHotelPageFields()[pri:0, instance:testclassnew.selectHotelTest@192c3f1e]" started-at="2025-01-23T22:54:22 GMT" name="validateSelectHotelPageFields" finished-at="2025-01-23T22:54:24 GMT" duration-ms="1727" status="PASS">
          <reporter-output>
          </reporter-output>
        </test-method> <!-- validateSelectHotelPageFields -->
      </class> <!-- testclassnew.selectHotelTest -->
      <class name="testclassnew.BookAHotelValidDataTest">
        <test-method signature="enterValidData(java.lang.String,java.lang.String,java.lang.String,java.lang.String,java.lang.String,java.lang.String,java.lang.String,java.lang.String)[pri:3, instance:testclassnew.BookAHotelValidDataTest@26b3fd41]" started-at="2025-01-23T22:54:24 GMT" name="enterValidData" data-provider="enterValidDetails" finished-at="2025-01-23T22:54:25 GMT" duration-ms="1641" status="PASS">
          <params>
            <param index="0">
              <value>
                <![CDATA[Natasha]]>
              </value>
            </param>
            <param index="1">
              <value>
                <![CDATA[Sharma]]>
              </value>
            </param>
            <param index="2">
              <value>
                <![CDATA[33,towers, mumbai]]>
              </value>
            </param>
            <param index="3">
              <value>
                <![CDATA[2345678934569870]]>
              </value>
            </param>
            <param index="4">
              <value>
                <![CDATA[VISA]]>
              </value>
            </param>
            <param index="5">
              <value>
                <![CDATA[August]]>
              </value>
            </param>
            <param index="6">
              <value>
                <![CDATA[2026]]>
              </value>
            </param>
            <param index="7">
              <value>
                <![CDATA[345]]>
              </value>
            </param>
          </params>
          <reporter-output>
          </reporter-output>
        </test-method> <!-- enterValidData -->
      </class> <!-- testclassnew.BookAHotelValidDataTest -->
      <class name="testclassnew.BookAHotelConfirmationTest">
        <test-method signature="validateBookAHotelConfimationPage()[pri:1, instance:testclassnew.BookAHotelConfirmationTest@7494f96a]" started-at="2025-01-23T22:54:25 GMT" name="validateBookAHotelConfimationPage" finished-at="2025-01-23T22:54:25 GMT" duration-ms="80" status="PASS">
          <reporter-output>
          </reporter-output>
        </test-method> <!-- validateBookAHotelConfimationPage -->
        <test-method signature="validateallFiledsandValues()[pri:2, instance:testclassnew.BookAHotelConfirmationTest@7494f96a]" started-at="2025-01-23T22:54:25 GMT" name="validateallFiledsandValues" finished-at="2025-01-23T22:54:31 GMT" duration-ms="5416" status="PASS">
          <reporter-output>
          </reporter-output>
        </test-method> <!-- validateallFiledsandValues -->
      </class> <!-- testclassnew.BookAHotelConfirmationTest -->
    </test> <!-- ValidEndtoEndFlow -->
  </suite> <!-- Suite -->
</testng-results>
